12.7615 	EXP 	Created window1 = Window(allowGUI=True, allowStencil=False, autoLog=True, backendConf=UNKNOWN, backgroundFit=<method-wrapper '__getattribute__' of attributeSetter object at 0x000001F55DD752B0>, backgroundImage=<method-wrapper '__getattribute__' of attributeSetter object at 0x000001F55DD75250>, bitsMode=UNKNOWN, blendMode='avg', bpc=(8, 8, 8), color=array([0, 0, 0]), colorSpace='rgb', depthBits=8, fullscr=<method-wrapper '__getattribute__' of attributeSetter object at 0x000001F55DD750A0>, gamma=None, gammaErrorPolicy='raise', lms=UNKNOWN, monitor=<psychopy.monitors.calibTools.Monitor object at 0x000001F55E0421C0>, multiSample=False, name='window1', numSamples=2, pos=(560, 340), screen=0, size=array([800, 600]), stencilBits=0, stereo=False, title='PsychoPy', units='norm', useFBO=True, useRetina=False, viewOri=0.0, viewPos=None, viewScale=None, waitBlanking=True, winType='pyglet')
12.7616 	EXP 	window1: mouseVisible = True
12.7617 	EXP 	window1: backgroundImage = ''
12.7617 	EXP 	window1: backgroundFit = 'none'
12.7643 	EXP 	window1: Attempting to measure frame rate of screen (0) ...
12.7644 	EXP 	window1: recordFrameIntervals = False
12.9259 	EXP 	window1: recordFrameIntervals = True
13.1612 	EXP 	Screen (0) actual frame rate measured at 59.49Hz
13.1613 	EXP 	window1: recordFrameIntervals = False
13.1636 	EXP 	window1: mouseVisible = True
13.2120 	WARNING 	launchHubServer: If using the iohub mouse or eyetracker devices, fullScr should be True.
16.1645 	EXP 	simon_task: status = STARTED
16.1649 	EXP 	window1: mouseVisible = True
16.2640 	EXP 	Created text_norm = TextStim(__class__=<class 'psychopy.visual.text.TextStim'>, alignHoriz=method-wrapper(...), alignText='center', alignVert=method-wrapper(...), anchorHoriz='center', anchorVert='center', antialias=True, autoDraw=False, autoLog=True, bold=False, color=array([1., 1., 1.]), colorSpace='rgb', contrast=1.0, depth=0.0, draggable=False, flipHoriz=False, flipVert=False, font='Arial', fontFiles=[], height=0.1, italic=False, languageStyle='LTR', name='text_norm', opacity=1.0, ori=0.0, pos=array([0., 0.]), rgb=UNKNOWN, text=str(...), units='norm', win=Window(...), wrapWidth=1.8)
16.2643 	EXP 	window1: mouseVisible = True
16.2716 	EXP 	Created fixation_cross = TextStim(__class__=<class 'psychopy.visual.text.TextStim'>, alignHoriz=method-wrapper(...), alignText='center', alignVert=method-wrapper(...), anchorHoriz='center', anchorVert='center', antialias=True, autoDraw=False, autoLog=True, bold=False, color=array([1., 1., 1.]), colorSpace='rgb', contrast=1.0, depth=0.0, draggable=False, flipHoriz=False, flipVert=False, font='Arial', fontFiles=[], height=0.5, italic=False, languageStyle='LTR', name='fixation_cross', opacity=1.0, ori=0, pos=array([0., 0.]), rgb=UNKNOWN, text='+', units='norm', win=Window(...), wrapWidth=1)
16.2718 	EXP 	window1: mouseVisible = True
16.2731 	EXP 	Created left_stim = TextStim(__class__=<class 'psychopy.visual.text.TextStim'>, alignHoriz=method-wrapper(...), alignText='center', alignVert=method-wrapper(...), anchorHoriz='center', anchorVert='center', antialias=True, autoDraw=False, autoLog=True, bold=False, color=array([1., 1., 1.]), colorSpace='rgb', contrast=1.0, depth=-1.0, draggable=False, flipHoriz=False, flipVert=False, font='Arial', fontFiles=[], height=0.5, italic=False, languageStyle='LTR', name='left_stim', opacity=1.0, ori=0, pos=array([-0.5,  0. ]), rgb=UNKNOWN, text='', units='norm', win=Window(...), wrapWidth=1)
16.2732 	EXP 	window1: mouseVisible = True
16.2743 	EXP 	Created right_stim = TextStim(__class__=<class 'psychopy.visual.text.TextStim'>, alignHoriz=method-wrapper(...), alignText='center', alignVert=method-wrapper(...), anchorHoriz='center', anchorVert='center', antialias=True, autoDraw=False, autoLog=True, bold=False, color=array([1., 1., 1.]), colorSpace='rgb', contrast=1.0, depth=-2.0, draggable=False, flipHoriz=False, flipVert=False, font='Arial', fontFiles=[], height=0.5, italic=False, languageStyle='LTR', name='right_stim', opacity=1.0, ori=0, pos=array([0.5, 0. ]), rgb=UNKNOWN, text='', units='norm', win=Window(...), wrapWidth=1)
16.2744 	EXP 	window1: mouseVisible = True
16.2769 	EXP 	Created ITI = TextStim(__class__=<class 'psychopy.visual.text.TextStim'>, alignHoriz=method-wrapper(...), alignText='center', alignVert=method-wrapper(...), anchorHoriz='center', anchorVert='center', antialias=True, autoDraw=False, autoLog=True, bold=False, color=array([1., 1., 1.]), colorSpace='rgb', contrast=1.0, depth=-3.0, draggable=False, flipHoriz=False, flipVert=False, font='Arial', fontFiles=[], height=0.5, italic=False, languageStyle='LTR', name='ITI', opacity=1.0, ori=0, pos=array([0., 0.]), rgb=UNKNOWN, text='+', units='norm', win=Window(...), wrapWidth=1)
16.2771 	EXP 	window1: mouseVisible = True
16.2786 	EXP 	Created left_image = Rect(__class__=<class 'psychopy.visual.rect.Rect'>, anchor=('center', 'center'), autoDraw=False, autoLog=True, closeShape=True, color=method-wrapper(...), colorSpace='rgb', contrast=None, depth=-5.0, draggable=False, fillColor=array([1, 1, 1]), fillColorSpace='rgb', fillRGB=array([1, 1, 1]), interpolate=True, lineColor=array([1., 1., 1.]), lineColorSpace='rgb', lineRGB=array([1, 1, 1]), lineWidth=1.0, name='left_image', opacity=1.0, ori=0.0, pos=array([-0.5,  0. ]), size=array([0.5, 0.5]), units='norm', vertices=ndarray(...), win=Window(...))
16.2790 	EXP 	window1: mouseVisible = True
16.2806 	EXP 	Created right_image = Rect(__class__=<class 'psychopy.visual.rect.Rect'>, anchor=('center', 'center'), autoDraw=False, autoLog=True, closeShape=True, color=method-wrapper(...), colorSpace='rgb', contrast=None, depth=-6.0, draggable=False, fillColor=array([1, 1, 1]), fillColorSpace='rgb', fillRGB=array([1, 1, 1]), interpolate=True, lineColor=array([1., 1., 1.]), lineColorSpace='rgb', lineRGB=array([1, 1, 1]), lineWidth=1.0, name='right_image', opacity=1.0, ori=0.0, pos=array([-0.5,  0. ]), size=array([0.5, 0.5]), units='norm', vertices=ndarray(...), win=Window(...))
16.2807 	EXP 	window1: mouseVisible = True
16.2964 	EXP 	Created text_norm_2 = TextStim(__class__=<class 'psychopy.visual.text.TextStim'>, alignHoriz=method-wrapper(...), alignText='center', alignVert=method-wrapper(...), anchorHoriz='center', anchorVert='center', antialias=True, autoDraw=False, autoLog=True, bold=False, color=array([1., 1., 1.]), colorSpace='rgb', contrast=1.0, depth=0.0, draggable=False, flipHoriz=False, flipVert=False, font='Arial', fontFiles=[], height=0.1, italic=False, languageStyle='LTR', name='text_norm_2', opacity=1.0, ori=0.0, pos=array([0., 0.]), rgb=UNKNOWN, text=str(...), units='norm', win=Window(...), wrapWidth=1.8)
16.2966 	EXP 	window1: mouseVisible = True
16.2991 	EXP 	Created fixation_cross = TextStim(__class__=<class 'psychopy.visual.text.TextStim'>, alignHoriz=method-wrapper(...), alignText='center', alignVert=method-wrapper(...), anchorHoriz='center', anchorVert='center', antialias=True, autoDraw=False, autoLog=True, bold=False, color=array([1., 1., 1.]), colorSpace='rgb', contrast=1.0, depth=0.0, draggable=False, flipHoriz=False, flipVert=False, font='Arial', fontFiles=[], height=0.5, italic=False, languageStyle='LTR', name='fixation_cross', opacity=1.0, ori=0, pos=array([0., 0.]), rgb=UNKNOWN, text='+', units='norm', win=Window(...), wrapWidth=1)
16.2994 	EXP 	window1: mouseVisible = True
16.3005 	EXP 	Created left_stim = TextStim(__class__=<class 'psychopy.visual.text.TextStim'>, alignHoriz=method-wrapper(...), alignText='center', alignVert=method-wrapper(...), anchorHoriz='center', anchorVert='center', antialias=True, autoDraw=False, autoLog=True, bold=False, color=array([1., 1., 1.]), colorSpace='rgb', contrast=1.0, depth=-1.0, draggable=False, flipHoriz=False, flipVert=False, font='Arial', fontFiles=[], height=0.5, italic=False, languageStyle='LTR', name='left_stim', opacity=1.0, ori=0, pos=array([-0.5,  0. ]), rgb=UNKNOWN, text='', units='norm', win=Window(...), wrapWidth=1)
16.3016 	EXP 	window1: mouseVisible = True
16.3029 	EXP 	Created right_stim = TextStim(__class__=<class 'psychopy.visual.text.TextStim'>, alignHoriz=method-wrapper(...), alignText='center', alignVert=method-wrapper(...), anchorHoriz='center', anchorVert='center', antialias=True, autoDraw=False, autoLog=True, bold=False, color=array([1., 1., 1.]), colorSpace='rgb', contrast=1.0, depth=-2.0, draggable=False, flipHoriz=False, flipVert=False, font='Arial', fontFiles=[], height=0.5, italic=False, languageStyle='LTR', name='right_stim', opacity=1.0, ori=0, pos=array([0.5, 0. ]), rgb=UNKNOWN, text='', units='norm', win=Window(...), wrapWidth=1)
16.3030 	EXP 	window1: mouseVisible = True
16.3054 	EXP 	Created ITI = TextStim(__class__=<class 'psychopy.visual.text.TextStim'>, alignHoriz=method-wrapper(...), alignText='center', alignVert=method-wrapper(...), anchorHoriz='center', anchorVert='center', antialias=True, autoDraw=False, autoLog=True, bold=False, color=array([1., 1., 1.]), colorSpace='rgb', contrast=1.0, depth=-3.0, draggable=False, flipHoriz=False, flipVert=False, font='Arial', fontFiles=[], height=0.5, italic=False, languageStyle='LTR', name='ITI', opacity=1.0, ori=0, pos=array([0., 0.]), rgb=UNKNOWN, text='+', units='norm', win=Window(...), wrapWidth=1)
16.3056 	EXP 	window1: mouseVisible = True
16.3071 	EXP 	Created left_image = Rect(__class__=<class 'psychopy.visual.rect.Rect'>, anchor=('center', 'center'), autoDraw=False, autoLog=True, closeShape=True, color=method-wrapper(...), colorSpace='rgb', contrast=None, depth=-5.0, draggable=False, fillColor=array([1, 1, 1]), fillColorSpace='rgb', fillRGB=array([1, 1, 1]), interpolate=True, lineColor=array([1., 1., 1.]), lineColorSpace='rgb', lineRGB=array([1, 1, 1]), lineWidth=1.0, name='left_image', opacity=1.0, ori=0.0, pos=array([-0.5,  0. ]), size=array([0.5, 0.5]), units='norm', vertices=ndarray(...), win=Window(...))
16.3072 	EXP 	window1: mouseVisible = True
16.3087 	EXP 	Created right_image = Rect(__class__=<class 'psychopy.visual.rect.Rect'>, anchor=('center', 'center'), autoDraw=False, autoLog=True, closeShape=True, color=method-wrapper(...), colorSpace='rgb', contrast=None, depth=-6.0, draggable=False, fillColor=array([1, 1, 1]), fillColorSpace='rgb', fillRGB=array([1, 1, 1]), interpolate=True, lineColor=array([1., 1., 1.]), lineColorSpace='rgb', lineRGB=array([1, 1, 1]), lineWidth=1.0, name='right_image', opacity=1.0, ori=0.0, pos=array([-0.5,  0. ]), size=array([0.5, 0.5]), units='norm', vertices=ndarray(...), win=Window(...))
0.0156 	EXP 	text_norm: alignText = 'left'
0.0156 	EXP 	text_norm: alignText = 'left'
0.0985 	EXP 	text_norm: autoDraw = True
0.0985 	EXP 	text_norm: height = 0.1
0.0985 	EXP 	text_norm: height = 0.1
0.0985 	EXP 	text_norm: height = 0.1
0.0985 	EXP 	text_norm: text = "Basic Simon Task\n\nOnscren you will seee either a 'O' or an 'X' as a target. Your task is to identify the target.\n\nIf you see an 'O' press 'z' on the keyboard\nIf you see an 'X' press 'm' on the keyboard\n\nThe first 10 trials that follow this screen are practice trials.\n\nPress the spacebar to continue"
1.5904 	EXP 	Imported simon_prac_order.csv as conditions, 2 conditions, 2 params
1.5909 	EXP 	Created sequence: sequential, trialTypes=2, nReps=5, seed=None
1.5911 	EXP 	New trial (rep=0, index=0): OrderedDict([('condition', 'congruent'), ('stim', 'X')])
1.6068 	DATA 	Keypress: space
1.6148 	EXP 	text_norm: autoDraw = False
1.6148 	EXP 	left_stim: foreColor = <psychopy.colors.Color: none, alpha=0.0>
1.6148 	EXP 	left_stim: text = ''
1.6148 	EXP 	right_stim: foreColor = <psychopy.colors.Color: red, alpha=1.0>
1.6148 	EXP 	right_stim: height = 0.5
1.6148 	EXP 	right_stim: height = 0.5
1.6148 	EXP 	right_stim: height = 0.5
1.6148 	EXP 	right_stim: text = 'X'
1.6148 	EXP 	left_image: fillColor = <psychopy.colors.Color: none, alpha=0.0>
1.6148 	EXP 	left_image: borderColor = <psychopy.colors.Color: none, alpha=0.0>
1.6148 	EXP 	right_image: fillColor = <psychopy.colors.Color: red, alpha=1.0>
1.6148 	EXP 	right_image: borderColor = <psychopy.colors.Color: red, alpha=1.0>
1.6148 	EXP 	fixation_cross: autoDraw = True
1.6148 	EXP 	left_stim: autoDraw = True
1.6148 	EXP 	right_stim: autoDraw = True
1.6148 	EXP 	left_image: autoDraw = True
1.6148 	EXP 	right_image: autoDraw = True
1.6148 	EXP 	left_stim: height = 0.5
1.6148 	EXP 	left_stim: height = 0.5
1.6148 	EXP 	left_stim: height = 0.5
1.6148 	EXP 	left_stim: text = ''
3.1002 	EXP 	ITI: autoDraw = True
3.1167 	EXP 	fixation_cross: autoDraw = False
3.1167 	EXP 	left_stim: autoDraw = False
3.1167 	EXP 	right_stim: autoDraw = False
3.1167 	EXP 	left_image: autoDraw = False
3.1167 	EXP 	right_image: autoDraw = False
4.0857 	EXP 	New trial (rep=0, index=1): OrderedDict([('condition', 'congruent'), ('stim', 'O')])
4.0996 	EXP 	ITI: autoDraw = False
4.0996 	EXP 	fixation_cross: autoDraw = False
4.0996 	EXP 	left_stim: autoDraw = False
4.0996 	EXP 	right_stim: autoDraw = False
4.0996 	EXP 	ITI: autoDraw = False
4.0996 	EXP 	left_image: autoDraw = False
4.0996 	EXP 	right_image: autoDraw = False
4.0996 	EXP 	left_stim: foreColor = <psychopy.colors.Color: blue, alpha=1.0>
4.0996 	EXP 	left_stim: height = 0.5
4.0996 	EXP 	left_stim: height = 0.5
4.0996 	EXP 	left_stim: height = 0.5
4.0996 	EXP 	left_stim: text = 'O'
4.0996 	EXP 	right_stim: foreColor = <psychopy.colors.Color: none, alpha=0.0>
4.0996 	EXP 	right_stim: height = 0.5
4.0996 	EXP 	right_stim: height = 0.5
4.0996 	EXP 	right_stim: height = 0.5
4.0996 	EXP 	right_stim: text = ''
4.0996 	EXP 	left_image: fillColor = <psychopy.colors.Color: blue, alpha=1.0>
4.0996 	EXP 	left_image: borderColor = <psychopy.colors.Color: blue, alpha=1.0>
4.0996 	EXP 	right_image: fillColor = <psychopy.colors.Color: none, alpha=0.0>
4.0996 	EXP 	right_image: borderColor = <psychopy.colors.Color: none, alpha=0.0>
4.0996 	EXP 	fixation_cross: autoDraw = True
4.0996 	EXP 	left_stim: autoDraw = True
4.0996 	EXP 	right_stim: autoDraw = True
4.0996 	EXP 	left_image: autoDraw = True
4.0996 	EXP 	right_image: autoDraw = True
5.5995 	EXP 	fixation_cross: autoDraw = False
5.5995 	EXP 	left_stim: autoDraw = False
5.5995 	EXP 	right_stim: autoDraw = False
5.5995 	EXP 	ITI: autoDraw = True
5.5995 	EXP 	left_image: autoDraw = False
5.5995 	EXP 	right_image: autoDraw = False
6.5869 	EXP 	New trial (rep=1, index=0): OrderedDict([('condition', 'congruent'), ('stim', 'X')])
6.6155 	EXP 	ITI: autoDraw = False
6.6155 	EXP 	fixation_cross: autoDraw = False
6.6155 	EXP 	left_stim: autoDraw = False
6.6155 	EXP 	right_stim: autoDraw = False
6.6155 	EXP 	ITI: autoDraw = False
6.6155 	EXP 	left_image: autoDraw = False
6.6155 	EXP 	right_image: autoDraw = False
6.6155 	EXP 	left_stim: foreColor = <psychopy.colors.Color: none, alpha=0.0>
6.6155 	EXP 	left_stim: height = 0.5
6.6155 	EXP 	left_stim: height = 0.5
6.6155 	EXP 	left_stim: height = 0.5
6.6155 	EXP 	left_stim: text = ''
6.6155 	EXP 	right_stim: foreColor = <psychopy.colors.Color: red, alpha=1.0>
6.6155 	EXP 	right_stim: height = 0.5
6.6155 	EXP 	right_stim: height = 0.5
6.6155 	EXP 	right_stim: height = 0.5
6.6155 	EXP 	right_stim: text = 'X'
6.6155 	EXP 	left_image: fillColor = <psychopy.colors.Color: none, alpha=0.0>
6.6155 	EXP 	left_image: borderColor = <psychopy.colors.Color: none, alpha=0.0>
6.6155 	EXP 	right_image: fillColor = <psychopy.colors.Color: red, alpha=1.0>
6.6155 	EXP 	right_image: borderColor = <psychopy.colors.Color: red, alpha=1.0>
6.6155 	EXP 	fixation_cross: autoDraw = True
6.6155 	EXP 	left_stim: autoDraw = True
6.6155 	EXP 	right_stim: autoDraw = True
6.6155 	EXP 	left_image: autoDraw = True
6.6155 	EXP 	right_image: autoDraw = True
8.0994 	EXP 	ITI: autoDraw = True
8.1161 	EXP 	fixation_cross: autoDraw = False
8.1161 	EXP 	left_stim: autoDraw = False
8.1161 	EXP 	right_stim: autoDraw = False
8.1161 	EXP 	left_image: autoDraw = False
8.1161 	EXP 	right_image: autoDraw = False
9.0843 	EXP 	New trial (rep=1, index=1): OrderedDict([('condition', 'congruent'), ('stim', 'O')])
9.0997 	EXP 	ITI: autoDraw = False
9.0997 	EXP 	fixation_cross: autoDraw = False
9.0997 	EXP 	left_stim: autoDraw = False
9.0997 	EXP 	right_stim: autoDraw = False
9.0997 	EXP 	ITI: autoDraw = False
9.0997 	EXP 	left_image: autoDraw = False
9.0997 	EXP 	right_image: autoDraw = False
9.0997 	EXP 	left_stim: foreColor = <psychopy.colors.Color: blue, alpha=1.0>
9.0997 	EXP 	left_stim: height = 0.5
9.0997 	EXP 	left_stim: height = 0.5
9.0997 	EXP 	left_stim: height = 0.5
9.0997 	EXP 	left_stim: text = 'O'
9.0997 	EXP 	right_stim: foreColor = <psychopy.colors.Color: none, alpha=0.0>
9.0997 	EXP 	right_stim: height = 0.5
9.0997 	EXP 	right_stim: height = 0.5
9.0997 	EXP 	right_stim: height = 0.5
9.0997 	EXP 	right_stim: text = ''
9.0997 	EXP 	left_image: fillColor = <psychopy.colors.Color: blue, alpha=1.0>
9.0997 	EXP 	left_image: borderColor = <psychopy.colors.Color: blue, alpha=1.0>
9.0997 	EXP 	right_image: fillColor = <psychopy.colors.Color: none, alpha=0.0>
9.0997 	EXP 	right_image: borderColor = <psychopy.colors.Color: none, alpha=0.0>
9.0997 	EXP 	fixation_cross: autoDraw = True
9.0997 	EXP 	left_stim: autoDraw = True
9.0997 	EXP 	right_stim: autoDraw = True
9.0997 	EXP 	left_image: autoDraw = True
9.0997 	EXP 	right_image: autoDraw = True
10.5997 	EXP 	fixation_cross: autoDraw = False
10.5997 	EXP 	left_stim: autoDraw = False
10.5997 	EXP 	right_stim: autoDraw = False
10.5997 	EXP 	ITI: autoDraw = True
10.5997 	EXP 	left_image: autoDraw = False
10.5997 	EXP 	right_image: autoDraw = False
11.5850 	EXP 	New trial (rep=2, index=0): OrderedDict([('condition', 'congruent'), ('stim', 'X')])
11.5995 	EXP 	ITI: autoDraw = False
11.5995 	EXP 	fixation_cross: autoDraw = False
11.5995 	EXP 	left_stim: autoDraw = False
11.5995 	EXP 	right_stim: autoDraw = False
11.5995 	EXP 	ITI: autoDraw = False
11.5995 	EXP 	left_image: autoDraw = False
11.5995 	EXP 	right_image: autoDraw = False
11.5995 	EXP 	left_stim: foreColor = <psychopy.colors.Color: none, alpha=0.0>
11.5995 	EXP 	left_stim: height = 0.5
11.5995 	EXP 	left_stim: height = 0.5
11.5995 	EXP 	left_stim: height = 0.5
11.5995 	EXP 	left_stim: text = ''
11.5995 	EXP 	right_stim: foreColor = <psychopy.colors.Color: red, alpha=1.0>
11.5995 	EXP 	right_stim: height = 0.5
11.5995 	EXP 	right_stim: height = 0.5
11.5995 	EXP 	right_stim: height = 0.5
11.5995 	EXP 	right_stim: text = 'X'
11.5995 	EXP 	left_image: fillColor = <psychopy.colors.Color: none, alpha=0.0>
11.5995 	EXP 	left_image: borderColor = <psychopy.colors.Color: none, alpha=0.0>
11.5995 	EXP 	right_image: fillColor = <psychopy.colors.Color: red, alpha=1.0>
11.5995 	EXP 	right_image: borderColor = <psychopy.colors.Color: red, alpha=1.0>
11.5995 	EXP 	fixation_cross: autoDraw = True
11.5995 	EXP 	left_stim: autoDraw = True
11.5995 	EXP 	right_stim: autoDraw = True
11.5995 	EXP 	left_image: autoDraw = True
11.5995 	EXP 	right_image: autoDraw = True
13.0997 	EXP 	fixation_cross: autoDraw = False
13.0997 	EXP 	left_stim: autoDraw = False
13.0997 	EXP 	right_stim: autoDraw = False
13.0997 	EXP 	ITI: autoDraw = True
13.0997 	EXP 	left_image: autoDraw = False
13.0997 	EXP 	right_image: autoDraw = False
14.0845 	EXP 	New trial (rep=2, index=1): OrderedDict([('condition', 'congruent'), ('stim', 'O')])
14.0994 	EXP 	ITI: autoDraw = False
14.0994 	EXP 	fixation_cross: autoDraw = False
14.0994 	EXP 	left_stim: autoDraw = False
14.0994 	EXP 	right_stim: autoDraw = False
14.0994 	EXP 	ITI: autoDraw = False
14.0994 	EXP 	left_image: autoDraw = False
14.0994 	EXP 	right_image: autoDraw = False
14.0994 	EXP 	left_stim: foreColor = <psychopy.colors.Color: blue, alpha=1.0>
14.0994 	EXP 	left_stim: height = 0.5
14.0994 	EXP 	left_stim: height = 0.5
14.0994 	EXP 	left_stim: height = 0.5
14.0994 	EXP 	left_stim: text = 'O'
14.0994 	EXP 	right_stim: foreColor = <psychopy.colors.Color: none, alpha=0.0>
14.0994 	EXP 	right_stim: height = 0.5
14.0994 	EXP 	right_stim: height = 0.5
14.0994 	EXP 	right_stim: height = 0.5
14.0994 	EXP 	right_stim: text = ''
14.0994 	EXP 	left_image: fillColor = <psychopy.colors.Color: blue, alpha=1.0>
14.0994 	EXP 	left_image: borderColor = <psychopy.colors.Color: blue, alpha=1.0>
14.0994 	EXP 	right_image: fillColor = <psychopy.colors.Color: none, alpha=0.0>
14.0994 	EXP 	right_image: borderColor = <psychopy.colors.Color: none, alpha=0.0>
14.0994 	EXP 	fixation_cross: autoDraw = True
14.0994 	EXP 	left_stim: autoDraw = True
14.0994 	EXP 	right_stim: autoDraw = True
14.0994 	EXP 	left_image: autoDraw = True
14.0994 	EXP 	right_image: autoDraw = True
15.5999 	EXP 	fixation_cross: autoDraw = False
15.5999 	EXP 	left_stim: autoDraw = False
15.5999 	EXP 	right_stim: autoDraw = False
15.5999 	EXP 	ITI: autoDraw = True
15.5999 	EXP 	left_image: autoDraw = False
15.5999 	EXP 	right_image: autoDraw = False
16.5845 	EXP 	New trial (rep=3, index=0): OrderedDict([('condition', 'congruent'), ('stim', 'X')])
16.5990 	EXP 	ITI: autoDraw = False
16.5990 	EXP 	fixation_cross: autoDraw = False
16.5990 	EXP 	left_stim: autoDraw = False
16.5990 	EXP 	right_stim: autoDraw = False
16.5990 	EXP 	ITI: autoDraw = False
16.5990 	EXP 	left_image: autoDraw = False
16.5990 	EXP 	right_image: autoDraw = False
16.5990 	EXP 	left_stim: foreColor = <psychopy.colors.Color: none, alpha=0.0>
16.5990 	EXP 	left_stim: height = 0.5
16.5990 	EXP 	left_stim: height = 0.5
16.5990 	EXP 	left_stim: height = 0.5
16.5990 	EXP 	left_stim: text = ''
16.5990 	EXP 	right_stim: foreColor = <psychopy.colors.Color: red, alpha=1.0>
16.5990 	EXP 	right_stim: height = 0.5
16.5990 	EXP 	right_stim: height = 0.5
16.5990 	EXP 	right_stim: height = 0.5
16.5990 	EXP 	right_stim: text = 'X'
16.5990 	EXP 	left_image: fillColor = <psychopy.colors.Color: none, alpha=0.0>
16.5990 	EXP 	left_image: borderColor = <psychopy.colors.Color: none, alpha=0.0>
16.5990 	EXP 	right_image: fillColor = <psychopy.colors.Color: red, alpha=1.0>
16.5990 	EXP 	right_image: borderColor = <psychopy.colors.Color: red, alpha=1.0>
16.5990 	EXP 	fixation_cross: autoDraw = True
16.5990 	EXP 	left_stim: autoDraw = True
16.5990 	EXP 	right_stim: autoDraw = True
16.5990 	EXP 	left_image: autoDraw = True
16.5990 	EXP 	right_image: autoDraw = True
18.0993 	EXP 	fixation_cross: autoDraw = False
18.0993 	EXP 	left_stim: autoDraw = False
18.0993 	EXP 	right_stim: autoDraw = False
18.0993 	EXP 	ITI: autoDraw = True
18.0993 	EXP 	left_image: autoDraw = False
18.0993 	EXP 	right_image: autoDraw = False
19.0853 	EXP 	New trial (rep=3, index=1): OrderedDict([('condition', 'congruent'), ('stim', 'O')])
19.1152 	EXP 	ITI: autoDraw = False
19.1152 	EXP 	fixation_cross: autoDraw = False
19.1152 	EXP 	left_stim: autoDraw = False
19.1152 	EXP 	right_stim: autoDraw = False
19.1152 	EXP 	ITI: autoDraw = False
19.1152 	EXP 	left_image: autoDraw = False
19.1152 	EXP 	right_image: autoDraw = False
19.1152 	EXP 	left_stim: foreColor = <psychopy.colors.Color: blue, alpha=1.0>
19.1152 	EXP 	left_stim: height = 0.5
19.1152 	EXP 	left_stim: height = 0.5
19.1152 	EXP 	left_stim: height = 0.5
19.1152 	EXP 	left_stim: text = 'O'
19.1152 	EXP 	right_stim: foreColor = <psychopy.colors.Color: none, alpha=0.0>
19.1152 	EXP 	right_stim: height = 0.5
19.1152 	EXP 	right_stim: height = 0.5
19.1152 	EXP 	right_stim: height = 0.5
19.1152 	EXP 	right_stim: text = ''
19.1152 	EXP 	left_image: fillColor = <psychopy.colors.Color: blue, alpha=1.0>
19.1152 	EXP 	left_image: borderColor = <psychopy.colors.Color: blue, alpha=1.0>
19.1152 	EXP 	right_image: fillColor = <psychopy.colors.Color: none, alpha=0.0>
19.1152 	EXP 	right_image: borderColor = <psychopy.colors.Color: none, alpha=0.0>
19.1152 	EXP 	fixation_cross: autoDraw = True
19.1152 	EXP 	left_stim: autoDraw = True
19.1152 	EXP 	right_stim: autoDraw = True
19.1152 	EXP 	left_image: autoDraw = True
19.1152 	EXP 	right_image: autoDraw = True
20.5993 	EXP 	ITI: autoDraw = True
20.6161 	EXP 	fixation_cross: autoDraw = False
20.6161 	EXP 	left_stim: autoDraw = False
20.6161 	EXP 	right_stim: autoDraw = False
20.6161 	EXP 	left_image: autoDraw = False
20.6161 	EXP 	right_image: autoDraw = False
21.5843 	EXP 	New trial (rep=4, index=0): OrderedDict([('condition', 'congruent'), ('stim', 'X')])
21.5992 	EXP 	ITI: autoDraw = False
21.5992 	EXP 	fixation_cross: autoDraw = False
21.5992 	EXP 	left_stim: autoDraw = False
21.5992 	EXP 	right_stim: autoDraw = False
21.5992 	EXP 	ITI: autoDraw = False
21.5992 	EXP 	left_image: autoDraw = False
21.5992 	EXP 	right_image: autoDraw = False
21.5992 	EXP 	left_stim: foreColor = <psychopy.colors.Color: none, alpha=0.0>
21.5992 	EXP 	left_stim: height = 0.5
21.5992 	EXP 	left_stim: height = 0.5
21.5992 	EXP 	left_stim: height = 0.5
21.5992 	EXP 	left_stim: text = ''
21.5992 	EXP 	right_stim: foreColor = <psychopy.colors.Color: red, alpha=1.0>
21.5992 	EXP 	right_stim: height = 0.5
21.5992 	EXP 	right_stim: height = 0.5
21.5992 	EXP 	right_stim: height = 0.5
21.5992 	EXP 	right_stim: text = 'X'
21.5992 	EXP 	left_image: fillColor = <psychopy.colors.Color: none, alpha=0.0>
21.5992 	EXP 	left_image: borderColor = <psychopy.colors.Color: none, alpha=0.0>
21.5992 	EXP 	right_image: fillColor = <psychopy.colors.Color: red, alpha=1.0>
21.5992 	EXP 	right_image: borderColor = <psychopy.colors.Color: red, alpha=1.0>
21.5992 	EXP 	fixation_cross: autoDraw = True
21.5992 	EXP 	left_stim: autoDraw = True
21.5992 	EXP 	right_stim: autoDraw = True
21.5992 	EXP 	left_image: autoDraw = True
21.5992 	EXP 	right_image: autoDraw = True
23.0990 	EXP 	fixation_cross: autoDraw = False
23.0990 	EXP 	left_stim: autoDraw = False
23.0990 	EXP 	right_stim: autoDraw = False
23.0990 	EXP 	ITI: autoDraw = True
23.0990 	EXP 	left_image: autoDraw = False
23.0990 	EXP 	right_image: autoDraw = False
24.0824 	EXP 	New trial (rep=4, index=1): OrderedDict([('condition', 'congruent'), ('stim', 'O')])
24.0988 	EXP 	ITI: autoDraw = False
24.0988 	EXP 	fixation_cross: autoDraw = False
24.0988 	EXP 	left_stim: autoDraw = False
24.0988 	EXP 	right_stim: autoDraw = False
24.0988 	EXP 	ITI: autoDraw = False
24.0988 	EXP 	left_image: autoDraw = False
24.0988 	EXP 	right_image: autoDraw = False
24.0988 	EXP 	left_stim: foreColor = <psychopy.colors.Color: blue, alpha=1.0>
24.0988 	EXP 	left_stim: height = 0.5
24.0988 	EXP 	left_stim: height = 0.5
24.0988 	EXP 	left_stim: height = 0.5
24.0988 	EXP 	left_stim: text = 'O'
24.0988 	EXP 	right_stim: foreColor = <psychopy.colors.Color: none, alpha=0.0>
24.0988 	EXP 	right_stim: height = 0.5
24.0988 	EXP 	right_stim: height = 0.5
24.0988 	EXP 	right_stim: height = 0.5
24.0988 	EXP 	right_stim: text = ''
24.0988 	EXP 	left_image: fillColor = <psychopy.colors.Color: blue, alpha=1.0>
24.0988 	EXP 	left_image: borderColor = <psychopy.colors.Color: blue, alpha=1.0>
24.0988 	EXP 	right_image: fillColor = <psychopy.colors.Color: none, alpha=0.0>
24.0988 	EXP 	right_image: borderColor = <psychopy.colors.Color: none, alpha=0.0>
24.0988 	EXP 	fixation_cross: autoDraw = True
24.0988 	EXP 	left_stim: autoDraw = True
24.0988 	EXP 	right_stim: autoDraw = True
24.0988 	EXP 	left_image: autoDraw = True
24.0988 	EXP 	right_image: autoDraw = True
25.5824 	EXP 	ITI: autoDraw = True
25.5989 	EXP 	fixation_cross: autoDraw = False
25.5989 	EXP 	left_stim: autoDraw = False
25.5989 	EXP 	right_stim: autoDraw = False
25.5989 	EXP 	left_image: autoDraw = False
25.5989 	EXP 	right_image: autoDraw = False
26.5824 	EXP 	ITI: autoDraw = False
26.5824 	EXP 	fixation_cross: autoDraw = False
26.5824 	EXP 	left_stim: autoDraw = False
26.5824 	EXP 	right_stim: autoDraw = False
26.5824 	EXP 	ITI: autoDraw = False
26.5824 	EXP 	left_image: autoDraw = False
26.5824 	EXP 	right_image: autoDraw = False
26.5824 	EXP 	text_norm_2: autoDraw = True
27.4565 	EXP 	Imported simon_task_order.csv as conditions, 4 conditions, 2 params
27.4568 	EXP 	Created sequence: sequential, trialTypes=4, nReps=2, seed=None
27.4570 	EXP 	New trial (rep=0, index=0): OrderedDict([('condition', 'incongruent'), ('stim', 'X')])
27.4661 	DATA 	Keypress: space
27.4829 	EXP 	text_norm_2: autoDraw = False
27.4829 	EXP 	left_stim: foreColor = <psychopy.colors.Color: red, alpha=1.0>
27.4829 	EXP 	left_stim: height = 0.5
27.4829 	EXP 	left_stim: height = 0.5
27.4829 	EXP 	left_stim: height = 0.5
27.4829 	EXP 	left_stim: text = 'X'
27.4829 	EXP 	right_stim: foreColor = <psychopy.colors.Color: none, alpha=0.0>
27.4829 	EXP 	right_stim: text = ''
27.4829 	EXP 	left_image: fillColor = <psychopy.colors.Color: red, alpha=1.0>
27.4829 	EXP 	left_image: borderColor = <psychopy.colors.Color: red, alpha=1.0>
27.4829 	EXP 	right_image: fillColor = <psychopy.colors.Color: none, alpha=0.0>
27.4829 	EXP 	right_image: borderColor = <psychopy.colors.Color: none, alpha=0.0>
27.4829 	EXP 	fixation_cross: autoDraw = True
27.4829 	EXP 	left_stim: autoDraw = True
27.4829 	EXP 	right_stim: autoDraw = True
27.4829 	EXP 	left_image: autoDraw = True
27.4829 	EXP 	right_image: autoDraw = True
28.9654 	EXP 	ITI: autoDraw = True
28.9809 	EXP 	fixation_cross: autoDraw = False
28.9809 	EXP 	left_stim: autoDraw = False
28.9809 	EXP 	right_stim: autoDraw = False
28.9809 	EXP 	left_image: autoDraw = False
28.9809 	EXP 	right_image: autoDraw = False
29.9505 	EXP 	New trial (rep=0, index=1): OrderedDict([('condition', 'congruent'), ('stim', 'X')])
29.9655 	EXP 	ITI: autoDraw = False
29.9655 	EXP 	fixation_cross: autoDraw = False
29.9655 	EXP 	left_stim: autoDraw = False
29.9655 	EXP 	right_stim: autoDraw = False
29.9655 	EXP 	ITI: autoDraw = False
29.9655 	EXP 	left_image: autoDraw = False
29.9655 	EXP 	right_image: autoDraw = False
29.9655 	EXP 	left_stim: foreColor = <psychopy.colors.Color: none, alpha=0.0>
29.9655 	EXP 	left_stim: height = 0.5
29.9655 	EXP 	left_stim: height = 0.5
29.9655 	EXP 	left_stim: height = 0.5
29.9655 	EXP 	left_stim: text = ''
29.9655 	EXP 	right_stim: foreColor = <psychopy.colors.Color: red, alpha=1.0>
29.9655 	EXP 	right_stim: height = 0.5
29.9655 	EXP 	right_stim: height = 0.5
29.9655 	EXP 	right_stim: height = 0.5
29.9655 	EXP 	right_stim: text = 'X'
29.9655 	EXP 	left_image: fillColor = <psychopy.colors.Color: none, alpha=0.0>
29.9655 	EXP 	left_image: borderColor = <psychopy.colors.Color: none, alpha=0.0>
29.9655 	EXP 	right_image: fillColor = <psychopy.colors.Color: red, alpha=1.0>
29.9655 	EXP 	right_image: borderColor = <psychopy.colors.Color: red, alpha=1.0>
29.9655 	EXP 	fixation_cross: autoDraw = True
29.9655 	EXP 	left_stim: autoDraw = True
29.9655 	EXP 	right_stim: autoDraw = True
29.9655 	EXP 	left_image: autoDraw = True
29.9655 	EXP 	right_image: autoDraw = True
31.4657 	EXP 	fixation_cross: autoDraw = False
31.4657 	EXP 	left_stim: autoDraw = False
31.4657 	EXP 	right_stim: autoDraw = False
31.4657 	EXP 	ITI: autoDraw = True
31.4657 	EXP 	left_image: autoDraw = False
31.4657 	EXP 	right_image: autoDraw = False
32.4508 	EXP 	New trial (rep=0, index=2): OrderedDict([('condition', 'incongruent'), ('stim', 'O')])
32.4650 	EXP 	ITI: autoDraw = False
32.4650 	EXP 	fixation_cross: autoDraw = False
32.4650 	EXP 	left_stim: autoDraw = False
32.4650 	EXP 	right_stim: autoDraw = False
32.4650 	EXP 	ITI: autoDraw = False
32.4650 	EXP 	left_image: autoDraw = False
32.4650 	EXP 	right_image: autoDraw = False
32.4650 	EXP 	left_stim: foreColor = <psychopy.colors.Color: none, alpha=0.0>
32.4650 	EXP 	left_stim: text = ''
32.4650 	EXP 	right_stim: foreColor = <psychopy.colors.Color: blue, alpha=1.0>
32.4650 	EXP 	right_stim: height = 0.5
32.4650 	EXP 	right_stim: height = 0.5
32.4650 	EXP 	right_stim: height = 0.5
32.4650 	EXP 	right_stim: text = 'O'
32.4650 	EXP 	left_image: fillColor = <psychopy.colors.Color: none, alpha=0.0>
32.4650 	EXP 	left_image: borderColor = <psychopy.colors.Color: none, alpha=0.0>
32.4650 	EXP 	right_image: fillColor = <psychopy.colors.Color: blue, alpha=1.0>
32.4650 	EXP 	right_image: borderColor = <psychopy.colors.Color: blue, alpha=1.0>
32.4650 	EXP 	fixation_cross: autoDraw = True
32.4650 	EXP 	left_stim: autoDraw = True
32.4650 	EXP 	right_stim: autoDraw = True
32.4650 	EXP 	left_image: autoDraw = True
32.4650 	EXP 	right_image: autoDraw = True
33.9487 	EXP 	ITI: autoDraw = True
33.9651 	EXP 	fixation_cross: autoDraw = False
33.9651 	EXP 	left_stim: autoDraw = False
33.9651 	EXP 	right_stim: autoDraw = False
33.9651 	EXP 	left_image: autoDraw = False
33.9651 	EXP 	right_image: autoDraw = False
34.9339 	EXP 	New trial (rep=0, index=3): OrderedDict([('condition', 'congruent'), ('stim', 'O')])
34.9487 	EXP 	ITI: autoDraw = False
34.9487 	EXP 	fixation_cross: autoDraw = False
34.9487 	EXP 	left_stim: autoDraw = False
34.9487 	EXP 	right_stim: autoDraw = False
34.9487 	EXP 	ITI: autoDraw = False
34.9487 	EXP 	left_image: autoDraw = False
34.9487 	EXP 	right_image: autoDraw = False
34.9487 	EXP 	left_stim: foreColor = <psychopy.colors.Color: blue, alpha=1.0>
34.9487 	EXP 	left_stim: height = 0.5
34.9487 	EXP 	left_stim: height = 0.5
34.9487 	EXP 	left_stim: height = 0.5
34.9487 	EXP 	left_stim: text = 'O'
34.9487 	EXP 	right_stim: foreColor = <psychopy.colors.Color: none, alpha=0.0>
34.9487 	EXP 	right_stim: height = 0.5
34.9487 	EXP 	right_stim: height = 0.5
34.9487 	EXP 	right_stim: height = 0.5
34.9487 	EXP 	right_stim: text = ''
34.9487 	EXP 	left_image: fillColor = <psychopy.colors.Color: blue, alpha=1.0>
34.9487 	EXP 	left_image: borderColor = <psychopy.colors.Color: blue, alpha=1.0>
34.9487 	EXP 	right_image: fillColor = <psychopy.colors.Color: none, alpha=0.0>
34.9487 	EXP 	right_image: borderColor = <psychopy.colors.Color: none, alpha=0.0>
34.9487 	EXP 	fixation_cross: autoDraw = True
34.9487 	EXP 	left_stim: autoDraw = True
34.9487 	EXP 	right_stim: autoDraw = True
34.9487 	EXP 	left_image: autoDraw = True
34.9487 	EXP 	right_image: autoDraw = True
36.4489 	EXP 	fixation_cross: autoDraw = False
36.4489 	EXP 	left_stim: autoDraw = False
36.4489 	EXP 	right_stim: autoDraw = False
36.4489 	EXP 	ITI: autoDraw = True
36.4489 	EXP 	left_image: autoDraw = False
36.4489 	EXP 	right_image: autoDraw = False
37.4362 	EXP 	New trial (rep=1, index=0): OrderedDict([('condition', 'incongruent'), ('stim', 'X')])
37.4636 	EXP 	ITI: autoDraw = False
37.4636 	EXP 	fixation_cross: autoDraw = False
37.4636 	EXP 	left_stim: autoDraw = False
37.4636 	EXP 	right_stim: autoDraw = False
37.4636 	EXP 	ITI: autoDraw = False
37.4636 	EXP 	left_image: autoDraw = False
37.4636 	EXP 	right_image: autoDraw = False
37.4636 	EXP 	left_stim: foreColor = <psychopy.colors.Color: red, alpha=1.0>
37.4636 	EXP 	left_stim: height = 0.5
37.4636 	EXP 	left_stim: height = 0.5
37.4636 	EXP 	left_stim: height = 0.5
37.4636 	EXP 	left_stim: text = 'X'
37.4636 	EXP 	right_stim: foreColor = <psychopy.colors.Color: none, alpha=0.0>
37.4636 	EXP 	right_stim: text = ''
37.4636 	EXP 	left_image: fillColor = <psychopy.colors.Color: red, alpha=1.0>
37.4636 	EXP 	left_image: borderColor = <psychopy.colors.Color: red, alpha=1.0>
37.4636 	EXP 	right_image: fillColor = <psychopy.colors.Color: none, alpha=0.0>
37.4636 	EXP 	right_image: borderColor = <psychopy.colors.Color: none, alpha=0.0>
37.4636 	EXP 	fixation_cross: autoDraw = True
37.4636 	EXP 	left_stim: autoDraw = True
37.4636 	EXP 	right_stim: autoDraw = True
37.4636 	EXP 	left_image: autoDraw = True
37.4636 	EXP 	right_image: autoDraw = True
38.9514 	EXP 	ITI: autoDraw = True
38.9660 	EXP 	fixation_cross: autoDraw = False
38.9660 	EXP 	left_stim: autoDraw = False
38.9660 	EXP 	right_stim: autoDraw = False
38.9660 	EXP 	left_image: autoDraw = False
38.9660 	EXP 	right_image: autoDraw = False
39.9502 	EXP 	New trial (rep=1, index=1): OrderedDict([('condition', 'congruent'), ('stim', 'X')])
39.9650 	EXP 	fixation_cross: autoDraw = False
39.9650 	EXP 	left_stim: autoDraw = False
39.9650 	EXP 	right_stim: autoDraw = False
39.9650 	EXP 	ITI: autoDraw = False
39.9650 	EXP 	left_image: autoDraw = False
39.9650 	EXP 	right_image: autoDraw = False
39.9650 	EXP 	left_stim: foreColor = <psychopy.colors.Color: none, alpha=0.0>
39.9650 	EXP 	left_stim: height = 0.5
39.9650 	EXP 	left_stim: height = 0.5
39.9650 	EXP 	left_stim: height = 0.5
39.9650 	EXP 	left_stim: text = ''
39.9650 	EXP 	right_stim: foreColor = <psychopy.colors.Color: red, alpha=1.0>
39.9650 	EXP 	right_stim: height = 0.5
39.9650 	EXP 	right_stim: height = 0.5
39.9650 	EXP 	right_stim: height = 0.5
39.9650 	EXP 	right_stim: text = 'X'
39.9650 	EXP 	left_image: fillColor = <psychopy.colors.Color: none, alpha=0.0>
39.9650 	EXP 	left_image: borderColor = <psychopy.colors.Color: none, alpha=0.0>
39.9650 	EXP 	right_image: fillColor = <psychopy.colors.Color: red, alpha=1.0>
39.9650 	EXP 	right_image: borderColor = <psychopy.colors.Color: red, alpha=1.0>
39.9650 	EXP 	fixation_cross: autoDraw = True
39.9650 	EXP 	left_stim: autoDraw = True
39.9650 	EXP 	right_stim: autoDraw = True
39.9650 	EXP 	left_image: autoDraw = True
39.9650 	EXP 	right_image: autoDraw = True
41.4652 	EXP 	fixation_cross: autoDraw = False
41.4652 	EXP 	left_stim: autoDraw = False
41.4652 	EXP 	right_stim: autoDraw = False
41.4652 	EXP 	ITI: autoDraw = True
41.4652 	EXP 	left_image: autoDraw = False
41.4652 	EXP 	right_image: autoDraw = False
42.4504 	EXP 	New trial (rep=1, index=2): OrderedDict([('condition', 'incongruent'), ('stim', 'O')])
42.4648 	EXP 	ITI: autoDraw = False
42.4648 	EXP 	fixation_cross: autoDraw = False
42.4648 	EXP 	left_stim: autoDraw = False
42.4648 	EXP 	right_stim: autoDraw = False
42.4648 	EXP 	ITI: autoDraw = False
42.4648 	EXP 	left_image: autoDraw = False
42.4648 	EXP 	right_image: autoDraw = False
42.4648 	EXP 	left_stim: foreColor = <psychopy.colors.Color: none, alpha=0.0>
42.4648 	EXP 	left_stim: text = ''
42.4648 	EXP 	right_stim: foreColor = <psychopy.colors.Color: blue, alpha=1.0>
42.4648 	EXP 	right_stim: height = 0.5
42.4648 	EXP 	right_stim: height = 0.5
42.4648 	EXP 	right_stim: height = 0.5
42.4648 	EXP 	right_stim: text = 'O'
42.4648 	EXP 	left_image: fillColor = <psychopy.colors.Color: none, alpha=0.0>
42.4648 	EXP 	left_image: borderColor = <psychopy.colors.Color: none, alpha=0.0>
42.4648 	EXP 	right_image: fillColor = <psychopy.colors.Color: blue, alpha=1.0>
42.4648 	EXP 	right_image: borderColor = <psychopy.colors.Color: blue, alpha=1.0>
42.4648 	EXP 	fixation_cross: autoDraw = True
42.4648 	EXP 	left_stim: autoDraw = True
42.4648 	EXP 	right_stim: autoDraw = True
42.4648 	EXP 	left_image: autoDraw = True
42.4648 	EXP 	right_image: autoDraw = True
43.9649 	EXP 	fixation_cross: autoDraw = False
43.9649 	EXP 	left_stim: autoDraw = False
43.9649 	EXP 	right_stim: autoDraw = False
43.9649 	EXP 	ITI: autoDraw = True
43.9649 	EXP 	left_image: autoDraw = False
43.9649 	EXP 	right_image: autoDraw = False
44.9499 	EXP 	New trial (rep=1, index=3): OrderedDict([('condition', 'congruent'), ('stim', 'O')])
44.9643 	EXP 	ITI: autoDraw = False
44.9643 	EXP 	fixation_cross: autoDraw = False
44.9643 	EXP 	left_stim: autoDraw = False
44.9643 	EXP 	right_stim: autoDraw = False
44.9643 	EXP 	ITI: autoDraw = False
44.9643 	EXP 	left_image: autoDraw = False
44.9643 	EXP 	right_image: autoDraw = False
44.9643 	EXP 	left_stim: foreColor = <psychopy.colors.Color: blue, alpha=1.0>
44.9643 	EXP 	left_stim: height = 0.5
44.9643 	EXP 	left_stim: height = 0.5
44.9643 	EXP 	left_stim: height = 0.5
44.9643 	EXP 	left_stim: text = 'O'
44.9643 	EXP 	right_stim: foreColor = <psychopy.colors.Color: none, alpha=0.0>
44.9643 	EXP 	right_stim: height = 0.5
44.9643 	EXP 	right_stim: height = 0.5
44.9643 	EXP 	right_stim: height = 0.5
44.9643 	EXP 	right_stim: text = ''
44.9643 	EXP 	left_image: fillColor = <psychopy.colors.Color: blue, alpha=1.0>
44.9643 	EXP 	left_image: borderColor = <psychopy.colors.Color: blue, alpha=1.0>
44.9643 	EXP 	right_image: fillColor = <psychopy.colors.Color: none, alpha=0.0>
44.9643 	EXP 	right_image: borderColor = <psychopy.colors.Color: none, alpha=0.0>
44.9643 	EXP 	fixation_cross: autoDraw = True
44.9643 	EXP 	left_stim: autoDraw = True
44.9643 	EXP 	right_stim: autoDraw = True
44.9643 	EXP 	left_image: autoDraw = True
44.9643 	EXP 	right_image: autoDraw = True
46.4652 	EXP 	fixation_cross: autoDraw = False
46.4652 	EXP 	left_stim: autoDraw = False
46.4652 	EXP 	right_stim: autoDraw = False
46.4652 	EXP 	ITI: autoDraw = True
46.4652 	EXP 	left_image: autoDraw = False
46.4652 	EXP 	right_image: autoDraw = False
47.4653 	EXP 	ITI: autoDraw = False
47.4653 	EXP 	fixation_cross: autoDraw = False
47.4653 	EXP 	left_stim: autoDraw = False
47.4653 	EXP 	right_stim: autoDraw = False
47.4653 	EXP 	ITI: autoDraw = False
47.4653 	EXP 	left_image: autoDraw = False
47.4653 	EXP 	right_image: autoDraw = False
47.4655 	EXP 	simon_task: status = STOPPED
47.5465 	EXP 	window1: mouseVisible = True
