10.8932 	EXP 	Created window1 = Window(allowGUI=True, allowStencil=False, autoLog=True, backendConf=UNKNOWN, backgroundFit=<method-wrapper '__getattribute__' of attributeSetter object at 0x000001FBA5283C70>, backgroundImage=<method-wrapper '__getattribute__' of attributeSetter object at 0x000001FBA5283C10>, bitsMode=UNKNOWN, blendMode='avg', bpc=(8, 8, 8), color=array([0, 0, 0]), colorSpace='rgb', depthBits=8, fullscr=<method-wrapper '__getattribute__' of attributeSetter object at 0x000001FBA5283A60>, gamma=None, gammaErrorPolicy='raise', lms=UNKNOWN, monitor=<psychopy.monitors.calibTools.Monitor object at 0x000001FBA5492A60>, multiSample=False, name='window1', numSamples=2, pos=(560, 340), screen=0, size=array([800, 600]), stencilBits=0, stereo=False, title='PsychoPy', units='norm', useFBO=True, useRetina=False, viewOri=0.0, viewPos=None, viewScale=None, waitBlanking=True, winType='pyglet')
10.8934 	EXP 	window1: mouseVisible = True
10.8934 	EXP 	window1: backgroundImage = ''
10.8935 	EXP 	window1: backgroundFit = 'none'
10.8965 	EXP 	window1: Attempting to measure frame rate of screen (0) ...
10.8966 	EXP 	window1: recordFrameIntervals = False
11.0599 	EXP 	window1: recordFrameIntervals = True
11.2420 	EXP 	Screen (0) actual frame rate measured at 60.48Hz
11.2420 	EXP 	window1: recordFrameIntervals = False
11.2421 	EXP 	window1: mouseVisible = True
11.2744 	WARNING 	launchHubServer: If using the iohub mouse or eyetracker devices, fullScr should be True.
13.8860 	EXP 	simon_task_simple3: status = STARTED
13.8862 	EXP 	window1: mouseVisible = True
13.8969 	EXP 	Created Instruction_image = ImageStim(__class__=<class 'psychopy.visual.image.ImageStim'>, anchor=('center', 'center'), autoLog=True, color=array([1., 1., 1.]), colorSpace='rgb', contrast=1.0, depth=-2.0, draggable=False, flipHoriz=False, flipVert=False, image='default.png', interpolate=True, mask=None, maskParams=None, name='Instruction_image', opacity=1.0, ori=0.0, pos=array([0., 0.]), size=array([2., 2.]), texRes=128.0, units='norm', win=Window(...))
13.8971 	EXP 	window1: mouseVisible = True
13.9502 	EXP 	Created fixation_cross = TextStim(__class__=<class 'psychopy.visual.text.TextStim'>, alignHoriz=method-wrapper(...), alignText='center', alignVert=method-wrapper(...), anchorHoriz='center', anchorVert='center', antialias=True, autoDraw=False, autoLog=True, bold=False, color=array([1., 1., 1.]), colorSpace='rgb', contrast=1.0, depth=0.0, draggable=False, flipHoriz=False, flipVert=False, font='Arial', fontFiles=[], height=0.5, italic=False, languageStyle='LTR', name='fixation_cross', opacity=1.0, ori=0, pos=array([0., 0.]), rgb=UNKNOWN, text='+', units='norm', win=Window(...), wrapWidth=1)
13.9503 	EXP 	window1: mouseVisible = True
13.9510 	EXP 	Created left_stim = TextStim(__class__=<class 'psychopy.visual.text.TextStim'>, alignHoriz=method-wrapper(...), alignText='center', alignVert=method-wrapper(...), anchorHoriz='center', anchorVert='center', antialias=True, autoDraw=False, autoLog=True, bold=False, color=array([1., 1., 1.]), colorSpace='rgb', contrast=1.0, depth=-1.0, draggable=False, flipHoriz=False, flipVert=False, font='Arial', fontFiles=[], height=0.5, italic=False, languageStyle='LTR', name='left_stim', opacity=1.0, ori=0, pos=array([-0.5,  0. ]), rgb=UNKNOWN, text='', units='norm', win=Window(...), wrapWidth=1)
13.9511 	EXP 	window1: mouseVisible = True
13.9518 	EXP 	Created right_stim = TextStim(__class__=<class 'psychopy.visual.text.TextStim'>, alignHoriz=method-wrapper(...), alignText='center', alignVert=method-wrapper(...), anchorHoriz='center', anchorVert='center', antialias=True, autoDraw=False, autoLog=True, bold=False, color=array([1., 1., 1.]), colorSpace='rgb', contrast=1.0, depth=-2.0, draggable=False, flipHoriz=False, flipVert=False, font='Arial', fontFiles=[], height=0.5, italic=False, languageStyle='LTR', name='right_stim', opacity=1.0, ori=0, pos=array([0.5, 0. ]), rgb=UNKNOWN, text='', units='norm', win=Window(...), wrapWidth=1)
13.9519 	EXP 	window1: mouseVisible = True
13.9536 	EXP 	Created ITI = TextStim(__class__=<class 'psychopy.visual.text.TextStim'>, alignHoriz=method-wrapper(...), alignText='center', alignVert=method-wrapper(...), anchorHoriz='center', anchorVert='center', antialias=True, autoDraw=False, autoLog=True, bold=False, color=array([1., 1., 1.]), colorSpace='rgb', contrast=1.0, depth=-3.0, draggable=False, flipHoriz=False, flipVert=False, font='Arial', fontFiles=[], height=0.5, italic=False, languageStyle='LTR', name='ITI', opacity=1.0, ori=0, pos=array([0., 0.]), rgb=UNKNOWN, text='+', units='norm', win=Window(...), wrapWidth=1)
13.9537 	EXP 	window1: mouseVisible = True
13.9628 	EXP 	Created trial_instructions_image = ImageStim(__class__=<class 'psychopy.visual.image.ImageStim'>, anchor=('center', 'center'), autoLog=True, color=array([1., 1., 1.]), colorSpace='rgb', contrast=1.0, depth=-2.0, draggable=False, flipHoriz=False, flipVert=False, image='default.png', interpolate=True, mask=None, maskParams=None, name='trial_instructions_image', opacity=1.0, ori=0.0, pos=array([0., 0.]), size=array([2., 2.]), texRes=128.0, units='norm', win=Window(...))
13.9629 	EXP 	window1: mouseVisible = True
13.9646 	EXP 	Created fixation_cross = TextStim(__class__=<class 'psychopy.visual.text.TextStim'>, alignHoriz=method-wrapper(...), alignText='center', alignVert=method-wrapper(...), anchorHoriz='center', anchorVert='center', antialias=True, autoDraw=False, autoLog=True, bold=False, color=array([1., 1., 1.]), colorSpace='rgb', contrast=1.0, depth=0.0, draggable=False, flipHoriz=False, flipVert=False, font='Arial', fontFiles=[], height=0.5, italic=False, languageStyle='LTR', name='fixation_cross', opacity=1.0, ori=0, pos=array([0., 0.]), rgb=UNKNOWN, text='+', units='norm', win=Window(...), wrapWidth=1)
13.9647 	EXP 	window1: mouseVisible = True
13.9654 	EXP 	Created left_stim = TextStim(__class__=<class 'psychopy.visual.text.TextStim'>, alignHoriz=method-wrapper(...), alignText='center', alignVert=method-wrapper(...), anchorHoriz='center', anchorVert='center', antialias=True, autoDraw=False, autoLog=True, bold=False, color=array([1., 1., 1.]), colorSpace='rgb', contrast=1.0, depth=-1.0, draggable=False, flipHoriz=False, flipVert=False, font='Arial', fontFiles=[], height=0.5, italic=False, languageStyle='LTR', name='left_stim', opacity=1.0, ori=0, pos=array([-0.5,  0. ]), rgb=UNKNOWN, text='', units='norm', win=Window(...), wrapWidth=1)
13.9655 	EXP 	window1: mouseVisible = True
13.9662 	EXP 	Created right_stim = TextStim(__class__=<class 'psychopy.visual.text.TextStim'>, alignHoriz=method-wrapper(...), alignText='center', alignVert=method-wrapper(...), anchorHoriz='center', anchorVert='center', antialias=True, autoDraw=False, autoLog=True, bold=False, color=array([1., 1., 1.]), colorSpace='rgb', contrast=1.0, depth=-2.0, draggable=False, flipHoriz=False, flipVert=False, font='Arial', fontFiles=[], height=0.5, italic=False, languageStyle='LTR', name='right_stim', opacity=1.0, ori=0, pos=array([0.5, 0. ]), rgb=UNKNOWN, text='', units='norm', win=Window(...), wrapWidth=1)
13.9663 	EXP 	window1: mouseVisible = True
13.9678 	EXP 	Created ITI = TextStim(__class__=<class 'psychopy.visual.text.TextStim'>, alignHoriz=method-wrapper(...), alignText='center', alignVert=method-wrapper(...), anchorHoriz='center', anchorVert='center', antialias=True, autoDraw=False, autoLog=True, bold=False, color=array([1., 1., 1.]), colorSpace='rgb', contrast=1.0, depth=-3.0, draggable=False, flipHoriz=False, flipVert=False, font='Arial', fontFiles=[], height=0.5, italic=False, languageStyle='LTR', name='ITI', opacity=1.0, ori=0, pos=array([0., 0.]), rgb=UNKNOWN, text='+', units='norm', win=Window(...), wrapWidth=1)
0.1218 	EXP 	Instruction_image: image = 'images/prac_instruction0.png'
0.1218 	EXP 	Instruction_image: autoDraw = True
24.9967 	EXP 	Imported simon_prac_order.csv as conditions, 10 conditions, 2 params
24.9970 	EXP 	Created sequence: random, trialTypes=10, nReps=2, seed=None
24.9971 	EXP 	New trial (rep=0, index=0): OrderedDict([('condition', 'congruent'), ('stim', 'O')])
25.0028 	DATA 	Keypress: space
25.0047 	EXP 	Instruction_image: autoDraw = False
25.0047 	EXP 	fixation_cross: autoDraw = True
25.0047 	EXP 	left_stim: autoDraw = True
25.0047 	EXP 	right_stim: autoDraw = True
25.0047 	EXP 	right_stim: height = 0.5
25.0047 	EXP 	right_stim: height = 0.5
25.0047 	EXP 	right_stim: height = 0.5
25.0047 	EXP 	right_stim: text = ''
26.5057 	EXP 	fixation_cross: autoDraw = False
26.5057 	EXP 	left_stim: autoDraw = False
26.5057 	EXP 	right_stim: autoDraw = False
26.5057 	EXP 	ITI: autoDraw = True
27.4899 	EXP 	New trial (rep=0, index=1): OrderedDict([('condition', 'congruent'), ('stim', 'X')])
27.5054 	EXP 	ITI: autoDraw = False
27.5054 	EXP 	fixation_cross: autoDraw = False
27.5054 	EXP 	left_stim: autoDraw = False
27.5054 	EXP 	right_stim: autoDraw = False
27.5054 	EXP 	ITI: autoDraw = False
27.5054 	EXP 	fixation_cross: autoDraw = True
27.5054 	EXP 	left_stim: autoDraw = True
27.5054 	EXP 	right_stim: autoDraw = True
29.0053 	EXP 	fixation_cross: autoDraw = False
29.0053 	EXP 	left_stim: autoDraw = False
29.0053 	EXP 	right_stim: autoDraw = False
29.0053 	EXP 	ITI: autoDraw = True
29.9906 	EXP 	New trial (rep=0, index=2): OrderedDict([('condition', 'congruent'), ('stim', 'X')])
30.0048 	EXP 	ITI: autoDraw = False
30.0048 	EXP 	fixation_cross: autoDraw = False
30.0048 	EXP 	left_stim: autoDraw = False
30.0048 	EXP 	right_stim: autoDraw = False
30.0048 	EXP 	ITI: autoDraw = False
30.0048 	EXP 	fixation_cross: autoDraw = True
30.0048 	EXP 	left_stim: autoDraw = True
30.0048 	EXP 	right_stim: autoDraw = True
31.5052 	EXP 	fixation_cross: autoDraw = False
31.5052 	EXP 	left_stim: autoDraw = False
31.5052 	EXP 	right_stim: autoDraw = False
31.5052 	EXP 	ITI: autoDraw = True
32.4904 	EXP 	New trial (rep=0, index=3): OrderedDict([('condition', 'congruent'), ('stim', 'O')])
32.5047 	EXP 	ITI: autoDraw = False
32.5047 	EXP 	fixation_cross: autoDraw = False
32.5047 	EXP 	left_stim: autoDraw = False
32.5047 	EXP 	right_stim: autoDraw = False
32.5047 	EXP 	ITI: autoDraw = False
32.5047 	EXP 	fixation_cross: autoDraw = True
32.5047 	EXP 	left_stim: autoDraw = True
32.5047 	EXP 	right_stim: autoDraw = True
34.0055 	EXP 	fixation_cross: autoDraw = False
34.0055 	EXP 	left_stim: autoDraw = False
34.0055 	EXP 	right_stim: autoDraw = False
34.0055 	EXP 	ITI: autoDraw = True
34.9904 	EXP 	New trial (rep=0, index=4): OrderedDict([('condition', 'congruent'), ('stim', 'O')])
35.0058 	EXP 	ITI: autoDraw = False
35.0058 	EXP 	fixation_cross: autoDraw = False
35.0058 	EXP 	left_stim: autoDraw = False
35.0058 	EXP 	right_stim: autoDraw = False
35.0058 	EXP 	ITI: autoDraw = False
35.0058 	EXP 	fixation_cross: autoDraw = True
35.0058 	EXP 	left_stim: autoDraw = True
35.0058 	EXP 	right_stim: autoDraw = True
36.5051 	EXP 	ITI: autoDraw = True
36.5215 	EXP 	fixation_cross: autoDraw = False
36.5215 	EXP 	left_stim: autoDraw = False
36.5215 	EXP 	right_stim: autoDraw = False
37.4901 	EXP 	New trial (rep=0, index=5): OrderedDict([('condition', 'congruent'), ('stim', 'O')])
37.5064 	EXP 	ITI: autoDraw = False
37.5064 	EXP 	fixation_cross: autoDraw = False
37.5064 	EXP 	left_stim: autoDraw = False
37.5064 	EXP 	right_stim: autoDraw = False
37.5064 	EXP 	ITI: autoDraw = False
37.5064 	EXP 	fixation_cross: autoDraw = True
37.5064 	EXP 	left_stim: autoDraw = True
37.5064 	EXP 	right_stim: autoDraw = True
39.0049 	EXP 	ITI: autoDraw = True
39.0219 	EXP 	fixation_cross: autoDraw = False
39.0219 	EXP 	left_stim: autoDraw = False
39.0219 	EXP 	right_stim: autoDraw = False
39.9904 	EXP 	New trial (rep=0, index=6): OrderedDict([('condition', 'congruent'), ('stim', 'O')])
40.0049 	EXP 	ITI: autoDraw = False
40.0049 	EXP 	fixation_cross: autoDraw = False
40.0049 	EXP 	left_stim: autoDraw = False
40.0049 	EXP 	right_stim: autoDraw = False
40.0049 	EXP 	ITI: autoDraw = False
40.0049 	EXP 	fixation_cross: autoDraw = True
40.0049 	EXP 	left_stim: autoDraw = True
40.0049 	EXP 	right_stim: autoDraw = True
41.5052 	EXP 	fixation_cross: autoDraw = False
41.5052 	EXP 	left_stim: autoDraw = False
41.5052 	EXP 	right_stim: autoDraw = False
41.5052 	EXP 	ITI: autoDraw = True
42.4891 	EXP 	New trial (rep=0, index=7): OrderedDict([('condition', 'congruent'), ('stim', 'X')])
42.5042 	EXP 	ITI: autoDraw = False
42.5042 	EXP 	fixation_cross: autoDraw = False
42.5042 	EXP 	left_stim: autoDraw = False
42.5042 	EXP 	right_stim: autoDraw = False
42.5042 	EXP 	ITI: autoDraw = False
42.5042 	EXP 	fixation_cross: autoDraw = True
42.5042 	EXP 	left_stim: autoDraw = True
42.5042 	EXP 	right_stim: autoDraw = True
44.0040 	EXP 	fixation_cross: autoDraw = False
44.0040 	EXP 	left_stim: autoDraw = False
44.0040 	EXP 	right_stim: autoDraw = False
44.0040 	EXP 	ITI: autoDraw = True
44.9902 	EXP 	New trial (rep=0, index=8): OrderedDict([('condition', 'congruent'), ('stim', 'X')])
45.0049 	EXP 	ITI: autoDraw = False
45.0049 	EXP 	fixation_cross: autoDraw = False
45.0049 	EXP 	left_stim: autoDraw = False
45.0049 	EXP 	right_stim: autoDraw = False
45.0049 	EXP 	ITI: autoDraw = False
45.0049 	EXP 	fixation_cross: autoDraw = True
45.0049 	EXP 	left_stim: autoDraw = True
45.0049 	EXP 	right_stim: autoDraw = True
46.5044 	EXP 	fixation_cross: autoDraw = False
46.5044 	EXP 	left_stim: autoDraw = False
46.5044 	EXP 	right_stim: autoDraw = False
46.5044 	EXP 	ITI: autoDraw = True
47.4898 	EXP 	New trial (rep=0, index=9): OrderedDict([('condition', 'congruent'), ('stim', 'X')])
47.5043 	EXP 	ITI: autoDraw = False
47.5043 	EXP 	fixation_cross: autoDraw = False
47.5043 	EXP 	left_stim: autoDraw = False
47.5043 	EXP 	right_stim: autoDraw = False
47.5043 	EXP 	ITI: autoDraw = False
47.5043 	EXP 	fixation_cross: autoDraw = True
47.5043 	EXP 	left_stim: autoDraw = True
47.5043 	EXP 	right_stim: autoDraw = True
49.0048 	EXP 	fixation_cross: autoDraw = False
49.0048 	EXP 	left_stim: autoDraw = False
49.0048 	EXP 	right_stim: autoDraw = False
49.0048 	EXP 	ITI: autoDraw = True
49.9897 	EXP 	New trial (rep=1, index=0): OrderedDict([('condition', 'congruent'), ('stim', 'X')])
50.0045 	EXP 	ITI: autoDraw = False
50.0045 	EXP 	fixation_cross: autoDraw = False
50.0045 	EXP 	left_stim: autoDraw = False
50.0045 	EXP 	right_stim: autoDraw = False
50.0045 	EXP 	ITI: autoDraw = False
50.0045 	EXP 	fixation_cross: autoDraw = True
50.0045 	EXP 	left_stim: autoDraw = True
50.0045 	EXP 	right_stim: autoDraw = True
51.5048 	EXP 	fixation_cross: autoDraw = False
51.5048 	EXP 	left_stim: autoDraw = False
51.5048 	EXP 	right_stim: autoDraw = False
51.5048 	EXP 	ITI: autoDraw = True
52.4895 	EXP 	New trial (rep=1, index=1): OrderedDict([('condition', 'congruent'), ('stim', 'X')])
52.5045 	EXP 	ITI: autoDraw = False
52.5045 	EXP 	fixation_cross: autoDraw = False
52.5045 	EXP 	left_stim: autoDraw = False
52.5045 	EXP 	right_stim: autoDraw = False
52.5045 	EXP 	ITI: autoDraw = False
52.5045 	EXP 	fixation_cross: autoDraw = True
52.5045 	EXP 	left_stim: autoDraw = True
52.5045 	EXP 	right_stim: autoDraw = True
54.0051 	EXP 	fixation_cross: autoDraw = False
54.0051 	EXP 	left_stim: autoDraw = False
54.0051 	EXP 	right_stim: autoDraw = False
54.0051 	EXP 	ITI: autoDraw = True
55.0067 	EXP 	New trial (rep=1, index=2): OrderedDict([('condition', 'congruent'), ('stim', 'X')])
55.0205 	EXP 	fixation_cross: autoDraw = False
55.0205 	EXP 	left_stim: autoDraw = False
55.0205 	EXP 	right_stim: autoDraw = False
55.0205 	EXP 	ITI: autoDraw = False
55.0205 	EXP 	fixation_cross: autoDraw = True
55.0205 	EXP 	left_stim: autoDraw = True
55.0205 	EXP 	right_stim: autoDraw = True
56.5209 	EXP 	fixation_cross: autoDraw = False
56.5209 	EXP 	left_stim: autoDraw = False
56.5209 	EXP 	right_stim: autoDraw = False
56.5209 	EXP 	ITI: autoDraw = True
57.5059 	EXP 	New trial (rep=1, index=3): OrderedDict([('condition', 'congruent'), ('stim', 'O')])
57.5203 	EXP 	ITI: autoDraw = False
57.5203 	EXP 	fixation_cross: autoDraw = False
57.5203 	EXP 	left_stim: autoDraw = False
57.5203 	EXP 	right_stim: autoDraw = False
57.5203 	EXP 	ITI: autoDraw = False
57.5203 	EXP 	fixation_cross: autoDraw = True
57.5203 	EXP 	left_stim: autoDraw = True
57.5203 	EXP 	right_stim: autoDraw = True
59.0207 	EXP 	fixation_cross: autoDraw = False
59.0207 	EXP 	left_stim: autoDraw = False
59.0207 	EXP 	right_stim: autoDraw = False
59.0207 	EXP 	ITI: autoDraw = True
60.0058 	EXP 	New trial (rep=1, index=4): OrderedDict([('condition', 'congruent'), ('stim', 'O')])
60.0203 	EXP 	ITI: autoDraw = False
60.0203 	EXP 	fixation_cross: autoDraw = False
60.0203 	EXP 	left_stim: autoDraw = False
60.0203 	EXP 	right_stim: autoDraw = False
60.0203 	EXP 	ITI: autoDraw = False
60.0203 	EXP 	fixation_cross: autoDraw = True
60.0203 	EXP 	left_stim: autoDraw = True
60.0203 	EXP 	right_stim: autoDraw = True
61.5206 	EXP 	fixation_cross: autoDraw = False
61.5206 	EXP 	left_stim: autoDraw = False
61.5206 	EXP 	right_stim: autoDraw = False
61.5206 	EXP 	ITI: autoDraw = True
62.5050 	EXP 	New trial (rep=1, index=5): OrderedDict([('condition', 'congruent'), ('stim', 'O')])
62.5204 	EXP 	ITI: autoDraw = False
62.5204 	EXP 	fixation_cross: autoDraw = False
62.5204 	EXP 	left_stim: autoDraw = False
62.5204 	EXP 	right_stim: autoDraw = False
62.5204 	EXP 	ITI: autoDraw = False
62.5204 	EXP 	fixation_cross: autoDraw = True
62.5204 	EXP 	left_stim: autoDraw = True
62.5204 	EXP 	right_stim: autoDraw = True
64.0214 	EXP 	fixation_cross: autoDraw = False
64.0214 	EXP 	left_stim: autoDraw = False
64.0214 	EXP 	right_stim: autoDraw = False
64.0214 	EXP 	ITI: autoDraw = True
65.0054 	EXP 	New trial (rep=1, index=6): OrderedDict([('condition', 'congruent'), ('stim', 'O')])
65.0203 	EXP 	ITI: autoDraw = False
65.0203 	EXP 	fixation_cross: autoDraw = False
65.0203 	EXP 	left_stim: autoDraw = False
65.0203 	EXP 	right_stim: autoDraw = False
65.0203 	EXP 	ITI: autoDraw = False
65.0203 	EXP 	fixation_cross: autoDraw = True
65.0203 	EXP 	left_stim: autoDraw = True
65.0203 	EXP 	right_stim: autoDraw = True
66.5207 	EXP 	fixation_cross: autoDraw = False
66.5207 	EXP 	left_stim: autoDraw = False
66.5207 	EXP 	right_stim: autoDraw = False
66.5207 	EXP 	ITI: autoDraw = True
67.5054 	EXP 	New trial (rep=1, index=7): OrderedDict([('condition', 'congruent'), ('stim', 'X')])
67.5203 	EXP 	ITI: autoDraw = False
67.5203 	EXP 	fixation_cross: autoDraw = False
67.5203 	EXP 	left_stim: autoDraw = False
67.5203 	EXP 	right_stim: autoDraw = False
67.5203 	EXP 	ITI: autoDraw = False
67.5203 	EXP 	fixation_cross: autoDraw = True
67.5203 	EXP 	left_stim: autoDraw = True
67.5203 	EXP 	right_stim: autoDraw = True
69.0218 	EXP 	fixation_cross: autoDraw = False
69.0218 	EXP 	left_stim: autoDraw = False
69.0218 	EXP 	right_stim: autoDraw = False
69.0218 	EXP 	ITI: autoDraw = True
70.0204 	EXP 	New trial (rep=1, index=8): OrderedDict([('condition', 'congruent'), ('stim', 'X')])
70.0366 	EXP 	fixation_cross: autoDraw = False
70.0366 	EXP 	left_stim: autoDraw = False
70.0366 	EXP 	right_stim: autoDraw = False
70.0366 	EXP 	ITI: autoDraw = False
70.0366 	EXP 	fixation_cross: autoDraw = True
70.0366 	EXP 	left_stim: autoDraw = True
70.0366 	EXP 	right_stim: autoDraw = True
71.5205 	EXP 	ITI: autoDraw = True
71.5374 	EXP 	fixation_cross: autoDraw = False
71.5374 	EXP 	left_stim: autoDraw = False
71.5374 	EXP 	right_stim: autoDraw = False
72.5047 	EXP 	New trial (rep=1, index=9): OrderedDict([('condition', 'congruent'), ('stim', 'O')])
72.5196 	EXP 	ITI: autoDraw = False
72.5196 	EXP 	fixation_cross: autoDraw = False
72.5196 	EXP 	left_stim: autoDraw = False
72.5196 	EXP 	right_stim: autoDraw = False
72.5196 	EXP 	ITI: autoDraw = False
72.5196 	EXP 	fixation_cross: autoDraw = True
72.5196 	EXP 	left_stim: autoDraw = True
72.5196 	EXP 	right_stim: autoDraw = True
74.0212 	EXP 	fixation_cross: autoDraw = False
74.0212 	EXP 	left_stim: autoDraw = False
74.0212 	EXP 	right_stim: autoDraw = False
74.0212 	EXP 	ITI: autoDraw = True
75.0200 	EXP 	ITI: autoDraw = False
75.0200 	EXP 	fixation_cross: autoDraw = False
75.0200 	EXP 	left_stim: autoDraw = False
75.0200 	EXP 	right_stim: autoDraw = False
75.0200 	EXP 	ITI: autoDraw = False
75.0200 	EXP 	trial_instructions_image: image = 'images/trial_instruction0.png'
75.0200 	EXP 	trial_instructions_image: autoDraw = True
80.9959 	EXP 	Imported simon_task_order.csv as conditions, 12 conditions, 2 params
80.9962 	EXP 	Created sequence: random, trialTypes=12, nReps=4, seed=None
80.9963 	EXP 	New trial (rep=0, index=0): OrderedDict([('condition', 'incongruent'), ('stim', 'X')])
80.9999 	DATA 	Keypress: space
81.0021 	EXP 	trial_instructions_image: autoDraw = False
81.0021 	EXP 	fixation_cross: autoDraw = True
81.0021 	EXP 	left_stim: autoDraw = True
81.0021 	EXP 	right_stim: autoDraw = True
82.5031 	EXP 	fixation_cross: autoDraw = False
82.5031 	EXP 	left_stim: autoDraw = False
82.5031 	EXP 	right_stim: autoDraw = False
82.5031 	EXP 	ITI: autoDraw = True
83.4895 	EXP 	New trial (rep=0, index=1): OrderedDict([('condition', 'congruent'), ('stim', 'O')])
83.5031 	EXP 	ITI: autoDraw = False
83.5031 	EXP 	fixation_cross: autoDraw = False
83.5031 	EXP 	left_stim: autoDraw = False
83.5031 	EXP 	right_stim: autoDraw = False
83.5031 	EXP 	ITI: autoDraw = False
83.5031 	EXP 	fixation_cross: autoDraw = True
83.5031 	EXP 	left_stim: autoDraw = True
83.5031 	EXP 	right_stim: autoDraw = True
85.0029 	EXP 	fixation_cross: autoDraw = False
85.0029 	EXP 	left_stim: autoDraw = False
85.0029 	EXP 	right_stim: autoDraw = False
85.0029 	EXP 	ITI: autoDraw = True
85.9878 	EXP 	New trial (rep=0, index=2): OrderedDict([('condition', 'incongruent'), ('stim', 'O')])
86.0021 	EXP 	ITI: autoDraw = False
86.0021 	EXP 	fixation_cross: autoDraw = False
86.0021 	EXP 	left_stim: autoDraw = False
86.0021 	EXP 	right_stim: autoDraw = False
86.0021 	EXP 	ITI: autoDraw = False
86.0021 	EXP 	fixation_cross: autoDraw = True
86.0021 	EXP 	left_stim: autoDraw = True
86.0021 	EXP 	right_stim: autoDraw = True
87.5031 	EXP 	fixation_cross: autoDraw = False
87.5031 	EXP 	left_stim: autoDraw = False
87.5031 	EXP 	right_stim: autoDraw = False
87.5031 	EXP 	ITI: autoDraw = True
88.4883 	EXP 	New trial (rep=0, index=3): OrderedDict([('condition', 'congruent'), ('stim', 'O')])
88.5023 	EXP 	ITI: autoDraw = False
88.5023 	EXP 	fixation_cross: autoDraw = False
88.5023 	EXP 	left_stim: autoDraw = False
88.5023 	EXP 	right_stim: autoDraw = False
88.5023 	EXP 	ITI: autoDraw = False
88.5023 	EXP 	fixation_cross: autoDraw = True
88.5023 	EXP 	left_stim: autoDraw = True
88.5023 	EXP 	right_stim: autoDraw = True
90.0027 	EXP 	fixation_cross: autoDraw = False
90.0027 	EXP 	left_stim: autoDraw = False
90.0027 	EXP 	right_stim: autoDraw = False
90.0027 	EXP 	ITI: autoDraw = True
90.9876 	EXP 	New trial (rep=0, index=4): OrderedDict([('condition', 'congruent'), ('stim', 'X')])
91.0019 	EXP 	ITI: autoDraw = False
91.0019 	EXP 	fixation_cross: autoDraw = False
91.0019 	EXP 	left_stim: autoDraw = False
91.0019 	EXP 	right_stim: autoDraw = False
91.0019 	EXP 	ITI: autoDraw = False
91.0019 	EXP 	fixation_cross: autoDraw = True
91.0019 	EXP 	left_stim: autoDraw = True
91.0019 	EXP 	right_stim: autoDraw = True
92.5020 	EXP 	fixation_cross: autoDraw = False
92.5020 	EXP 	left_stim: autoDraw = False
92.5020 	EXP 	right_stim: autoDraw = False
92.5020 	EXP 	ITI: autoDraw = True
93.4881 	EXP 	New trial (rep=0, index=5): OrderedDict([('condition', 'incongruent'), ('stim', 'X')])
93.5019 	EXP 	ITI: autoDraw = False
93.5019 	EXP 	fixation_cross: autoDraw = False
93.5019 	EXP 	left_stim: autoDraw = False
93.5019 	EXP 	right_stim: autoDraw = False
93.5019 	EXP 	ITI: autoDraw = False
93.5019 	EXP 	fixation_cross: autoDraw = True
93.5019 	EXP 	left_stim: autoDraw = True
93.5019 	EXP 	right_stim: autoDraw = True
95.0021 	EXP 	fixation_cross: autoDraw = False
95.0021 	EXP 	left_stim: autoDraw = False
95.0021 	EXP 	right_stim: autoDraw = False
95.0021 	EXP 	ITI: autoDraw = True
95.9890 	EXP 	New trial (rep=0, index=6): OrderedDict([('condition', 'congruent'), ('stim', 'X')])
96.0017 	EXP 	ITI: autoDraw = False
96.0017 	EXP 	fixation_cross: autoDraw = False
96.0017 	EXP 	left_stim: autoDraw = False
96.0017 	EXP 	right_stim: autoDraw = False
96.0017 	EXP 	ITI: autoDraw = False
96.0017 	EXP 	fixation_cross: autoDraw = True
96.0017 	EXP 	left_stim: autoDraw = True
96.0017 	EXP 	right_stim: autoDraw = True
97.5024 	EXP 	fixation_cross: autoDraw = False
97.5024 	EXP 	left_stim: autoDraw = False
97.5024 	EXP 	right_stim: autoDraw = False
97.5024 	EXP 	ITI: autoDraw = True
98.4888 	EXP 	New trial (rep=0, index=7): OrderedDict([('condition', 'congruent'), ('stim', 'X')])
98.5041 	EXP 	ITI: autoDraw = False
98.5041 	EXP 	fixation_cross: autoDraw = False
98.5041 	EXP 	left_stim: autoDraw = False
98.5041 	EXP 	right_stim: autoDraw = False
98.5041 	EXP 	ITI: autoDraw = False
98.5041 	EXP 	fixation_cross: autoDraw = True
98.5041 	EXP 	left_stim: autoDraw = True
98.5041 	EXP 	right_stim: autoDraw = True
100.0018 	EXP 	ITI: autoDraw = True
100.0192 	EXP 	fixation_cross: autoDraw = False
100.0192 	EXP 	left_stim: autoDraw = False
100.0192 	EXP 	right_stim: autoDraw = False
100.9871 	EXP 	New trial (rep=0, index=8): OrderedDict([('condition', 'incongruent'), ('stim', 'O')])
101.0014 	EXP 	ITI: autoDraw = False
101.0014 	EXP 	fixation_cross: autoDraw = False
101.0014 	EXP 	left_stim: autoDraw = False
101.0014 	EXP 	right_stim: autoDraw = False
101.0014 	EXP 	ITI: autoDraw = False
101.0014 	EXP 	fixation_cross: autoDraw = True
101.0014 	EXP 	left_stim: autoDraw = True
101.0014 	EXP 	right_stim: autoDraw = True
102.5020 	EXP 	fixation_cross: autoDraw = False
102.5020 	EXP 	left_stim: autoDraw = False
102.5020 	EXP 	right_stim: autoDraw = False
102.5020 	EXP 	ITI: autoDraw = True
103.4867 	EXP 	New trial (rep=0, index=9): OrderedDict([('condition', 'incongruent'), ('stim', 'O')])
103.5016 	EXP 	ITI: autoDraw = False
103.5016 	EXP 	fixation_cross: autoDraw = False
103.5016 	EXP 	left_stim: autoDraw = False
103.5016 	EXP 	right_stim: autoDraw = False
103.5016 	EXP 	ITI: autoDraw = False
103.5016 	EXP 	fixation_cross: autoDraw = True
103.5016 	EXP 	left_stim: autoDraw = True
103.5016 	EXP 	right_stim: autoDraw = True
105.0033 	EXP 	fixation_cross: autoDraw = False
105.0033 	EXP 	left_stim: autoDraw = False
105.0033 	EXP 	right_stim: autoDraw = False
105.0033 	EXP 	ITI: autoDraw = True
105.9877 	EXP 	New trial (rep=0, index=10): OrderedDict([('condition', 'congruent'), ('stim', 'O')])
106.0010 	EXP 	ITI: autoDraw = False
106.0010 	EXP 	fixation_cross: autoDraw = False
106.0010 	EXP 	left_stim: autoDraw = False
106.0010 	EXP 	right_stim: autoDraw = False
106.0010 	EXP 	ITI: autoDraw = False
106.0010 	EXP 	fixation_cross: autoDraw = True
106.0010 	EXP 	left_stim: autoDraw = True
106.0010 	EXP 	right_stim: autoDraw = True
107.5016 	EXP 	fixation_cross: autoDraw = False
107.5016 	EXP 	left_stim: autoDraw = False
107.5016 	EXP 	right_stim: autoDraw = False
107.5016 	EXP 	ITI: autoDraw = True
108.4854 	EXP 	New trial (rep=0, index=11): OrderedDict([('condition', 'incongruent'), ('stim', 'X')])
108.5009 	EXP 	ITI: autoDraw = False
108.5009 	EXP 	fixation_cross: autoDraw = False
108.5009 	EXP 	left_stim: autoDraw = False
108.5009 	EXP 	right_stim: autoDraw = False
108.5009 	EXP 	ITI: autoDraw = False
108.5009 	EXP 	fixation_cross: autoDraw = True
108.5009 	EXP 	left_stim: autoDraw = True
108.5009 	EXP 	right_stim: autoDraw = True
109.9850 	EXP 	ITI: autoDraw = True
110.0012 	EXP 	fixation_cross: autoDraw = False
110.0012 	EXP 	left_stim: autoDraw = False
110.0012 	EXP 	right_stim: autoDraw = False
110.9699 	EXP 	New trial (rep=1, index=0): OrderedDict([('condition', 'congruent'), ('stim', 'O')])
110.9844 	EXP 	ITI: autoDraw = False
110.9844 	EXP 	fixation_cross: autoDraw = False
110.9844 	EXP 	left_stim: autoDraw = False
110.9844 	EXP 	right_stim: autoDraw = False
110.9844 	EXP 	ITI: autoDraw = False
110.9844 	EXP 	fixation_cross: autoDraw = True
110.9844 	EXP 	left_stim: autoDraw = True
110.9844 	EXP 	right_stim: autoDraw = True
112.4841 	EXP 	fixation_cross: autoDraw = False
112.4841 	EXP 	left_stim: autoDraw = False
112.4841 	EXP 	right_stim: autoDraw = False
112.4841 	EXP 	ITI: autoDraw = True
113.4694 	EXP 	New trial (rep=1, index=1): OrderedDict([('condition', 'incongruent'), ('stim', 'O')])
113.4841 	EXP 	ITI: autoDraw = False
113.4841 	EXP 	fixation_cross: autoDraw = False
113.4841 	EXP 	left_stim: autoDraw = False
113.4841 	EXP 	right_stim: autoDraw = False
113.4841 	EXP 	ITI: autoDraw = False
113.4841 	EXP 	fixation_cross: autoDraw = True
113.4841 	EXP 	left_stim: autoDraw = True
113.4841 	EXP 	right_stim: autoDraw = True
114.9845 	EXP 	fixation_cross: autoDraw = False
114.9845 	EXP 	left_stim: autoDraw = False
114.9845 	EXP 	right_stim: autoDraw = False
114.9845 	EXP 	ITI: autoDraw = True
115.9702 	EXP 	New trial (rep=1, index=2): OrderedDict([('condition', 'incongruent'), ('stim', 'O')])
115.9844 	EXP 	ITI: autoDraw = False
115.9844 	EXP 	fixation_cross: autoDraw = False
115.9844 	EXP 	left_stim: autoDraw = False
115.9844 	EXP 	right_stim: autoDraw = False
115.9844 	EXP 	ITI: autoDraw = False
115.9844 	EXP 	fixation_cross: autoDraw = True
115.9844 	EXP 	left_stim: autoDraw = True
115.9844 	EXP 	right_stim: autoDraw = True
117.4860 	EXP 	fixation_cross: autoDraw = False
117.4860 	EXP 	left_stim: autoDraw = False
117.4860 	EXP 	right_stim: autoDraw = False
117.4860 	EXP 	ITI: autoDraw = True
118.4860 	EXP 	New trial (rep=1, index=3): OrderedDict([('condition', 'incongruent'), ('stim', 'X')])
118.5011 	EXP 	fixation_cross: autoDraw = False
118.5011 	EXP 	left_stim: autoDraw = False
118.5011 	EXP 	right_stim: autoDraw = False
118.5011 	EXP 	ITI: autoDraw = False
118.5011 	EXP 	fixation_cross: autoDraw = True
118.5011 	EXP 	left_stim: autoDraw = True
118.5011 	EXP 	right_stim: autoDraw = True
120.0016 	EXP 	fixation_cross: autoDraw = False
120.0016 	EXP 	left_stim: autoDraw = False
120.0016 	EXP 	right_stim: autoDraw = False
120.0016 	EXP 	ITI: autoDraw = True
120.9849 	EXP 	New trial (rep=1, index=4): OrderedDict([('condition', 'congruent'), ('stim', 'O')])
121.0006 	EXP 	ITI: autoDraw = False
121.0006 	EXP 	fixation_cross: autoDraw = False
121.0006 	EXP 	left_stim: autoDraw = False
121.0006 	EXP 	right_stim: autoDraw = False
121.0006 	EXP 	ITI: autoDraw = False
121.0006 	EXP 	fixation_cross: autoDraw = True
121.0006 	EXP 	left_stim: autoDraw = True
121.0006 	EXP 	right_stim: autoDraw = True
122.5011 	EXP 	fixation_cross: autoDraw = False
122.5011 	EXP 	left_stim: autoDraw = False
122.5011 	EXP 	right_stim: autoDraw = False
122.5011 	EXP 	ITI: autoDraw = True
123.4852 	EXP 	New trial (rep=1, index=5): OrderedDict([('condition', 'incongruent'), ('stim', 'X')])
123.5012 	EXP 	ITI: autoDraw = False
123.5012 	EXP 	fixation_cross: autoDraw = False
123.5012 	EXP 	left_stim: autoDraw = False
123.5012 	EXP 	right_stim: autoDraw = False
123.5012 	EXP 	ITI: autoDraw = False
123.5012 	EXP 	fixation_cross: autoDraw = True
123.5012 	EXP 	left_stim: autoDraw = True
123.5012 	EXP 	right_stim: autoDraw = True
125.0007 	EXP 	fixation_cross: autoDraw = False
125.0007 	EXP 	left_stim: autoDraw = False
125.0007 	EXP 	right_stim: autoDraw = False
125.0007 	EXP 	ITI: autoDraw = True
125.9865 	EXP 	New trial (rep=1, index=6): OrderedDict([('condition', 'congruent'), ('stim', 'X')])
126.0007 	EXP 	ITI: autoDraw = False
126.0007 	EXP 	fixation_cross: autoDraw = False
126.0007 	EXP 	left_stim: autoDraw = False
126.0007 	EXP 	right_stim: autoDraw = False
126.0007 	EXP 	ITI: autoDraw = False
126.0007 	EXP 	fixation_cross: autoDraw = True
126.0007 	EXP 	left_stim: autoDraw = True
126.0007 	EXP 	right_stim: autoDraw = True
127.5020 	EXP 	fixation_cross: autoDraw = False
127.5020 	EXP 	left_stim: autoDraw = False
127.5020 	EXP 	right_stim: autoDraw = False
127.5020 	EXP 	ITI: autoDraw = True
128.5004 	EXP 	New trial (rep=1, index=7): OrderedDict([('condition', 'congruent'), ('stim', 'O')])
128.5170 	EXP 	fixation_cross: autoDraw = False
128.5170 	EXP 	left_stim: autoDraw = False
128.5170 	EXP 	right_stim: autoDraw = False
128.5170 	EXP 	ITI: autoDraw = False
128.5170 	EXP 	fixation_cross: autoDraw = True
128.5170 	EXP 	left_stim: autoDraw = True
128.5170 	EXP 	right_stim: autoDraw = True
130.0003 	EXP 	ITI: autoDraw = True
130.0170 	EXP 	fixation_cross: autoDraw = False
130.0170 	EXP 	left_stim: autoDraw = False
130.0170 	EXP 	right_stim: autoDraw = False
130.9862 	EXP 	New trial (rep=1, index=8): OrderedDict([('condition', 'incongruent'), ('stim', 'O')])
130.9999 	EXP 	ITI: autoDraw = False
130.9999 	EXP 	fixation_cross: autoDraw = False
130.9999 	EXP 	left_stim: autoDraw = False
130.9999 	EXP 	right_stim: autoDraw = False
130.9999 	EXP 	ITI: autoDraw = False
130.9999 	EXP 	fixation_cross: autoDraw = True
130.9999 	EXP 	left_stim: autoDraw = True
130.9999 	EXP 	right_stim: autoDraw = True
132.5011 	EXP 	fixation_cross: autoDraw = False
132.5011 	EXP 	left_stim: autoDraw = False
132.5011 	EXP 	right_stim: autoDraw = False
132.5011 	EXP 	ITI: autoDraw = True
133.4849 	EXP 	New trial (rep=1, index=9): OrderedDict([('condition', 'incongruent'), ('stim', 'X')])
133.5010 	EXP 	ITI: autoDraw = False
133.5010 	EXP 	fixation_cross: autoDraw = False
133.5010 	EXP 	left_stim: autoDraw = False
133.5010 	EXP 	right_stim: autoDraw = False
133.5010 	EXP 	ITI: autoDraw = False
133.5010 	EXP 	fixation_cross: autoDraw = True
133.5010 	EXP 	left_stim: autoDraw = True
133.5010 	EXP 	right_stim: autoDraw = True
134.9994 	EXP 	fixation_cross: autoDraw = False
134.9994 	EXP 	left_stim: autoDraw = False
134.9994 	EXP 	right_stim: autoDraw = False
134.9994 	EXP 	ITI: autoDraw = True
135.9850 	EXP 	New trial (rep=1, index=10): OrderedDict([('condition', 'congruent'), ('stim', 'X')])
136.0001 	EXP 	ITI: autoDraw = False
136.0001 	EXP 	fixation_cross: autoDraw = False
136.0001 	EXP 	left_stim: autoDraw = False
136.0001 	EXP 	right_stim: autoDraw = False
136.0001 	EXP 	ITI: autoDraw = False
136.0001 	EXP 	fixation_cross: autoDraw = True
136.0001 	EXP 	left_stim: autoDraw = True
136.0001 	EXP 	right_stim: autoDraw = True
137.4839 	EXP 	ITI: autoDraw = True
137.5000 	EXP 	fixation_cross: autoDraw = False
137.5000 	EXP 	left_stim: autoDraw = False
137.5000 	EXP 	right_stim: autoDraw = False
138.4679 	EXP 	New trial (rep=1, index=11): OrderedDict([('condition', 'congruent'), ('stim', 'X')])
138.4832 	EXP 	ITI: autoDraw = False
138.4832 	EXP 	fixation_cross: autoDraw = False
138.4832 	EXP 	left_stim: autoDraw = False
138.4832 	EXP 	right_stim: autoDraw = False
138.4832 	EXP 	ITI: autoDraw = False
138.4832 	EXP 	fixation_cross: autoDraw = True
138.4832 	EXP 	left_stim: autoDraw = True
138.4832 	EXP 	right_stim: autoDraw = True
139.9832 	EXP 	fixation_cross: autoDraw = False
139.9832 	EXP 	left_stim: autoDraw = False
139.9832 	EXP 	right_stim: autoDraw = False
139.9832 	EXP 	ITI: autoDraw = True
140.9685 	EXP 	New trial (rep=2, index=0): OrderedDict([('condition', 'incongruent'), ('stim', 'O')])
140.9834 	EXP 	ITI: autoDraw = False
140.9834 	EXP 	fixation_cross: autoDraw = False
140.9834 	EXP 	left_stim: autoDraw = False
140.9834 	EXP 	right_stim: autoDraw = False
140.9834 	EXP 	ITI: autoDraw = False
140.9834 	EXP 	fixation_cross: autoDraw = True
140.9834 	EXP 	left_stim: autoDraw = True
140.9834 	EXP 	right_stim: autoDraw = True
142.4841 	EXP 	fixation_cross: autoDraw = False
142.4841 	EXP 	left_stim: autoDraw = False
142.4841 	EXP 	right_stim: autoDraw = False
142.4841 	EXP 	ITI: autoDraw = True
143.4690 	EXP 	New trial (rep=2, index=1): OrderedDict([('condition', 'incongruent'), ('stim', 'X')])
143.4835 	EXP 	ITI: autoDraw = False
143.4835 	EXP 	fixation_cross: autoDraw = False
143.4835 	EXP 	left_stim: autoDraw = False
143.4835 	EXP 	right_stim: autoDraw = False
143.4835 	EXP 	ITI: autoDraw = False
143.4835 	EXP 	fixation_cross: autoDraw = True
143.4835 	EXP 	left_stim: autoDraw = True
143.4835 	EXP 	right_stim: autoDraw = True
144.9832 	EXP 	fixation_cross: autoDraw = False
144.9832 	EXP 	left_stim: autoDraw = False
144.9832 	EXP 	right_stim: autoDraw = False
144.9832 	EXP 	ITI: autoDraw = True
145.9690 	EXP 	New trial (rep=2, index=2): OrderedDict([('condition', 'congruent'), ('stim', 'O')])
145.9829 	EXP 	ITI: autoDraw = False
145.9829 	EXP 	fixation_cross: autoDraw = False
145.9829 	EXP 	left_stim: autoDraw = False
145.9829 	EXP 	right_stim: autoDraw = False
145.9829 	EXP 	ITI: autoDraw = False
145.9829 	EXP 	fixation_cross: autoDraw = True
145.9829 	EXP 	left_stim: autoDraw = True
145.9829 	EXP 	right_stim: autoDraw = True
147.4827 	EXP 	fixation_cross: autoDraw = False
147.4827 	EXP 	left_stim: autoDraw = False
147.4827 	EXP 	right_stim: autoDraw = False
147.4827 	EXP 	ITI: autoDraw = True
148.4692 	EXP 	New trial (rep=2, index=3): OrderedDict([('condition', 'congruent'), ('stim', 'X')])
148.4825 	EXP 	ITI: autoDraw = False
148.4825 	EXP 	fixation_cross: autoDraw = False
148.4825 	EXP 	left_stim: autoDraw = False
148.4825 	EXP 	right_stim: autoDraw = False
148.4825 	EXP 	ITI: autoDraw = False
148.4825 	EXP 	fixation_cross: autoDraw = True
148.4825 	EXP 	left_stim: autoDraw = True
148.4825 	EXP 	right_stim: autoDraw = True
149.9834 	EXP 	fixation_cross: autoDraw = False
149.9834 	EXP 	left_stim: autoDraw = False
149.9834 	EXP 	right_stim: autoDraw = False
149.9834 	EXP 	ITI: autoDraw = True
150.9685 	EXP 	New trial (rep=2, index=4): OrderedDict([('condition', 'congruent'), ('stim', 'O')])
150.9828 	EXP 	ITI: autoDraw = False
150.9828 	EXP 	fixation_cross: autoDraw = False
150.9828 	EXP 	left_stim: autoDraw = False
150.9828 	EXP 	right_stim: autoDraw = False
150.9828 	EXP 	ITI: autoDraw = False
150.9828 	EXP 	fixation_cross: autoDraw = True
150.9828 	EXP 	left_stim: autoDraw = True
150.9828 	EXP 	right_stim: autoDraw = True
152.4828 	EXP 	fixation_cross: autoDraw = False
152.4828 	EXP 	left_stim: autoDraw = False
152.4828 	EXP 	right_stim: autoDraw = False
152.4828 	EXP 	ITI: autoDraw = True
153.4663 	EXP 	New trial (rep=2, index=5): OrderedDict([('condition', 'incongruent'), ('stim', 'O')])
153.4822 	EXP 	ITI: autoDraw = False
153.4822 	EXP 	fixation_cross: autoDraw = False
153.4822 	EXP 	left_stim: autoDraw = False
153.4822 	EXP 	right_stim: autoDraw = False
153.4822 	EXP 	ITI: autoDraw = False
153.4822 	EXP 	fixation_cross: autoDraw = True
153.4822 	EXP 	left_stim: autoDraw = True
153.4822 	EXP 	right_stim: autoDraw = True
154.9658 	EXP 	ITI: autoDraw = True
154.9828 	EXP 	fixation_cross: autoDraw = False
154.9828 	EXP 	left_stim: autoDraw = False
154.9828 	EXP 	right_stim: autoDraw = False
155.9505 	EXP 	New trial (rep=2, index=6): OrderedDict([('condition', 'incongruent'), ('stim', 'X')])
155.9658 	EXP 	ITI: autoDraw = False
155.9658 	EXP 	fixation_cross: autoDraw = False
155.9658 	EXP 	left_stim: autoDraw = False
155.9658 	EXP 	right_stim: autoDraw = False
155.9658 	EXP 	ITI: autoDraw = False
155.9658 	EXP 	fixation_cross: autoDraw = True
155.9658 	EXP 	left_stim: autoDraw = True
155.9658 	EXP 	right_stim: autoDraw = True
157.4666 	EXP 	fixation_cross: autoDraw = False
157.4666 	EXP 	left_stim: autoDraw = False
157.4666 	EXP 	right_stim: autoDraw = False
157.4666 	EXP 	ITI: autoDraw = True
158.4507 	EXP 	New trial (rep=2, index=7): OrderedDict([('condition', 'congruent'), ('stim', 'O')])
158.4654 	EXP 	ITI: autoDraw = False
158.4654 	EXP 	fixation_cross: autoDraw = False
158.4654 	EXP 	left_stim: autoDraw = False
158.4654 	EXP 	right_stim: autoDraw = False
158.4654 	EXP 	ITI: autoDraw = False
158.4654 	EXP 	fixation_cross: autoDraw = True
158.4654 	EXP 	left_stim: autoDraw = True
158.4654 	EXP 	right_stim: autoDraw = True
159.9659 	EXP 	fixation_cross: autoDraw = False
159.9659 	EXP 	left_stim: autoDraw = False
159.9659 	EXP 	right_stim: autoDraw = False
159.9659 	EXP 	ITI: autoDraw = True
160.9506 	EXP 	New trial (rep=2, index=8): OrderedDict([('condition', 'incongruent'), ('stim', 'X')])
160.9654 	EXP 	ITI: autoDraw = False
160.9654 	EXP 	fixation_cross: autoDraw = False
160.9654 	EXP 	left_stim: autoDraw = False
160.9654 	EXP 	right_stim: autoDraw = False
160.9654 	EXP 	ITI: autoDraw = False
160.9654 	EXP 	fixation_cross: autoDraw = True
160.9654 	EXP 	left_stim: autoDraw = True
160.9654 	EXP 	right_stim: autoDraw = True
162.4657 	EXP 	fixation_cross: autoDraw = False
162.4657 	EXP 	left_stim: autoDraw = False
162.4657 	EXP 	right_stim: autoDraw = False
162.4657 	EXP 	ITI: autoDraw = True
163.4511 	EXP 	New trial (rep=2, index=9): OrderedDict([('condition', 'incongruent'), ('stim', 'O')])
163.4650 	EXP 	ITI: autoDraw = False
163.4650 	EXP 	fixation_cross: autoDraw = False
163.4650 	EXP 	left_stim: autoDraw = False
163.4650 	EXP 	right_stim: autoDraw = False
163.4650 	EXP 	ITI: autoDraw = False
163.4650 	EXP 	fixation_cross: autoDraw = True
163.4650 	EXP 	left_stim: autoDraw = True
163.4650 	EXP 	right_stim: autoDraw = True
164.9653 	EXP 	fixation_cross: autoDraw = False
164.9653 	EXP 	left_stim: autoDraw = False
164.9653 	EXP 	right_stim: autoDraw = False
164.9653 	EXP 	ITI: autoDraw = True
165.9508 	EXP 	New trial (rep=2, index=10): OrderedDict([('condition', 'congruent'), ('stim', 'X')])
165.9649 	EXP 	ITI: autoDraw = False
165.9649 	EXP 	fixation_cross: autoDraw = False
165.9649 	EXP 	left_stim: autoDraw = False
165.9649 	EXP 	right_stim: autoDraw = False
165.9649 	EXP 	ITI: autoDraw = False
165.9649 	EXP 	fixation_cross: autoDraw = True
165.9649 	EXP 	left_stim: autoDraw = True
165.9649 	EXP 	right_stim: autoDraw = True
167.4655 	EXP 	fixation_cross: autoDraw = False
167.4655 	EXP 	left_stim: autoDraw = False
167.4655 	EXP 	right_stim: autoDraw = False
167.4655 	EXP 	ITI: autoDraw = True
168.4505 	EXP 	New trial (rep=2, index=11): OrderedDict([('condition', 'congruent'), ('stim', 'X')])
168.4654 	EXP 	ITI: autoDraw = False
168.4654 	EXP 	fixation_cross: autoDraw = False
168.4654 	EXP 	left_stim: autoDraw = False
168.4654 	EXP 	right_stim: autoDraw = False
168.4654 	EXP 	ITI: autoDraw = False
168.4654 	EXP 	fixation_cross: autoDraw = True
168.4654 	EXP 	left_stim: autoDraw = True
168.4654 	EXP 	right_stim: autoDraw = True
169.9661 	EXP 	fixation_cross: autoDraw = False
169.9661 	EXP 	left_stim: autoDraw = False
169.9661 	EXP 	right_stim: autoDraw = False
169.9661 	EXP 	ITI: autoDraw = True
170.9503 	EXP 	New trial (rep=3, index=0): OrderedDict([('condition', 'congruent'), ('stim', 'X')])
170.9655 	EXP 	ITI: autoDraw = False
170.9655 	EXP 	fixation_cross: autoDraw = False
170.9655 	EXP 	left_stim: autoDraw = False
170.9655 	EXP 	right_stim: autoDraw = False
170.9655 	EXP 	ITI: autoDraw = False
170.9655 	EXP 	fixation_cross: autoDraw = True
170.9655 	EXP 	left_stim: autoDraw = True
170.9655 	EXP 	right_stim: autoDraw = True
172.4651 	EXP 	fixation_cross: autoDraw = False
172.4651 	EXP 	left_stim: autoDraw = False
172.4651 	EXP 	right_stim: autoDraw = False
172.4651 	EXP 	ITI: autoDraw = True
173.4489 	EXP 	New trial (rep=3, index=1): OrderedDict([('condition', 'incongruent'), ('stim', 'O')])
173.4650 	EXP 	ITI: autoDraw = False
173.4650 	EXP 	fixation_cross: autoDraw = False
173.4650 	EXP 	left_stim: autoDraw = False
173.4650 	EXP 	right_stim: autoDraw = False
173.4650 	EXP 	ITI: autoDraw = False
173.4650 	EXP 	fixation_cross: autoDraw = True
173.4650 	EXP 	left_stim: autoDraw = True
173.4650 	EXP 	right_stim: autoDraw = True
174.9484 	EXP 	ITI: autoDraw = True
174.9651 	EXP 	fixation_cross: autoDraw = False
174.9651 	EXP 	left_stim: autoDraw = False
174.9651 	EXP 	right_stim: autoDraw = False
175.9336 	EXP 	New trial (rep=3, index=2): OrderedDict([('condition', 'incongruent'), ('stim', 'O')])
175.9481 	EXP 	ITI: autoDraw = False
175.9481 	EXP 	fixation_cross: autoDraw = False
175.9481 	EXP 	left_stim: autoDraw = False
175.9481 	EXP 	right_stim: autoDraw = False
175.9481 	EXP 	ITI: autoDraw = False
175.9481 	EXP 	fixation_cross: autoDraw = True
175.9481 	EXP 	left_stim: autoDraw = True
175.9481 	EXP 	right_stim: autoDraw = True
177.4483 	EXP 	fixation_cross: autoDraw = False
177.4483 	EXP 	left_stim: autoDraw = False
177.4483 	EXP 	right_stim: autoDraw = False
177.4483 	EXP 	ITI: autoDraw = True
178.4337 	EXP 	New trial (rep=3, index=3): OrderedDict([('condition', 'incongruent'), ('stim', 'X')])
178.4483 	EXP 	ITI: autoDraw = False
178.4483 	EXP 	fixation_cross: autoDraw = False
178.4483 	EXP 	left_stim: autoDraw = False
178.4483 	EXP 	right_stim: autoDraw = False
178.4483 	EXP 	ITI: autoDraw = False
178.4483 	EXP 	fixation_cross: autoDraw = True
178.4483 	EXP 	left_stim: autoDraw = True
178.4483 	EXP 	right_stim: autoDraw = True
179.9485 	EXP 	fixation_cross: autoDraw = False
179.9485 	EXP 	left_stim: autoDraw = False
179.9485 	EXP 	right_stim: autoDraw = False
179.9485 	EXP 	ITI: autoDraw = True
180.9329 	EXP 	New trial (rep=3, index=4): OrderedDict([('condition', 'incongruent'), ('stim', 'X')])
180.9479 	EXP 	ITI: autoDraw = False
180.9479 	EXP 	fixation_cross: autoDraw = False
180.9479 	EXP 	left_stim: autoDraw = False
180.9479 	EXP 	right_stim: autoDraw = False
180.9479 	EXP 	ITI: autoDraw = False
180.9479 	EXP 	fixation_cross: autoDraw = True
180.9479 	EXP 	left_stim: autoDraw = True
180.9479 	EXP 	right_stim: autoDraw = True
182.4479 	EXP 	fixation_cross: autoDraw = False
182.4479 	EXP 	left_stim: autoDraw = False
182.4479 	EXP 	right_stim: autoDraw = False
182.4479 	EXP 	ITI: autoDraw = True
183.4332 	EXP 	New trial (rep=3, index=5): OrderedDict([('condition', 'incongruent'), ('stim', 'X')])
183.4481 	EXP 	ITI: autoDraw = False
183.4481 	EXP 	fixation_cross: autoDraw = False
183.4481 	EXP 	left_stim: autoDraw = False
183.4481 	EXP 	right_stim: autoDraw = False
183.4481 	EXP 	ITI: autoDraw = False
183.4481 	EXP 	fixation_cross: autoDraw = True
183.4481 	EXP 	left_stim: autoDraw = True
183.4481 	EXP 	right_stim: autoDraw = True
184.9479 	EXP 	fixation_cross: autoDraw = False
184.9479 	EXP 	left_stim: autoDraw = False
184.9479 	EXP 	right_stim: autoDraw = False
184.9479 	EXP 	ITI: autoDraw = True
185.9322 	EXP 	New trial (rep=3, index=6): OrderedDict([('condition', 'congruent'), ('stim', 'X')])
185.9475 	EXP 	ITI: autoDraw = False
185.9475 	EXP 	fixation_cross: autoDraw = False
185.9475 	EXP 	left_stim: autoDraw = False
185.9475 	EXP 	right_stim: autoDraw = False
185.9475 	EXP 	ITI: autoDraw = False
185.9475 	EXP 	fixation_cross: autoDraw = True
185.9475 	EXP 	left_stim: autoDraw = True
185.9475 	EXP 	right_stim: autoDraw = True
187.4480 	EXP 	fixation_cross: autoDraw = False
187.4480 	EXP 	left_stim: autoDraw = False
187.4480 	EXP 	right_stim: autoDraw = False
187.4480 	EXP 	ITI: autoDraw = True
188.4340 	EXP 	New trial (rep=3, index=7): OrderedDict([('condition', 'congruent'), ('stim', 'O')])
188.4474 	EXP 	ITI: autoDraw = False
188.4474 	EXP 	fixation_cross: autoDraw = False
188.4474 	EXP 	left_stim: autoDraw = False
188.4474 	EXP 	right_stim: autoDraw = False
188.4474 	EXP 	ITI: autoDraw = False
188.4474 	EXP 	fixation_cross: autoDraw = True
188.4474 	EXP 	left_stim: autoDraw = True
188.4474 	EXP 	right_stim: autoDraw = True
189.9481 	EXP 	fixation_cross: autoDraw = False
189.9481 	EXP 	left_stim: autoDraw = False
189.9481 	EXP 	right_stim: autoDraw = False
189.9481 	EXP 	ITI: autoDraw = True
190.9329 	EXP 	New trial (rep=3, index=8): OrderedDict([('condition', 'congruent'), ('stim', 'O')])
190.9475 	EXP 	ITI: autoDraw = False
190.9475 	EXP 	fixation_cross: autoDraw = False
190.9475 	EXP 	left_stim: autoDraw = False
190.9475 	EXP 	right_stim: autoDraw = False
190.9475 	EXP 	ITI: autoDraw = False
190.9475 	EXP 	fixation_cross: autoDraw = True
190.9475 	EXP 	left_stim: autoDraw = True
190.9475 	EXP 	right_stim: autoDraw = True
192.4478 	EXP 	fixation_cross: autoDraw = False
192.4478 	EXP 	left_stim: autoDraw = False
192.4478 	EXP 	right_stim: autoDraw = False
192.4478 	EXP 	ITI: autoDraw = True
193.4336 	EXP 	New trial (rep=3, index=9): OrderedDict([('condition', 'congruent'), ('stim', 'X')])
193.4470 	EXP 	ITI: autoDraw = False
193.4470 	EXP 	fixation_cross: autoDraw = False
193.4470 	EXP 	left_stim: autoDraw = False
193.4470 	EXP 	right_stim: autoDraw = False
193.4470 	EXP 	ITI: autoDraw = False
193.4470 	EXP 	fixation_cross: autoDraw = True
193.4470 	EXP 	left_stim: autoDraw = True
193.4470 	EXP 	right_stim: autoDraw = True
194.9476 	EXP 	fixation_cross: autoDraw = False
194.9476 	EXP 	left_stim: autoDraw = False
194.9476 	EXP 	right_stim: autoDraw = False
194.9476 	EXP 	ITI: autoDraw = True
195.9322 	EXP 	New trial (rep=3, index=10): OrderedDict([('condition', 'congruent'), ('stim', 'O')])
195.9471 	EXP 	ITI: autoDraw = False
195.9471 	EXP 	fixation_cross: autoDraw = False
195.9471 	EXP 	left_stim: autoDraw = False
195.9471 	EXP 	right_stim: autoDraw = False
195.9471 	EXP 	ITI: autoDraw = False
195.9471 	EXP 	fixation_cross: autoDraw = True
195.9471 	EXP 	left_stim: autoDraw = True
195.9471 	EXP 	right_stim: autoDraw = True
197.4476 	EXP 	fixation_cross: autoDraw = False
197.4476 	EXP 	left_stim: autoDraw = False
197.4476 	EXP 	right_stim: autoDraw = False
197.4476 	EXP 	ITI: autoDraw = True
198.4325 	EXP 	New trial (rep=3, index=11): OrderedDict([('condition', 'incongruent'), ('stim', 'O')])
198.4467 	EXP 	ITI: autoDraw = False
198.4467 	EXP 	fixation_cross: autoDraw = False
198.4467 	EXP 	left_stim: autoDraw = False
198.4467 	EXP 	right_stim: autoDraw = False
198.4467 	EXP 	ITI: autoDraw = False
198.4467 	EXP 	fixation_cross: autoDraw = True
198.4467 	EXP 	left_stim: autoDraw = True
198.4467 	EXP 	right_stim: autoDraw = True
199.9471 	EXP 	fixation_cross: autoDraw = False
199.9471 	EXP 	left_stim: autoDraw = False
199.9471 	EXP 	right_stim: autoDraw = False
199.9471 	EXP 	ITI: autoDraw = True
200.9471 	EXP 	ITI: autoDraw = False
200.9471 	EXP 	fixation_cross: autoDraw = False
200.9471 	EXP 	left_stim: autoDraw = False
200.9471 	EXP 	right_stim: autoDraw = False
200.9471 	EXP 	ITI: autoDraw = False
200.9472 	EXP 	simon_task_simple3: status = STOPPED
201.0033 	EXP 	window1: mouseVisible = True
