19.6452 	EXP 	Created window1 = Window(allowGUI=True, allowStencil=False, autoLog=True, backendConf=UNKNOWN, backgroundFit=<method-wrapper '__getattribute__' of attributeSetter object at 0x0000020C82C84100>, backgroundImage=<method-wrapper '__getattribute__' of attributeSetter object at 0x0000020C82C840A0>, bitsMode=UNKNOWN, blendMode='avg', bpc=(8, 8, 8), color=array([0, 0, 0]), colorSpace='rgb', depthBits=8, fullscr=<method-wrapper '__getattribute__' of attributeSetter object at 0x0000020C82C72F40>, gamma=None, gammaErrorPolicy='raise', lms=UNKNOWN, monitor=<psychopy.monitors.calibTools.Monitor object at 0x0000020C82FCEF10>, multiSample=False, name='window1', numSamples=2, pos=(560, 340), screen=0, size=array([800, 600]), stencilBits=0, stereo=False, title='PsychoPy', units='norm', useFBO=True, useRetina=False, viewOri=0.0, viewPos=None, viewScale=None, waitBlanking=True, winType='pyglet')
19.6453 	EXP 	window1: mouseVisible = True
19.6453 	EXP 	window1: backgroundImage = ''
19.6453 	EXP 	window1: backgroundFit = 'none'
19.6476 	EXP 	window1: Attempting to measure frame rate of screen (0) ...
19.6477 	EXP 	window1: recordFrameIntervals = False
19.8125 	EXP 	window1: recordFrameIntervals = True
19.9963 	EXP 	Screen (0) actual frame rate measured at 59.61Hz
19.9964 	EXP 	window1: recordFrameIntervals = False
19.9967 	EXP 	window1: mouseVisible = True
20.0404 	WARNING 	launchHubServer: If using the iohub mouse or eyetracker devices, fullScr should be True.
23.8954 	EXP 	simon_task: status = STARTED
23.8958 	EXP 	window1: mouseVisible = True
24.0181 	EXP 	Created text_norm = TextStim(__class__=<class 'psychopy.visual.text.TextStim'>, alignHoriz=method-wrapper(...), alignText='center', alignVert=method-wrapper(...), anchorHoriz='center', anchorVert='center', antialias=True, autoDraw=False, autoLog=True, bold=False, color=array([1., 1., 1.]), colorSpace='rgb', contrast=1.0, depth=0.0, draggable=False, flipHoriz=False, flipVert=False, font='Arial', fontFiles=[], height=0.1, italic=False, languageStyle='LTR', name='text_norm', opacity=1.0, ori=0.0, pos=array([0., 0.]), rgb=UNKNOWN, text=str(...), units='norm', win=Window(...), wrapWidth=1.8)
24.0183 	EXP 	window1: mouseVisible = True
24.0222 	EXP 	Created fixation_cross = TextStim(__class__=<class 'psychopy.visual.text.TextStim'>, alignHoriz=method-wrapper(...), alignText='center', alignVert=method-wrapper(...), anchorHoriz='center', anchorVert='center', antialias=True, autoDraw=False, autoLog=True, bold=False, color=array([1., 1., 1.]), colorSpace='rgb', contrast=1.0, depth=0.0, draggable=False, flipHoriz=False, flipVert=False, font='Arial', fontFiles=[], height=0.1, italic=False, languageStyle='LTR', name='fixation_cross', opacity=1.0, ori=0, pos=array([0., 0.]), rgb=UNKNOWN, text='+', units='norm', win=Window(...), wrapWidth=1)
24.0224 	EXP 	window1: mouseVisible = True
24.0234 	EXP 	Created left_stim = TextStim(__class__=<class 'psychopy.visual.text.TextStim'>, alignHoriz=method-wrapper(...), alignText='center', alignVert=method-wrapper(...), anchorHoriz='center', anchorVert='center', antialias=True, autoDraw=False, autoLog=True, bold=False, color=array([1., 1., 1.]), colorSpace='rgb', contrast=1.0, depth=-1.0, draggable=False, flipHoriz=False, flipVert=False, font='Arial', fontFiles=[], height=0.1, italic=False, languageStyle='LTR', name='left_stim', opacity=1.0, ori=0, pos=array([-0.5,  0. ]), rgb=UNKNOWN, text='', units='norm', win=Window(...), wrapWidth=1)
24.0235 	EXP 	window1: mouseVisible = True
24.0247 	EXP 	Created right_stim = TextStim(__class__=<class 'psychopy.visual.text.TextStim'>, alignHoriz=method-wrapper(...), alignText='center', alignVert=method-wrapper(...), anchorHoriz='center', anchorVert='center', antialias=True, autoDraw=False, autoLog=True, bold=False, color=array([1., 1., 1.]), colorSpace='rgb', contrast=1.0, depth=-2.0, draggable=False, flipHoriz=False, flipVert=False, font='Arial', fontFiles=[], height=0.1, italic=False, languageStyle='LTR', name='right_stim', opacity=1.0, ori=0, pos=array([0.5, 0. ]), rgb=UNKNOWN, text='', units='norm', win=Window(...), wrapWidth=1)
24.0254 	EXP 	window1: mouseVisible = True
24.0280 	EXP 	Created ITI = TextStim(__class__=<class 'psychopy.visual.text.TextStim'>, alignHoriz=method-wrapper(...), alignText='center', alignVert=method-wrapper(...), anchorHoriz='center', anchorVert='center', antialias=True, autoDraw=False, autoLog=True, bold=False, color=array([1., 1., 1.]), colorSpace='rgb', contrast=1.0, depth=-3.0, draggable=False, flipHoriz=False, flipVert=False, font='Arial', fontFiles=[], height=0.1, italic=False, languageStyle='LTR', name='ITI', opacity=1.0, ori=0, pos=array([0., 0.]), rgb=UNKNOWN, text='+', units='norm', win=Window(...), wrapWidth=1)
0.0516 	EXP 	text_norm: alignText = 'left'
0.0578 	EXP 	Imported simon_task_order.csv as conditions, 4 conditions, 2 params
0.0581 	EXP 	Created sequence: sequential, trialTypes=4, nReps=2, seed=None
0.0583 	EXP 	New trial (rep=0, index=0): OrderedDict([('condition', 'incongruent'), ('stim', 'X')])
0.1888 	EXP 	text_norm: autoDraw = True
0.1888 	EXP 	text_norm: height = 0.1
0.1888 	EXP 	text_norm: height = 0.1
0.1888 	EXP 	text_norm: height = 0.1
0.1888 	EXP 	text_norm: text = "Basic Simon Task\n\nOnscren you will seee either a 'O' or an 'X' as a target. You will be asked to respond to the IDENTITY of the target - the side it appears on is not relevant.\n\n\nIf you see an 'O' press 'z' on the keyboard\nIf you see an 'X' press 'm' on the keyboard\n\n\nPress the spacebar to continue"
27.6400 	DATA 	Keypress: space
27.6485 	EXP 	text_norm: autoDraw = False
27.6485 	EXP 	left_stim: height = 0.1
27.6485 	EXP 	left_stim: height = 0.1
27.6485 	EXP 	left_stim: height = 0.1
27.6485 	EXP 	left_stim: text = 'X'
27.6485 	EXP 	right_stim: text = ''
27.6485 	EXP 	fixation_cross: autoDraw = True
27.6485 	EXP 	left_stim: autoDraw = True
27.6485 	EXP 	right_stim: autoDraw = True
27.6485 	EXP 	right_stim: height = 0.1
27.6485 	EXP 	right_stim: height = 0.1
27.6485 	EXP 	right_stim: height = 0.1
27.6485 	EXP 	right_stim: text = ''
28.6483 	EXP 	fixation_cross: autoDraw = False
28.6483 	EXP 	left_stim: autoDraw = False
28.6483 	EXP 	right_stim: autoDraw = False
28.6483 	EXP 	ITI: autoDraw = True
28.8898 	DATA 	Keypress: comma
29.6333 	EXP 	New trial (rep=0, index=1): OrderedDict([('condition', 'congruent'), ('stim', 'X')])
29.6483 	EXP 	ITI: autoDraw = False
29.6483 	EXP 	fixation_cross: autoDraw = False
29.6483 	EXP 	left_stim: autoDraw = False
29.6483 	EXP 	right_stim: autoDraw = False
29.6483 	EXP 	ITI: autoDraw = False
29.6483 	EXP 	text_norm: autoDraw = True
31.2584 	DATA 	Keypress: space
31.2657 	EXP 	text_norm: autoDraw = False
31.2657 	EXP 	left_stim: height = 0.1
31.2657 	EXP 	left_stim: height = 0.1
31.2657 	EXP 	left_stim: height = 0.1
31.2657 	EXP 	left_stim: text = ''
31.2657 	EXP 	right_stim: height = 0.1
31.2657 	EXP 	right_stim: height = 0.1
31.2657 	EXP 	right_stim: height = 0.1
31.2657 	EXP 	right_stim: text = 'X'
31.2657 	EXP 	fixation_cross: autoDraw = True
31.2657 	EXP 	left_stim: autoDraw = True
31.2657 	EXP 	right_stim: autoDraw = True
32.2651 	EXP 	fixation_cross: autoDraw = False
32.2651 	EXP 	left_stim: autoDraw = False
32.2651 	EXP 	right_stim: autoDraw = False
32.2651 	EXP 	ITI: autoDraw = True
33.2652 	EXP 	New trial (rep=0, index=2): OrderedDict([('condition', 'incongruent'), ('stim', 'O')])
33.2811 	EXP 	fixation_cross: autoDraw = False
33.2811 	EXP 	left_stim: autoDraw = False
33.2811 	EXP 	right_stim: autoDraw = False
33.2811 	EXP 	ITI: autoDraw = False
33.2811 	EXP 	text_norm: autoDraw = True
37.7847 	DATA 	Keypress: escape
37.9492 	EXP 	simon_task: status = STOPPED
37.9646 	EXP 	text_norm: autoDraw = False
37.9647 	EXP 	simon_task: status = STOPPED
38.0361 	EXP 	window1: mouseVisible = True
