14.5103 	EXP 	Created window1 = Window(allowGUI=True, allowStencil=False, autoLog=True, backendConf=UNKNOWN, backgroundFit=<method-wrapper '__getattribute__' of attributeSetter object at 0x00000257112B0C70>, backgroundImage=<method-wrapper '__getattribute__' of attributeSetter object at 0x00000257112B0C10>, bitsMode=UNKNOWN, blendMode='avg', bpc=(8, 8, 8), color=array([0, 0, 0]), colorSpace='rgb', depthBits=8, fullscr=<method-wrapper '__getattribute__' of attributeSetter object at 0x00000257112B0A60>, gamma=None, gammaErrorPolicy='raise', lms=UNKNOWN, monitor=<psychopy.monitors.calibTools.Monitor object at 0x00000257115FF520>, multiSample=False, name='window1', numSamples=2, pos=(560, 340), screen=0, size=array([800, 600]), stencilBits=0, stereo=False, title='PsychoPy', units='norm', useFBO=True, useRetina=False, viewOri=0.0, viewPos=None, viewScale=None, waitBlanking=True, winType='pyglet')
14.5104 	EXP 	window1: mouseVisible = True
14.5105 	EXP 	window1: backgroundImage = ''
14.5105 	EXP 	window1: backgroundFit = 'none'
14.5129 	EXP 	window1: Attempting to measure frame rate of screen (0) ...
14.5129 	EXP 	window1: recordFrameIntervals = False
14.6770 	EXP 	window1: recordFrameIntervals = True
15.0279 	EXP 	Screen (0) actual frame rate measured at 59.60Hz
15.0280 	EXP 	window1: recordFrameIntervals = False
15.0286 	EXP 	window1: mouseVisible = True
15.0940 	WARNING 	launchHubServer: If using the iohub mouse or eyetracker devices, fullScr should be True.
19.4803 	EXP 	simon_task: status = STARTED
19.4806 	EXP 	window1: mouseVisible = True
19.5531 	EXP 	Created fixation_cross = TextStim(__class__=<class 'psychopy.visual.text.TextStim'>, alignHoriz=method-wrapper(...), alignText='center', alignVert=method-wrapper(...), anchorHoriz='center', anchorVert='center', antialias=True, autoDraw=False, autoLog=True, bold=False, color=array([1., 1., 1.]), colorSpace='rgb', contrast=1.0, depth=0.0, draggable=False, flipHoriz=False, flipVert=False, font='Arial', fontFiles=[], height=0.1, italic=False, languageStyle='LTR', name='fixation_cross', opacity=1.0, ori=0, pos=array([0., 0.]), rgb=UNKNOWN, text='+', units='norm', win=Window(...), wrapWidth=1)
19.5534 	EXP 	window1: mouseVisible = True
19.5546 	EXP 	Created left_stim = TextStim(__class__=<class 'psychopy.visual.text.TextStim'>, alignHoriz=method-wrapper(...), alignText='center', alignVert=method-wrapper(...), anchorHoriz='center', anchorVert='center', antialias=True, autoDraw=False, autoLog=True, bold=False, color=array([1., 1., 1.]), colorSpace='rgb', contrast=1.0, depth=-1.0, draggable=False, flipHoriz=False, flipVert=False, font='Arial', fontFiles=[], height=0.1, italic=False, languageStyle='LTR', name='left_stim', opacity=1.0, ori=0, pos=array([-0.5,  0. ]), rgb=UNKNOWN, text='', units='norm', win=Window(...), wrapWidth=1)
19.5547 	EXP 	window1: mouseVisible = True
19.5557 	EXP 	Created right_stim = TextStim(__class__=<class 'psychopy.visual.text.TextStim'>, alignHoriz=method-wrapper(...), alignText='center', alignVert=method-wrapper(...), anchorHoriz='center', anchorVert='center', antialias=True, autoDraw=False, autoLog=True, bold=False, color=array([1., 1., 1.]), colorSpace='rgb', contrast=1.0, depth=-2.0, draggable=False, flipHoriz=False, flipVert=False, font='Arial', fontFiles=[], height=0.1, italic=False, languageStyle='LTR', name='right_stim', opacity=1.0, ori=0, pos=array([0.5, 0. ]), rgb=UNKNOWN, text='', units='norm', win=Window(...), wrapWidth=1)
19.5558 	EXP 	window1: mouseVisible = True
19.5584 	EXP 	Created ITI = TextStim(__class__=<class 'psychopy.visual.text.TextStim'>, alignHoriz=method-wrapper(...), alignText='center', alignVert=method-wrapper(...), anchorHoriz='center', anchorVert='center', antialias=True, autoDraw=False, autoLog=True, bold=False, color=array([1., 1., 1.]), colorSpace='rgb', contrast=1.0, depth=-3.0, draggable=False, flipHoriz=False, flipVert=False, font='Arial', fontFiles=[], height=0.1, italic=False, languageStyle='LTR', name='ITI', opacity=1.0, ori=0, pos=array([0., 0.]), rgb=UNKNOWN, text='+', units='norm', win=Window(...), wrapWidth=1)
0.0230 	EXP 	Imported simon_task_order.csv as conditions, 4 conditions, 2 params
0.0234 	EXP 	Created sequence: sequential, trialTypes=4, nReps=2, seed=None
0.0236 	EXP 	New trial (rep=0, index=0): OrderedDict([('condition', 'incongruent'), ('stim', 'X')])
0.0503 	EXP 	left_stim: height = 0.1
0.0503 	EXP 	left_stim: height = 0.1
0.0503 	EXP 	left_stim: height = 0.1
0.0503 	EXP 	left_stim: text = 'X'
0.0503 	EXP 	right_stim: text = ''
0.0503 	EXP 	fixation_cross: autoDraw = True
0.0503 	EXP 	left_stim: autoDraw = True
0.0503 	EXP 	right_stim: autoDraw = True
0.0503 	EXP 	right_stim: height = 0.1
0.0503 	EXP 	right_stim: height = 0.1
0.0503 	EXP 	right_stim: height = 0.1
0.0503 	EXP 	right_stim: text = ''
1.0056 	DATA 	Keypress: z
1.0343 	EXP 	ITI: autoDraw = True
1.0508 	EXP 	fixation_cross: autoDraw = False
1.0508 	EXP 	left_stim: autoDraw = False
1.0508 	EXP 	right_stim: autoDraw = False
2.0201 	EXP 	New trial (rep=0, index=1): OrderedDict([('condition', 'congruent'), ('stim', 'X')])
2.0347 	EXP 	ITI: autoDraw = False
2.0347 	EXP 	fixation_cross: autoDraw = False
2.0347 	EXP 	left_stim: autoDraw = False
2.0347 	EXP 	right_stim: autoDraw = False
2.0347 	EXP 	ITI: autoDraw = False
2.0347 	EXP 	left_stim: height = 0.1
2.0347 	EXP 	left_stim: height = 0.1
2.0347 	EXP 	left_stim: height = 0.1
2.0347 	EXP 	left_stim: text = ''
2.0347 	EXP 	right_stim: height = 0.1
2.0347 	EXP 	right_stim: height = 0.1
2.0347 	EXP 	right_stim: height = 0.1
2.0347 	EXP 	right_stim: text = 'X'
2.0347 	EXP 	fixation_cross: autoDraw = True
2.0347 	EXP 	left_stim: autoDraw = True
2.0347 	EXP 	right_stim: autoDraw = True
2.5411 	DATA 	Keypress: m
3.0349 	EXP 	ITI: autoDraw = True
3.0520 	EXP 	fixation_cross: autoDraw = False
3.0520 	EXP 	left_stim: autoDraw = False
3.0520 	EXP 	right_stim: autoDraw = False
3.2363 	DATA 	Keypress: z
4.0370 	EXP 	New trial (rep=0, index=2): OrderedDict([('condition', 'incongruent'), ('stim', 'O')])
4.0503 	EXP 	fixation_cross: autoDraw = False
4.0503 	EXP 	left_stim: autoDraw = False
4.0503 	EXP 	right_stim: autoDraw = False
4.0503 	EXP 	ITI: autoDraw = False
4.0503 	EXP 	left_stim: text = ''
4.0503 	EXP 	right_stim: height = 0.1
4.0503 	EXP 	right_stim: height = 0.1
4.0503 	EXP 	right_stim: height = 0.1
4.0503 	EXP 	right_stim: text = 'O'
4.0503 	EXP 	fixation_cross: autoDraw = True
4.0503 	EXP 	left_stim: autoDraw = True
4.0503 	EXP 	right_stim: autoDraw = True
4.4422 	DATA 	Keypress: m
5.0516 	EXP 	fixation_cross: autoDraw = False
5.0516 	EXP 	left_stim: autoDraw = False
5.0516 	EXP 	right_stim: autoDraw = False
5.0516 	EXP 	ITI: autoDraw = True
6.0382 	EXP 	New trial (rep=0, index=3): OrderedDict([('condition', 'congruent'), ('stim', 'O')])
6.0504 	EXP 	ITI: autoDraw = False
6.0504 	EXP 	fixation_cross: autoDraw = False
6.0504 	EXP 	left_stim: autoDraw = False
6.0504 	EXP 	right_stim: autoDraw = False
6.0504 	EXP 	ITI: autoDraw = False
6.0504 	EXP 	left_stim: height = 0.1
6.0504 	EXP 	left_stim: height = 0.1
6.0504 	EXP 	left_stim: height = 0.1
6.0504 	EXP 	left_stim: text = 'O'
6.0504 	EXP 	right_stim: height = 0.1
6.0504 	EXP 	right_stim: height = 0.1
6.0504 	EXP 	right_stim: height = 0.1
6.0504 	EXP 	right_stim: text = ''
6.0504 	EXP 	fixation_cross: autoDraw = True
6.0504 	EXP 	left_stim: autoDraw = True
6.0504 	EXP 	right_stim: autoDraw = True
6.3713 	DATA 	Keypress: m
7.0507 	EXP 	fixation_cross: autoDraw = False
7.0507 	EXP 	left_stim: autoDraw = False
7.0507 	EXP 	right_stim: autoDraw = False
7.0507 	EXP 	ITI: autoDraw = True
8.0371 	EXP 	New trial (rep=1, index=0): OrderedDict([('condition', 'incongruent'), ('stim', 'X')])
8.0505 	EXP 	ITI: autoDraw = False
8.0505 	EXP 	fixation_cross: autoDraw = False
8.0505 	EXP 	left_stim: autoDraw = False
8.0505 	EXP 	right_stim: autoDraw = False
8.0505 	EXP 	ITI: autoDraw = False
8.0505 	EXP 	left_stim: height = 0.1
8.0505 	EXP 	left_stim: height = 0.1
8.0505 	EXP 	left_stim: height = 0.1
8.0505 	EXP 	left_stim: text = 'X'
8.0505 	EXP 	right_stim: text = ''
8.0505 	EXP 	fixation_cross: autoDraw = True
8.0505 	EXP 	left_stim: autoDraw = True
8.0505 	EXP 	right_stim: autoDraw = True
8.7032 	DATA 	Keypress: z
9.0510 	EXP 	fixation_cross: autoDraw = False
9.0510 	EXP 	left_stim: autoDraw = False
9.0510 	EXP 	right_stim: autoDraw = False
9.0510 	EXP 	ITI: autoDraw = True
10.0366 	EXP 	New trial (rep=1, index=1): OrderedDict([('condition', 'congruent'), ('stim', 'X')])
10.0513 	EXP 	ITI: autoDraw = False
10.0513 	EXP 	fixation_cross: autoDraw = False
10.0513 	EXP 	left_stim: autoDraw = False
10.0513 	EXP 	right_stim: autoDraw = False
10.0513 	EXP 	ITI: autoDraw = False
10.0513 	EXP 	left_stim: height = 0.1
10.0513 	EXP 	left_stim: height = 0.1
10.0513 	EXP 	left_stim: height = 0.1
10.0513 	EXP 	left_stim: text = ''
10.0513 	EXP 	right_stim: height = 0.1
10.0513 	EXP 	right_stim: height = 0.1
10.0513 	EXP 	right_stim: height = 0.1
10.0513 	EXP 	right_stim: text = 'X'
10.0513 	EXP 	fixation_cross: autoDraw = True
10.0513 	EXP 	left_stim: autoDraw = True
10.0513 	EXP 	right_stim: autoDraw = True
10.4560 	DATA 	Keypress: m
11.0515 	EXP 	ITI: autoDraw = True
11.0668 	EXP 	fixation_cross: autoDraw = False
11.0668 	EXP 	left_stim: autoDraw = False
11.0668 	EXP 	right_stim: autoDraw = False
12.0512 	EXP 	New trial (rep=1, index=2): OrderedDict([('condition', 'incongruent'), ('stim', 'O')])
12.0667 	EXP 	fixation_cross: autoDraw = False
12.0667 	EXP 	left_stim: autoDraw = False
12.0667 	EXP 	right_stim: autoDraw = False
12.0667 	EXP 	ITI: autoDraw = False
12.0667 	EXP 	left_stim: text = ''
12.0667 	EXP 	right_stim: height = 0.1
12.0667 	EXP 	right_stim: height = 0.1
12.0667 	EXP 	right_stim: height = 0.1
12.0667 	EXP 	right_stim: text = 'O'
12.0667 	EXP 	fixation_cross: autoDraw = True
12.0667 	EXP 	left_stim: autoDraw = True
12.0667 	EXP 	right_stim: autoDraw = True
12.4560 	DATA 	Keypress: m
13.0669 	EXP 	fixation_cross: autoDraw = False
13.0669 	EXP 	left_stim: autoDraw = False
13.0669 	EXP 	right_stim: autoDraw = False
13.0669 	EXP 	ITI: autoDraw = True
14.0523 	EXP 	New trial (rep=1, index=3): OrderedDict([('condition', 'congruent'), ('stim', 'O')])
14.0662 	EXP 	ITI: autoDraw = False
14.0662 	EXP 	fixation_cross: autoDraw = False
14.0662 	EXP 	left_stim: autoDraw = False
14.0662 	EXP 	right_stim: autoDraw = False
14.0662 	EXP 	ITI: autoDraw = False
14.0662 	EXP 	left_stim: height = 0.1
14.0662 	EXP 	left_stim: height = 0.1
14.0662 	EXP 	left_stim: height = 0.1
14.0662 	EXP 	left_stim: text = 'O'
14.0662 	EXP 	right_stim: height = 0.1
14.0662 	EXP 	right_stim: height = 0.1
14.0662 	EXP 	right_stim: height = 0.1
14.0662 	EXP 	right_stim: text = ''
14.0662 	EXP 	fixation_cross: autoDraw = True
14.0662 	EXP 	left_stim: autoDraw = True
14.0662 	EXP 	right_stim: autoDraw = True
14.4206 	DATA 	Keypress: z
15.0669 	EXP 	fixation_cross: autoDraw = False
15.0669 	EXP 	left_stim: autoDraw = False
15.0669 	EXP 	right_stim: autoDraw = False
15.0669 	EXP 	ITI: autoDraw = True
16.0666 	EXP 	ITI: autoDraw = False
16.0666 	EXP 	fixation_cross: autoDraw = False
16.0666 	EXP 	left_stim: autoDraw = False
16.0666 	EXP 	right_stim: autoDraw = False
16.0666 	EXP 	ITI: autoDraw = False
16.0668 	EXP 	simon_task: status = STOPPED
16.1371 	EXP 	window1: mouseVisible = True
