9.5337 	EXP 	Created window1 = Window(allowGUI=True, allowStencil=False, autoLog=True, backendConf=UNKNOWN, backgroundFit=<method-wrapper '__getattribute__' of attributeSetter object at 0x000002A426872C70>, backgroundImage=<method-wrapper '__getattribute__' of attributeSetter object at 0x000002A426872C10>, bitsMode=UNKNOWN, blendMode='avg', bpc=(8, 8, 8), color=array([0, 0, 0]), colorSpace='rgb', depthBits=8, fullscr=<method-wrapper '__getattribute__' of attributeSetter object at 0x000002A426872A60>, gamma=None, gammaErrorPolicy='raise', lms=UNKNOWN, monitor=<psychopy.monitors.calibTools.Monitor object at 0x000002A426A5F280>, multiSample=False, name='window1', numSamples=2, pos=(560, 340), screen=0, size=array([800, 600]), stencilBits=0, stereo=False, title='PsychoPy', units='norm', useFBO=True, useRetina=False, viewOri=0.0, viewPos=None, viewScale=None, waitBlanking=True, winType='pyglet')
9.5339 	EXP 	window1: mouseVisible = True
9.5339 	EXP 	window1: backgroundImage = ''
9.5339 	EXP 	window1: backgroundFit = 'none'
9.5365 	EXP 	window1: Attempting to measure frame rate of screen (0) ...
9.5365 	EXP 	window1: recordFrameIntervals = False
9.6986 	EXP 	window1: recordFrameIntervals = True
9.8813 	EXP 	Screen (0) actual frame rate measured at 60.69Hz
9.8813 	EXP 	window1: recordFrameIntervals = False
9.8814 	EXP 	window1: mouseVisible = True
9.9169 	WARNING 	launchHubServer: If using the iohub mouse or eyetracker devices, fullScr should be True.
12.6247 	EXP 	simon_task_simple: status = STARTED
12.6249 	EXP 	window1: mouseVisible = True
12.6952 	EXP 	Created text_norm = TextStim(__class__=<class 'psychopy.visual.text.TextStim'>, alignHoriz=method-wrapper(...), alignText='center', alignVert=method-wrapper(...), anchorHoriz='center', anchorVert='center', antialias=True, autoDraw=False, autoLog=True, bold=False, color=array([1., 1., 1.]), colorSpace='rgb', contrast=1.0, depth=0.0, draggable=False, flipHoriz=False, flipVert=False, font='Arial', fontFiles=[], height=0.1, italic=False, languageStyle='LTR', name='text_norm', opacity=1.0, ori=0.0, pos=array([0., 0.]), rgb=UNKNOWN, text=str(...), units='norm', win=Window(...), wrapWidth=1.8)
12.6954 	EXP 	window1: mouseVisible = True
12.6999 	EXP 	Created fixation_cross = TextStim(__class__=<class 'psychopy.visual.text.TextStim'>, alignHoriz=method-wrapper(...), alignText='center', alignVert=method-wrapper(...), anchorHoriz='center', anchorVert='center', antialias=True, autoDraw=False, autoLog=True, bold=False, color=array([1., 1., 1.]), colorSpace='rgb', contrast=1.0, depth=0.0, draggable=False, flipHoriz=False, flipVert=False, font='Arial', fontFiles=[], height=0.5, italic=False, languageStyle='LTR', name='fixation_cross', opacity=1.0, ori=0, pos=array([0., 0.]), rgb=UNKNOWN, text='+', units='norm', win=Window(...), wrapWidth=1)
12.7000 	EXP 	window1: mouseVisible = True
12.7008 	EXP 	Created left_stim = TextStim(__class__=<class 'psychopy.visual.text.TextStim'>, alignHoriz=method-wrapper(...), alignText='center', alignVert=method-wrapper(...), anchorHoriz='center', anchorVert='center', antialias=True, autoDraw=False, autoLog=True, bold=False, color=array([1., 1., 1.]), colorSpace='rgb', contrast=1.0, depth=-1.0, draggable=False, flipHoriz=False, flipVert=False, font='Arial', fontFiles=[], height=0.5, italic=False, languageStyle='LTR', name='left_stim', opacity=1.0, ori=0, pos=array([-0.5,  0. ]), rgb=UNKNOWN, text='', units='norm', win=Window(...), wrapWidth=1)
12.7009 	EXP 	window1: mouseVisible = True
12.7016 	EXP 	Created right_stim = TextStim(__class__=<class 'psychopy.visual.text.TextStim'>, alignHoriz=method-wrapper(...), alignText='center', alignVert=method-wrapper(...), anchorHoriz='center', anchorVert='center', antialias=True, autoDraw=False, autoLog=True, bold=False, color=array([1., 1., 1.]), colorSpace='rgb', contrast=1.0, depth=-2.0, draggable=False, flipHoriz=False, flipVert=False, font='Arial', fontFiles=[], height=0.5, italic=False, languageStyle='LTR', name='right_stim', opacity=1.0, ori=0, pos=array([0.5, 0. ]), rgb=UNKNOWN, text='', units='norm', win=Window(...), wrapWidth=1)
12.7017 	EXP 	window1: mouseVisible = True
12.7034 	EXP 	Created ITI = TextStim(__class__=<class 'psychopy.visual.text.TextStim'>, alignHoriz=method-wrapper(...), alignText='center', alignVert=method-wrapper(...), anchorHoriz='center', anchorVert='center', antialias=True, autoDraw=False, autoLog=True, bold=False, color=array([1., 1., 1.]), colorSpace='rgb', contrast=1.0, depth=-3.0, draggable=False, flipHoriz=False, flipVert=False, font='Arial', fontFiles=[], height=0.5, italic=False, languageStyle='LTR', name='ITI', opacity=1.0, ori=0, pos=array([0., 0.]), rgb=UNKNOWN, text='+', units='norm', win=Window(...), wrapWidth=1)
12.7034 	EXP 	window1: mouseVisible = True
12.7132 	EXP 	Created text_norm_2 = TextStim(__class__=<class 'psychopy.visual.text.TextStim'>, alignHoriz=method-wrapper(...), alignText='center', alignVert=method-wrapper(...), anchorHoriz='center', anchorVert='center', antialias=True, autoDraw=False, autoLog=True, bold=False, color=array([1., 1., 1.]), colorSpace='rgb', contrast=1.0, depth=0.0, draggable=False, flipHoriz=False, flipVert=False, font='Arial', fontFiles=[], height=0.1, italic=False, languageStyle='LTR', name='text_norm_2', opacity=1.0, ori=0.0, pos=array([0., 0.]), rgb=UNKNOWN, text=str(...), units='norm', win=Window(...), wrapWidth=1.8)
12.7133 	EXP 	window1: mouseVisible = True
12.7151 	EXP 	Created fixation_cross = TextStim(__class__=<class 'psychopy.visual.text.TextStim'>, alignHoriz=method-wrapper(...), alignText='center', alignVert=method-wrapper(...), anchorHoriz='center', anchorVert='center', antialias=True, autoDraw=False, autoLog=True, bold=False, color=array([1., 1., 1.]), colorSpace='rgb', contrast=1.0, depth=0.0, draggable=False, flipHoriz=False, flipVert=False, font='Arial', fontFiles=[], height=0.5, italic=False, languageStyle='LTR', name='fixation_cross', opacity=1.0, ori=0, pos=array([0., 0.]), rgb=UNKNOWN, text='+', units='norm', win=Window(...), wrapWidth=1)
12.7153 	EXP 	window1: mouseVisible = True
12.7160 	EXP 	Created left_stim = TextStim(__class__=<class 'psychopy.visual.text.TextStim'>, alignHoriz=method-wrapper(...), alignText='center', alignVert=method-wrapper(...), anchorHoriz='center', anchorVert='center', antialias=True, autoDraw=False, autoLog=True, bold=False, color=array([1., 1., 1.]), colorSpace='rgb', contrast=1.0, depth=-1.0, draggable=False, flipHoriz=False, flipVert=False, font='Arial', fontFiles=[], height=0.5, italic=False, languageStyle='LTR', name='left_stim', opacity=1.0, ori=0, pos=array([-0.5,  0. ]), rgb=UNKNOWN, text='', units='norm', win=Window(...), wrapWidth=1)
12.7160 	EXP 	window1: mouseVisible = True
12.7168 	EXP 	Created right_stim = TextStim(__class__=<class 'psychopy.visual.text.TextStim'>, alignHoriz=method-wrapper(...), alignText='center', alignVert=method-wrapper(...), anchorHoriz='center', anchorVert='center', antialias=True, autoDraw=False, autoLog=True, bold=False, color=array([1., 1., 1.]), colorSpace='rgb', contrast=1.0, depth=-2.0, draggable=False, flipHoriz=False, flipVert=False, font='Arial', fontFiles=[], height=0.5, italic=False, languageStyle='LTR', name='right_stim', opacity=1.0, ori=0, pos=array([0.5, 0. ]), rgb=UNKNOWN, text='', units='norm', win=Window(...), wrapWidth=1)
12.7168 	EXP 	window1: mouseVisible = True
12.7184 	EXP 	Created ITI = TextStim(__class__=<class 'psychopy.visual.text.TextStim'>, alignHoriz=method-wrapper(...), alignText='center', alignVert=method-wrapper(...), anchorHoriz='center', anchorVert='center', antialias=True, autoDraw=False, autoLog=True, bold=False, color=array([1., 1., 1.]), colorSpace='rgb', contrast=1.0, depth=-3.0, draggable=False, flipHoriz=False, flipVert=False, font='Arial', fontFiles=[], height=0.5, italic=False, languageStyle='LTR', name='ITI', opacity=1.0, ori=0, pos=array([0., 0.]), rgb=UNKNOWN, text='+', units='norm', win=Window(...), wrapWidth=1)
0.0370 	EXP 	text_norm: alignText = 'left'
0.0370 	EXP 	text_norm: alignText = 'left'
0.1247 	EXP 	text_norm: autoDraw = True
0.1247 	EXP 	text_norm: height = 0.1
0.1247 	EXP 	text_norm: height = 0.1
0.1247 	EXP 	text_norm: height = 0.1
0.1247 	EXP 	text_norm: text = "Basic Simon Task\n\nOnscren you will seee either a 'O' or an 'X' as a target. Your task is to identify the target.\n\nIf you see an 'O' press 'z' on the keyboard\nIf you see an 'X' press 'm' on the keyboard\n\nThe first 10 trials that follow this screen are practice trials.\n\nPress the spacebar to continue"
3.2368 	EXP 	Imported simon_prac_order.csv as conditions, 10 conditions, 2 params
3.2371 	EXP 	Created sequence: random, trialTypes=10, nReps=2, seed=None
3.2373 	EXP 	New trial (rep=0, index=0): OrderedDict([('condition', 'congruent'), ('stim', 'O')])
3.2436 	DATA 	Keypress: space
3.2458 	EXP 	text_norm: autoDraw = False
3.2458 	EXP 	left_stim: foreColor = <psychopy.colors.Color: blue, alpha=1.0>
3.2458 	EXP 	left_stim: height = 0.5
3.2458 	EXP 	left_stim: height = 0.5
3.2458 	EXP 	left_stim: height = 0.5
3.2458 	EXP 	left_stim: text = 'O'
3.2458 	EXP 	right_stim: foreColor = <psychopy.colors.Color: none, alpha=0.0>
3.2458 	EXP 	right_stim: text = ''
3.2458 	EXP 	fixation_cross: autoDraw = True
3.2458 	EXP 	left_stim: autoDraw = True
3.2458 	EXP 	right_stim: autoDraw = True
3.2458 	EXP 	right_stim: height = 0.5
3.2458 	EXP 	right_stim: height = 0.5
3.2458 	EXP 	right_stim: height = 0.5
3.2458 	EXP 	right_stim: text = ''
4.7466 	EXP 	fixation_cross: autoDraw = False
4.7466 	EXP 	left_stim: autoDraw = False
4.7466 	EXP 	right_stim: autoDraw = False
4.7466 	EXP 	ITI: autoDraw = True
5.7310 	EXP 	New trial (rep=0, index=1): OrderedDict([('condition', 'congruent'), ('stim', 'O')])
5.7469 	EXP 	ITI: autoDraw = False
5.7469 	EXP 	fixation_cross: autoDraw = False
5.7469 	EXP 	left_stim: autoDraw = False
5.7469 	EXP 	right_stim: autoDraw = False
5.7469 	EXP 	ITI: autoDraw = False
5.7469 	EXP 	left_stim: foreColor = <psychopy.colors.Color: blue, alpha=1.0>
5.7469 	EXP 	left_stim: text = 'O'
5.7469 	EXP 	right_stim: foreColor = <psychopy.colors.Color: none, alpha=0.0>
5.7469 	EXP 	right_stim: text = ''
5.7469 	EXP 	fixation_cross: autoDraw = True
5.7469 	EXP 	left_stim: autoDraw = True
5.7469 	EXP 	right_stim: autoDraw = True
7.2466 	EXP 	fixation_cross: autoDraw = False
7.2466 	EXP 	left_stim: autoDraw = False
7.2466 	EXP 	right_stim: autoDraw = False
7.2466 	EXP 	ITI: autoDraw = True
8.2319 	EXP 	New trial (rep=0, index=2): OrderedDict([('condition', 'congruent'), ('stim', 'X')])
8.2458 	EXP 	ITI: autoDraw = False
8.2458 	EXP 	fixation_cross: autoDraw = False
8.2458 	EXP 	left_stim: autoDraw = False
8.2458 	EXP 	right_stim: autoDraw = False
8.2458 	EXP 	ITI: autoDraw = False
8.2458 	EXP 	left_stim: foreColor = <psychopy.colors.Color: none, alpha=0.0>
8.2458 	EXP 	left_stim: height = 0.5
8.2458 	EXP 	left_stim: height = 0.5
8.2458 	EXP 	left_stim: height = 0.5
8.2458 	EXP 	left_stim: text = ''
8.2458 	EXP 	right_stim: foreColor = <psychopy.colors.Color: red, alpha=1.0>
8.2458 	EXP 	right_stim: height = 0.5
8.2458 	EXP 	right_stim: height = 0.5
8.2458 	EXP 	right_stim: height = 0.5
8.2458 	EXP 	right_stim: text = 'X'
8.2458 	EXP 	fixation_cross: autoDraw = True
8.2458 	EXP 	left_stim: autoDraw = True
8.2458 	EXP 	right_stim: autoDraw = True
9.7462 	EXP 	fixation_cross: autoDraw = False
9.7462 	EXP 	left_stim: autoDraw = False
9.7462 	EXP 	right_stim: autoDraw = False
9.7462 	EXP 	ITI: autoDraw = True
10.7309 	EXP 	New trial (rep=0, index=3): OrderedDict([('condition', 'congruent'), ('stim', 'X')])
10.7463 	EXP 	ITI: autoDraw = False
10.7463 	EXP 	fixation_cross: autoDraw = False
10.7463 	EXP 	left_stim: autoDraw = False
10.7463 	EXP 	right_stim: autoDraw = False
10.7463 	EXP 	ITI: autoDraw = False
10.7463 	EXP 	left_stim: foreColor = <psychopy.colors.Color: none, alpha=0.0>
10.7463 	EXP 	left_stim: text = ''
10.7463 	EXP 	right_stim: foreColor = <psychopy.colors.Color: red, alpha=1.0>
10.7463 	EXP 	right_stim: text = 'X'
10.7463 	EXP 	fixation_cross: autoDraw = True
10.7463 	EXP 	left_stim: autoDraw = True
10.7463 	EXP 	right_stim: autoDraw = True
12.2466 	EXP 	fixation_cross: autoDraw = False
12.2466 	EXP 	left_stim: autoDraw = False
12.2466 	EXP 	right_stim: autoDraw = False
12.2466 	EXP 	ITI: autoDraw = True
13.2308 	EXP 	New trial (rep=0, index=4): OrderedDict([('condition', 'congruent'), ('stim', 'O')])
13.2458 	EXP 	ITI: autoDraw = False
13.2458 	EXP 	fixation_cross: autoDraw = False
13.2458 	EXP 	left_stim: autoDraw = False
13.2458 	EXP 	right_stim: autoDraw = False
13.2458 	EXP 	ITI: autoDraw = False
13.2458 	EXP 	left_stim: foreColor = <psychopy.colors.Color: blue, alpha=1.0>
13.2458 	EXP 	left_stim: height = 0.5
13.2458 	EXP 	left_stim: height = 0.5
13.2458 	EXP 	left_stim: height = 0.5
13.2458 	EXP 	left_stim: text = 'O'
13.2458 	EXP 	right_stim: foreColor = <psychopy.colors.Color: none, alpha=0.0>
13.2458 	EXP 	right_stim: height = 0.5
13.2458 	EXP 	right_stim: height = 0.5
13.2458 	EXP 	right_stim: height = 0.5
13.2458 	EXP 	right_stim: text = ''
13.2458 	EXP 	fixation_cross: autoDraw = True
13.2458 	EXP 	left_stim: autoDraw = True
13.2458 	EXP 	right_stim: autoDraw = True
14.7461 	EXP 	fixation_cross: autoDraw = False
14.7461 	EXP 	left_stim: autoDraw = False
14.7461 	EXP 	right_stim: autoDraw = False
14.7461 	EXP 	ITI: autoDraw = True
15.7305 	EXP 	New trial (rep=0, index=5): OrderedDict([('condition', 'congruent'), ('stim', 'X')])
15.7453 	EXP 	ITI: autoDraw = False
15.7453 	EXP 	fixation_cross: autoDraw = False
15.7453 	EXP 	left_stim: autoDraw = False
15.7453 	EXP 	right_stim: autoDraw = False
15.7453 	EXP 	ITI: autoDraw = False
15.7453 	EXP 	left_stim: foreColor = <psychopy.colors.Color: none, alpha=0.0>
15.7453 	EXP 	left_stim: height = 0.5
15.7453 	EXP 	left_stim: height = 0.5
15.7453 	EXP 	left_stim: height = 0.5
15.7453 	EXP 	left_stim: text = ''
15.7453 	EXP 	right_stim: foreColor = <psychopy.colors.Color: red, alpha=1.0>
15.7453 	EXP 	right_stim: height = 0.5
15.7453 	EXP 	right_stim: height = 0.5
15.7453 	EXP 	right_stim: height = 0.5
15.7453 	EXP 	right_stim: text = 'X'
15.7453 	EXP 	fixation_cross: autoDraw = True
15.7453 	EXP 	left_stim: autoDraw = True
15.7453 	EXP 	right_stim: autoDraw = True
17.2171 	DATA 	Keypress: escape
17.2457 	EXP 	fixation_cross: autoDraw = False
17.2457 	EXP 	left_stim: autoDraw = False
17.2457 	EXP 	right_stim: autoDraw = False
17.2457 	EXP 	ITI: autoDraw = True
17.3303 	EXP 	simon_task_simple: status = STOPPED
17.3459 	EXP 	ITI: autoDraw = False
17.3460 	EXP 	simon_task_simple: status = STOPPED
17.3889 	EXP 	window1: mouseVisible = True
