14.6825 	EXP 	Created window1 = Window(allowGUI=True, allowStencil=False, autoLog=True, backendConf=UNKNOWN, backgroundFit=<method-wrapper '__getattribute__' of attributeSetter object at 0x000001BC2FFC2370>, backgroundImage=<method-wrapper '__getattribute__' of attributeSetter object at 0x000001BC2FFC2310>, bitsMode=UNKNOWN, blendMode='avg', bpc=(8, 8, 8), color=array([0, 0, 0]), colorSpace='rgb', depthBits=8, fullscr=<method-wrapper '__getattribute__' of attributeSetter object at 0x000001BC2FFC2160>, gamma=None, gammaErrorPolicy='raise', lms=UNKNOWN, monitor=<psychopy.monitors.calibTools.Monitor object at 0x000001BC301902B0>, multiSample=False, name='window1', numSamples=2, pos=(560, 340), screen=0, size=array([800, 600]), stencilBits=0, stereo=False, title='PsychoPy', units='norm', useFBO=True, useRetina=False, viewOri=0.0, viewPos=None, viewScale=None, waitBlanking=True, winType='pyglet')
14.6827 	EXP 	window1: mouseVisible = True
14.6827 	EXP 	window1: backgroundImage = ''
14.6827 	EXP 	window1: backgroundFit = 'none'
14.6852 	EXP 	window1: Attempting to measure frame rate of screen (0) ...
14.6853 	EXP 	window1: recordFrameIntervals = False
14.8484 	EXP 	window1: recordFrameIntervals = True
15.0315 	EXP 	Screen (0) actual frame rate measured at 60.59Hz
15.0315 	EXP 	window1: recordFrameIntervals = False
15.0316 	EXP 	window1: mouseVisible = True
15.0762 	WARNING 	launchHubServer: If using the iohub mouse or eyetracker devices, fullScr should be True.
18.1309 	EXP 	simon_task: status = STARTED
18.1312 	EXP 	window1: mouseVisible = True
18.2303 	EXP 	Created text_norm = TextStim(__class__=<class 'psychopy.visual.text.TextStim'>, alignHoriz=method-wrapper(...), alignText='center', alignVert=method-wrapper(...), anchorHoriz='center', anchorVert='center', antialias=True, autoDraw=False, autoLog=True, bold=False, color=array([1., 1., 1.]), colorSpace='rgb', contrast=1.0, depth=0.0, draggable=False, flipHoriz=False, flipVert=False, font='Arial', fontFiles=[], height=0.1, italic=False, languageStyle='LTR', name='text_norm', opacity=1.0, ori=0.0, pos=array([0., 0.]), rgb=UNKNOWN, text=str(...), units='norm', win=Window(...), wrapWidth=1.8)
18.2305 	EXP 	window1: mouseVisible = True
18.2382 	EXP 	Created fixation_cross = TextStim(__class__=<class 'psychopy.visual.text.TextStim'>, alignHoriz=method-wrapper(...), alignText='center', alignVert=method-wrapper(...), anchorHoriz='center', anchorVert='center', antialias=True, autoDraw=False, autoLog=True, bold=False, color=array([1., 1., 1.]), colorSpace='rgb', contrast=1.0, depth=0.0, draggable=False, flipHoriz=False, flipVert=False, font='Arial', fontFiles=[], height=0.5, italic=False, languageStyle='LTR', name='fixation_cross', opacity=1.0, ori=0, pos=array([0., 0.]), rgb=UNKNOWN, text='+', units='norm', win=Window(...), wrapWidth=1)
18.2383 	EXP 	window1: mouseVisible = True
18.2395 	EXP 	Created left_stim = TextStim(__class__=<class 'psychopy.visual.text.TextStim'>, alignHoriz=method-wrapper(...), alignText='center', alignVert=method-wrapper(...), anchorHoriz='center', anchorVert='center', antialias=True, autoDraw=False, autoLog=True, bold=False, color=array([1., 1., 1.]), colorSpace='rgb', contrast=1.0, depth=-1.0, draggable=False, flipHoriz=False, flipVert=False, font='Arial', fontFiles=[], height=0.5, italic=False, languageStyle='LTR', name='left_stim', opacity=1.0, ori=0, pos=array([-0.5,  0. ]), rgb=UNKNOWN, text='', units='norm', win=Window(...), wrapWidth=1)
18.2397 	EXP 	window1: mouseVisible = True
18.2407 	EXP 	Created right_stim = TextStim(__class__=<class 'psychopy.visual.text.TextStim'>, alignHoriz=method-wrapper(...), alignText='center', alignVert=method-wrapper(...), anchorHoriz='center', anchorVert='center', antialias=True, autoDraw=False, autoLog=True, bold=False, color=array([1., 1., 1.]), colorSpace='rgb', contrast=1.0, depth=-2.0, draggable=False, flipHoriz=False, flipVert=False, font='Arial', fontFiles=[], height=0.5, italic=False, languageStyle='LTR', name='right_stim', opacity=1.0, ori=0, pos=array([0.5, 0. ]), rgb=UNKNOWN, text='', units='norm', win=Window(...), wrapWidth=1)
18.2408 	EXP 	window1: mouseVisible = True
18.2432 	EXP 	Created ITI = TextStim(__class__=<class 'psychopy.visual.text.TextStim'>, alignHoriz=method-wrapper(...), alignText='center', alignVert=method-wrapper(...), anchorHoriz='center', anchorVert='center', antialias=True, autoDraw=False, autoLog=True, bold=False, color=array([1., 1., 1.]), colorSpace='rgb', contrast=1.0, depth=-3.0, draggable=False, flipHoriz=False, flipVert=False, font='Arial', fontFiles=[], height=0.5, italic=False, languageStyle='LTR', name='ITI', opacity=1.0, ori=0, pos=array([0., 0.]), rgb=UNKNOWN, text='+', units='norm', win=Window(...), wrapWidth=1)
18.2433 	EXP 	window1: mouseVisible = True
18.2577 	EXP 	Created text_norm_2 = TextStim(__class__=<class 'psychopy.visual.text.TextStim'>, alignHoriz=method-wrapper(...), alignText='center', alignVert=method-wrapper(...), anchorHoriz='center', anchorVert='center', antialias=True, autoDraw=False, autoLog=True, bold=False, color=array([1., 1., 1.]), colorSpace='rgb', contrast=1.0, depth=0.0, draggable=False, flipHoriz=False, flipVert=False, font='Arial', fontFiles=[], height=0.1, italic=False, languageStyle='LTR', name='text_norm_2', opacity=1.0, ori=0.0, pos=array([0., 0.]), rgb=UNKNOWN, text=str(...), units='norm', win=Window(...), wrapWidth=1.8)
18.2579 	EXP 	window1: mouseVisible = True
18.2605 	EXP 	Created fixation_cross = TextStim(__class__=<class 'psychopy.visual.text.TextStim'>, alignHoriz=method-wrapper(...), alignText='center', alignVert=method-wrapper(...), anchorHoriz='center', anchorVert='center', antialias=True, autoDraw=False, autoLog=True, bold=False, color=array([1., 1., 1.]), colorSpace='rgb', contrast=1.0, depth=0.0, draggable=False, flipHoriz=False, flipVert=False, font='Arial', fontFiles=[], height=0.5, italic=False, languageStyle='LTR', name='fixation_cross', opacity=1.0, ori=0, pos=array([0., 0.]), rgb=UNKNOWN, text='+', units='norm', win=Window(...), wrapWidth=1)
18.2607 	EXP 	window1: mouseVisible = True
18.2619 	EXP 	Created left_stim = TextStim(__class__=<class 'psychopy.visual.text.TextStim'>, alignHoriz=method-wrapper(...), alignText='center', alignVert=method-wrapper(...), anchorHoriz='center', anchorVert='center', antialias=True, autoDraw=False, autoLog=True, bold=False, color=array([1., 1., 1.]), colorSpace='rgb', contrast=1.0, depth=-1.0, draggable=False, flipHoriz=False, flipVert=False, font='Arial', fontFiles=[], height=0.5, italic=False, languageStyle='LTR', name='left_stim', opacity=1.0, ori=0, pos=array([-0.5,  0. ]), rgb=UNKNOWN, text='', units='norm', win=Window(...), wrapWidth=1)
18.2620 	EXP 	window1: mouseVisible = True
18.2631 	EXP 	Created right_stim = TextStim(__class__=<class 'psychopy.visual.text.TextStim'>, alignHoriz=method-wrapper(...), alignText='center', alignVert=method-wrapper(...), anchorHoriz='center', anchorVert='center', antialias=True, autoDraw=False, autoLog=True, bold=False, color=array([1., 1., 1.]), colorSpace='rgb', contrast=1.0, depth=-2.0, draggable=False, flipHoriz=False, flipVert=False, font='Arial', fontFiles=[], height=0.5, italic=False, languageStyle='LTR', name='right_stim', opacity=1.0, ori=0, pos=array([0.5, 0. ]), rgb=UNKNOWN, text='', units='norm', win=Window(...), wrapWidth=1)
18.2632 	EXP 	window1: mouseVisible = True
18.2653 	EXP 	Created ITI = TextStim(__class__=<class 'psychopy.visual.text.TextStim'>, alignHoriz=method-wrapper(...), alignText='center', alignVert=method-wrapper(...), anchorHoriz='center', anchorVert='center', antialias=True, autoDraw=False, autoLog=True, bold=False, color=array([1., 1., 1.]), colorSpace='rgb', contrast=1.0, depth=-3.0, draggable=False, flipHoriz=False, flipVert=False, font='Arial', fontFiles=[], height=0.5, italic=False, languageStyle='LTR', name='ITI', opacity=1.0, ori=0, pos=array([0., 0.]), rgb=UNKNOWN, text='+', units='norm', win=Window(...), wrapWidth=1)
0.0133 	EXP 	text_norm: alignText = 'left'
0.0133 	EXP 	text_norm: alignText = 'left'
0.0972 	EXP 	text_norm: autoDraw = True
0.0972 	EXP 	text_norm: height = 0.1
0.0972 	EXP 	text_norm: height = 0.1
0.0972 	EXP 	text_norm: height = 0.1
0.0972 	EXP 	text_norm: text = "Basic Simon Task\n\nOnscren you will seee either a 'O' or an 'X' as a target. Your task is to identify the target.\n\nIf you see an 'O' press 'z' on the keyboard\nIf you see an 'X' press 'm' on the keyboard\n\nThe first 10 trials that follow this screen are practice trials.\n\nPress the spacebar to continue"
1.2191 	DATA 	Keypress: space
1.2387 	EXP 	Imported simon_prac_order.csv as conditions, 2 conditions, 2 params
1.2391 	EXP 	Created sequence: sequential, trialTypes=2, nReps=5, seed=None
1.2394 	EXP 	New trial (rep=0, index=0): OrderedDict([('condition', 'congruent'), ('stim', 'X')])
1.2769 	EXP 	window1: mouseVisible = True
