9.0322 	EXP 	Created window1 = Window(allowGUI=True, allowStencil=False, autoLog=True, backendConf=UNKNOWN, backgroundFit=<method-wrapper '__getattribute__' of attributeSetter object at 0x000001C11CB40CD0>, backgroundImage=<method-wrapper '__getattribute__' of attributeSetter object at 0x000001C11CB40C70>, bitsMode=UNKNOWN, blendMode='avg', bpc=(8, 8, 8), color=array([0, 0, 0]), colorSpace='rgb', depthBits=8, fullscr=<method-wrapper '__getattribute__' of attributeSetter object at 0x000001C11CB40AF0>, gamma=None, gammaErrorPolicy='raise', lms=UNKNOWN, monitor=<psychopy.monitors.calibTools.Monitor object at 0x000001C11CE15DF0>, multiSample=False, name='window1', numSamples=2, pos=(560, 340), screen=0, size=array([800, 600]), stencilBits=0, stereo=False, title='PsychoPy', units='norm', useFBO=True, useRetina=False, viewOri=0.0, viewPos=None, viewScale=None, waitBlanking=True, winType='pyglet')
9.0324 	EXP 	window1: mouseVisible = True
9.0324 	EXP 	window1: backgroundImage = ''
9.0324 	EXP 	window1: backgroundFit = 'none'
9.0346 	EXP 	window1: Attempting to measure frame rate of screen (0) ...
9.0347 	EXP 	window1: recordFrameIntervals = False
9.1974 	EXP 	window1: recordFrameIntervals = True
9.3815 	EXP 	Screen (0) actual frame rate measured at 60.14Hz
9.3815 	EXP 	window1: recordFrameIntervals = False
9.3816 	EXP 	window1: mouseVisible = True
9.4154 	WARNING 	launchHubServer: If using the iohub mouse or eyetracker devices, fullScr should be True.
12.0183 	EXP 	simon_task_simple2: status = STARTED
12.0185 	EXP 	window1: mouseVisible = True
12.0605 	EXP 	Created Intstuction_image = ImageStim(__class__=<class 'psychopy.visual.image.ImageStim'>, anchor=('center', 'center'), autoLog=True, color=array([1., 1., 1.]), colorSpace='rgb', contrast=1.0, depth=-2.0, draggable=False, flipHoriz=False, flipVert=False, image='Instruction2.png', interpolate=True, mask=None, maskParams=None, name='Intstuction_image', opacity=1.0, ori=0.0, pos=array([0., 0.]), size=array([0.5, 0.5]), texRes=128.0, units='norm', win=Window(...))
12.0607 	EXP 	window1: mouseVisible = True
12.1148 	EXP 	Created fixation_cross = TextStim(__class__=<class 'psychopy.visual.text.TextStim'>, alignHoriz=method-wrapper(...), alignText='center', alignVert=method-wrapper(...), anchorHoriz='center', anchorVert='center', antialias=True, autoDraw=False, autoLog=True, bold=False, color=array([1., 1., 1.]), colorSpace='rgb', contrast=1.0, depth=0.0, draggable=False, flipHoriz=False, flipVert=False, font='Arial', fontFiles=[], height=0.5, italic=False, languageStyle='LTR', name='fixation_cross', opacity=1.0, ori=0, pos=array([0., 0.]), rgb=UNKNOWN, text='+', units='norm', win=Window(...), wrapWidth=1)
12.1149 	EXP 	window1: mouseVisible = True
12.1159 	EXP 	Created left_stim = TextStim(__class__=<class 'psychopy.visual.text.TextStim'>, alignHoriz=method-wrapper(...), alignText='center', alignVert=method-wrapper(...), anchorHoriz='center', anchorVert='center', antialias=True, autoDraw=False, autoLog=True, bold=False, color=array([1., 1., 1.]), colorSpace='rgb', contrast=1.0, depth=-1.0, draggable=False, flipHoriz=False, flipVert=False, font='Arial', fontFiles=[], height=0.5, italic=False, languageStyle='LTR', name='left_stim', opacity=1.0, ori=0, pos=array([-0.5,  0. ]), rgb=UNKNOWN, text='', units='norm', win=Window(...), wrapWidth=1)
12.1160 	EXP 	window1: mouseVisible = True
12.1180 	EXP 	Created ITI = TextStim(__class__=<class 'psychopy.visual.text.TextStim'>, alignHoriz=method-wrapper(...), alignText='center', alignVert=method-wrapper(...), anchorHoriz='center', anchorVert='center', antialias=True, autoDraw=False, autoLog=True, bold=False, color=array([1., 1., 1.]), colorSpace='rgb', contrast=1.0, depth=-2.0, draggable=False, flipHoriz=False, flipVert=False, font='Arial', fontFiles=[], height=0.5, italic=False, languageStyle='LTR', name='ITI', opacity=1.0, ori=0, pos=array([0., 0.]), rgb=UNKNOWN, text='+', units='norm', win=Window(...), wrapWidth=1)
12.1181 	EXP 	window1: mouseVisible = True
12.1189 	EXP 	Created right_stim = TextStim(__class__=<class 'psychopy.visual.text.TextStim'>, alignHoriz=method-wrapper(...), alignText='center', alignVert=method-wrapper(...), anchorHoriz='center', anchorVert='center', antialias=True, autoDraw=False, autoLog=True, bold=False, color=array([1., 1., 1.]), colorSpace='rgb', contrast=1.0, depth=-4.0, draggable=False, flipHoriz=False, flipVert=False, font='Arial', fontFiles=[], height=0.5, italic=False, languageStyle='LTR', name='right_stim', opacity=1.0, ori=0, pos=array([0.5, 0. ]), rgb=UNKNOWN, text='', units='norm', win=Window(...), wrapWidth=1)
12.1189 	EXP 	window1: mouseVisible = True
12.1415 	EXP 	Created text_norm_2 = TextStim(__class__=<class 'psychopy.visual.text.TextStim'>, alignHoriz=method-wrapper(...), alignText='center', alignVert=method-wrapper(...), anchorHoriz='center', anchorVert='center', antialias=True, autoDraw=False, autoLog=True, bold=False, color=array([1., 1., 1.]), colorSpace='rgb', contrast=1.0, depth=0.0, draggable=False, flipHoriz=False, flipVert=False, font='Arial', fontFiles=[], height=0.1, italic=False, languageStyle='LTR', name='text_norm_2', opacity=1.0, ori=0.0, pos=array([0., 0.]), rgb=UNKNOWN, text=str(...), units='norm', win=Window(...), wrapWidth=1.8)
12.1417 	EXP 	window1: mouseVisible = True
12.1445 	EXP 	Created fixation_cross = TextStim(__class__=<class 'psychopy.visual.text.TextStim'>, alignHoriz=method-wrapper(...), alignText='center', alignVert=method-wrapper(...), anchorHoriz='center', anchorVert='center', antialias=True, autoDraw=False, autoLog=True, bold=False, color=array([1., 1., 1.]), colorSpace='rgb', contrast=1.0, depth=0.0, draggable=False, flipHoriz=False, flipVert=False, font='Arial', fontFiles=[], height=0.5, italic=False, languageStyle='LTR', name='fixation_cross', opacity=1.0, ori=0, pos=array([0., 0.]), rgb=UNKNOWN, text='+', units='norm', win=Window(...), wrapWidth=1)
12.1446 	EXP 	window1: mouseVisible = True
12.1454 	EXP 	Created left_stim = TextStim(__class__=<class 'psychopy.visual.text.TextStim'>, alignHoriz=method-wrapper(...), alignText='center', alignVert=method-wrapper(...), anchorHoriz='center', anchorVert='center', antialias=True, autoDraw=False, autoLog=True, bold=False, color=array([1., 1., 1.]), colorSpace='rgb', contrast=1.0, depth=-1.0, draggable=False, flipHoriz=False, flipVert=False, font='Arial', fontFiles=[], height=0.5, italic=False, languageStyle='LTR', name='left_stim', opacity=1.0, ori=0, pos=array([-0.5,  0. ]), rgb=UNKNOWN, text='', units='norm', win=Window(...), wrapWidth=1)
12.1456 	EXP 	window1: mouseVisible = True
12.1473 	EXP 	Created ITI = TextStim(__class__=<class 'psychopy.visual.text.TextStim'>, alignHoriz=method-wrapper(...), alignText='center', alignVert=method-wrapper(...), anchorHoriz='center', anchorVert='center', antialias=True, autoDraw=False, autoLog=True, bold=False, color=array([1., 1., 1.]), colorSpace='rgb', contrast=1.0, depth=-2.0, draggable=False, flipHoriz=False, flipVert=False, font='Arial', fontFiles=[], height=0.5, italic=False, languageStyle='LTR', name='ITI', opacity=1.0, ori=0, pos=array([0., 0.]), rgb=UNKNOWN, text='+', units='norm', win=Window(...), wrapWidth=1)
12.1474 	EXP 	window1: mouseVisible = True
12.1481 	EXP 	Created right_stim = TextStim(__class__=<class 'psychopy.visual.text.TextStim'>, alignHoriz=method-wrapper(...), alignText='center', alignVert=method-wrapper(...), anchorHoriz='center', anchorVert='center', antialias=True, autoDraw=False, autoLog=True, bold=False, color=array([1., 1., 1.]), colorSpace='rgb', contrast=1.0, depth=-4.0, draggable=False, flipHoriz=False, flipVert=False, font='Arial', fontFiles=[], height=0.5, italic=False, languageStyle='LTR', name='right_stim', opacity=1.0, ori=0, pos=array([0.5, 0. ]), rgb=UNKNOWN, text='', units='norm', win=Window(...), wrapWidth=1)
0.1193 	EXP 	Intstuction_image: autoDraw = True
9.6556 	EXP 	Imported simon_prac_order.csv as conditions, 10 conditions, 2 params
9.6560 	EXP 	Created sequence: random, trialTypes=10, nReps=2, seed=None
9.6562 	EXP 	New trial (rep=0, index=0): OrderedDict([('condition', 'congruent'), ('stim', 'X')])
9.6622 	DATA 	Keypress: space
9.6656 	EXP 	Intstuction_image: autoDraw = False
9.6656 	EXP 	fixation_cross: autoDraw = True
9.6656 	EXP 	left_stim: autoDraw = True
9.6656 	EXP 	right_stim: autoDraw = True
9.6656 	EXP 	left_stim: height = 0.5
9.6656 	EXP 	left_stim: height = 0.5
9.6656 	EXP 	left_stim: height = 0.5
9.6656 	EXP 	left_stim: text = ''
11.1653 	EXP 	fixation_cross: autoDraw = False
11.1653 	EXP 	left_stim: autoDraw = False
11.1653 	EXP 	ITI: autoDraw = True
11.1653 	EXP 	right_stim: autoDraw = False
11.7846 	DATA 	Keypress: escape
11.8163 	EXP 	simon_task_simple2: status = STOPPED
11.8334 	EXP 	ITI: autoDraw = False
11.8335 	EXP 	simon_task_simple2: status = STOPPED
11.8682 	EXP 	window1: mouseVisible = True
