12.8726 	EXP 	Created window1 = Window(allowGUI=True, allowStencil=False, autoLog=True, backendConf=UNKNOWN, backgroundFit=<method-wrapper '__getattribute__' of attributeSetter object at 0x0000016DCC374BE0>, backgroundImage=<method-wrapper '__getattribute__' of attributeSetter object at 0x0000016DCC374B80>, bitsMode=UNKNOWN, blendMode='avg', bpc=(8, 8, 8), color=array([0, 0, 0]), colorSpace='rgb', depthBits=8, fullscr=<method-wrapper '__getattribute__' of attributeSetter object at 0x0000016DCC3749D0>, gamma=None, gammaErrorPolicy='raise', lms=UNKNOWN, monitor=<psychopy.monitors.calibTools.Monitor object at 0x0000016DCC6823A0>, multiSample=False, name='window1', numSamples=2, pos=(560, 340), screen=0, size=array([800, 600]), stencilBits=0, stereo=False, title='PsychoPy', units='norm', useFBO=True, useRetina=False, viewOri=0.0, viewPos=None, viewScale=None, waitBlanking=True, winType='pyglet')
12.8727 	EXP 	window1: mouseVisible = True
12.8727 	EXP 	window1: backgroundImage = ''
12.8728 	EXP 	window1: backgroundFit = 'none'
12.8745 	EXP 	window1: Attempting to measure frame rate of screen (0) ...
12.8745 	EXP 	window1: recordFrameIntervals = False
13.0376 	EXP 	window1: recordFrameIntervals = True
13.2560 	EXP 	Screen (0) actual frame rate measured at 59.41Hz
13.2560 	EXP 	window1: recordFrameIntervals = False
13.2561 	EXP 	window1: mouseVisible = True
13.3010 	WARNING 	launchHubServer: If using the iohub mouse or eyetracker devices, fullScr should be True.
16.2510 	EXP 	simon_task: status = STARTED
16.2514 	EXP 	window1: mouseVisible = True
16.3491 	EXP 	Created text_norm = TextStim(__class__=<class 'psychopy.visual.text.TextStim'>, alignHoriz=method-wrapper(...), alignText='center', alignVert=method-wrapper(...), anchorHoriz='center', anchorVert='center', antialias=True, autoDraw=False, autoLog=True, bold=False, color=array([1., 1., 1.]), colorSpace='rgb', contrast=1.0, depth=0.0, draggable=False, flipHoriz=False, flipVert=False, font='Arial', fontFiles=[], height=0.1, italic=False, languageStyle='LTR', name='text_norm', opacity=1.0, ori=0.0, pos=array([0., 0.]), rgb=UNKNOWN, text=str(...), units='norm', win=Window(...), wrapWidth=1.8)
16.3493 	EXP 	window1: mouseVisible = True
16.3564 	EXP 	Created fixation_cross = TextStim(__class__=<class 'psychopy.visual.text.TextStim'>, alignHoriz=method-wrapper(...), alignText='center', alignVert=method-wrapper(...), anchorHoriz='center', anchorVert='center', antialias=True, autoDraw=False, autoLog=True, bold=False, color=array([1., 1., 1.]), colorSpace='rgb', contrast=1.0, depth=0.0, draggable=False, flipHoriz=False, flipVert=False, font='Arial', fontFiles=[], height=0.5, italic=False, languageStyle='LTR', name='fixation_cross', opacity=1.0, ori=0, pos=array([0., 0.]), rgb=UNKNOWN, text='+', units='norm', win=Window(...), wrapWidth=1)
16.3566 	EXP 	window1: mouseVisible = True
16.3577 	EXP 	Created left_stim = TextStim(__class__=<class 'psychopy.visual.text.TextStim'>, alignHoriz=method-wrapper(...), alignText='center', alignVert=method-wrapper(...), anchorHoriz='center', anchorVert='center', antialias=True, autoDraw=False, autoLog=True, bold=False, color=array([1., 1., 1.]), colorSpace='rgb', contrast=1.0, depth=-1.0, draggable=False, flipHoriz=False, flipVert=False, font='Arial', fontFiles=[], height=0.5, italic=False, languageStyle='LTR', name='left_stim', opacity=1.0, ori=0, pos=array([-0.5,  0. ]), rgb=UNKNOWN, text='', units='norm', win=Window(...), wrapWidth=1)
16.3578 	EXP 	window1: mouseVisible = True
16.3592 	EXP 	Created right_stim = TextStim(__class__=<class 'psychopy.visual.text.TextStim'>, alignHoriz=method-wrapper(...), alignText='center', alignVert=method-wrapper(...), anchorHoriz='center', anchorVert='center', antialias=True, autoDraw=False, autoLog=True, bold=False, color=array([1., 1., 1.]), colorSpace='rgb', contrast=1.0, depth=-2.0, draggable=False, flipHoriz=False, flipVert=False, font='Arial', fontFiles=[], height=0.5, italic=False, languageStyle='LTR', name='right_stim', opacity=1.0, ori=0, pos=array([0.5, 0. ]), rgb=UNKNOWN, text='', units='norm', win=Window(...), wrapWidth=1)
16.3593 	EXP 	window1: mouseVisible = True
16.3617 	EXP 	Created ITI = TextStim(__class__=<class 'psychopy.visual.text.TextStim'>, alignHoriz=method-wrapper(...), alignText='center', alignVert=method-wrapper(...), anchorHoriz='center', anchorVert='center', antialias=True, autoDraw=False, autoLog=True, bold=False, color=array([1., 1., 1.]), colorSpace='rgb', contrast=1.0, depth=-3.0, draggable=False, flipHoriz=False, flipVert=False, font='Arial', fontFiles=[], height=0.5, italic=False, languageStyle='LTR', name='ITI', opacity=1.0, ori=0, pos=array([0., 0.]), rgb=UNKNOWN, text='+', units='norm', win=Window(...), wrapWidth=1)
16.3618 	EXP 	window1: mouseVisible = True
16.3634 	EXP 	Created left_image = Rect(__class__=<class 'psychopy.visual.rect.Rect'>, anchor=('center', 'center'), autoDraw=False, autoLog=True, closeShape=True, color=method-wrapper(...), colorSpace='rgb', contrast=None, depth=-5.0, draggable=False, fillColor=array([1, 1, 1]), fillColorSpace='rgb', fillRGB=array([1, 1, 1]), interpolate=True, lineColor=array([1., 1., 1.]), lineColorSpace='rgb', lineRGB=array([1, 1, 1]), lineWidth=1.0, name='left_image', opacity=1.0, ori=0.0, pos=array([-0.5,  0. ]), size=array([0.25, 0.25]), units='norm', vertices=ndarray(...), win=Window(...))
16.3635 	EXP 	window1: mouseVisible = True
16.3662 	EXP 	Created right_image = Rect(__class__=<class 'psychopy.visual.rect.Rect'>, anchor=('center', 'center'), autoDraw=False, autoLog=True, closeShape=True, color=method-wrapper(...), colorSpace='rgb', contrast=None, depth=-6.0, draggable=False, fillColor=array([1, 1, 1]), fillColorSpace='rgb', fillRGB=array([1, 1, 1]), interpolate=True, lineColor=array([1., 1., 1.]), lineColorSpace='rgb', lineRGB=array([1, 1, 1]), lineWidth=1.0, name='right_image', opacity=1.0, ori=0.0, pos=array([0.5, 0. ]), size=array([0.25, 0.25]), units='norm', vertices=ndarray(...), win=Window(...))
16.3663 	EXP 	window1: mouseVisible = True
16.3809 	EXP 	Created text_norm_2 = TextStim(__class__=<class 'psychopy.visual.text.TextStim'>, alignHoriz=method-wrapper(...), alignText='center', alignVert=method-wrapper(...), anchorHoriz='center', anchorVert='center', antialias=True, autoDraw=False, autoLog=True, bold=False, color=array([1., 1., 1.]), colorSpace='rgb', contrast=1.0, depth=0.0, draggable=False, flipHoriz=False, flipVert=False, font='Arial', fontFiles=[], height=0.1, italic=False, languageStyle='LTR', name='text_norm_2', opacity=1.0, ori=0.0, pos=array([0., 0.]), rgb=UNKNOWN, text=str(...), units='norm', win=Window(...), wrapWidth=1.8)
16.3818 	EXP 	window1: mouseVisible = True
16.3845 	EXP 	Created fixation_cross = TextStim(__class__=<class 'psychopy.visual.text.TextStim'>, alignHoriz=method-wrapper(...), alignText='center', alignVert=method-wrapper(...), anchorHoriz='center', anchorVert='center', antialias=True, autoDraw=False, autoLog=True, bold=False, color=array([1., 1., 1.]), colorSpace='rgb', contrast=1.0, depth=0.0, draggable=False, flipHoriz=False, flipVert=False, font='Arial', fontFiles=[], height=0.5, italic=False, languageStyle='LTR', name='fixation_cross', opacity=1.0, ori=0, pos=array([0., 0.]), rgb=UNKNOWN, text='+', units='norm', win=Window(...), wrapWidth=1)
16.3846 	EXP 	window1: mouseVisible = True
16.3858 	EXP 	Created left_stim = TextStim(__class__=<class 'psychopy.visual.text.TextStim'>, alignHoriz=method-wrapper(...), alignText='center', alignVert=method-wrapper(...), anchorHoriz='center', anchorVert='center', antialias=True, autoDraw=False, autoLog=True, bold=False, color=array([1., 1., 1.]), colorSpace='rgb', contrast=1.0, depth=-1.0, draggable=False, flipHoriz=False, flipVert=False, font='Arial', fontFiles=[], height=0.5, italic=False, languageStyle='LTR', name='left_stim', opacity=1.0, ori=0, pos=array([-0.5,  0. ]), rgb=UNKNOWN, text='', units='norm', win=Window(...), wrapWidth=1)
16.3859 	EXP 	window1: mouseVisible = True
16.3869 	EXP 	Created right_stim = TextStim(__class__=<class 'psychopy.visual.text.TextStim'>, alignHoriz=method-wrapper(...), alignText='center', alignVert=method-wrapper(...), anchorHoriz='center', anchorVert='center', antialias=True, autoDraw=False, autoLog=True, bold=False, color=array([1., 1., 1.]), colorSpace='rgb', contrast=1.0, depth=-2.0, draggable=False, flipHoriz=False, flipVert=False, font='Arial', fontFiles=[], height=0.5, italic=False, languageStyle='LTR', name='right_stim', opacity=1.0, ori=0, pos=array([0.5, 0. ]), rgb=UNKNOWN, text='', units='norm', win=Window(...), wrapWidth=1)
16.3870 	EXP 	window1: mouseVisible = True
16.3892 	EXP 	Created ITI = TextStim(__class__=<class 'psychopy.visual.text.TextStim'>, alignHoriz=method-wrapper(...), alignText='center', alignVert=method-wrapper(...), anchorHoriz='center', anchorVert='center', antialias=True, autoDraw=False, autoLog=True, bold=False, color=array([1., 1., 1.]), colorSpace='rgb', contrast=1.0, depth=-3.0, draggable=False, flipHoriz=False, flipVert=False, font='Arial', fontFiles=[], height=0.5, italic=False, languageStyle='LTR', name='ITI', opacity=1.0, ori=0, pos=array([0., 0.]), rgb=UNKNOWN, text='+', units='norm', win=Window(...), wrapWidth=1)
16.3902 	EXP 	window1: mouseVisible = True
16.3918 	EXP 	Created left_image = Rect(__class__=<class 'psychopy.visual.rect.Rect'>, anchor=('center', 'center'), autoDraw=False, autoLog=True, closeShape=True, color=method-wrapper(...), colorSpace='rgb', contrast=None, depth=-5.0, draggable=False, fillColor=array([1, 1, 1]), fillColorSpace='rgb', fillRGB=array([1, 1, 1]), interpolate=True, lineColor=array([1., 1., 1.]), lineColorSpace='rgb', lineRGB=array([1, 1, 1]), lineWidth=1.0, name='left_image', opacity=1.0, ori=0.0, pos=array([-0.5,  0. ]), size=array([0.25, 0.25]), units='norm', vertices=ndarray(...), win=Window(...))
16.3925 	EXP 	window1: mouseVisible = True
16.3942 	EXP 	Created right_image = Rect(__class__=<class 'psychopy.visual.rect.Rect'>, anchor=('center', 'center'), autoDraw=False, autoLog=True, closeShape=True, color=method-wrapper(...), colorSpace='rgb', contrast=None, depth=-6.0, draggable=False, fillColor=array([1, 1, 1]), fillColorSpace='rgb', fillRGB=array([1, 1, 1]), interpolate=True, lineColor=array([1., 1., 1.]), lineColorSpace='rgb', lineRGB=array([1, 1, 1]), lineWidth=1.0, name='right_image', opacity=1.0, ori=0.0, pos=array([0.5, 0. ]), size=array([0.25, 0.25]), units='norm', vertices=ndarray(...), win=Window(...))
0.0100 	EXP 	text_norm: alignText = 'left'
0.0100 	EXP 	text_norm: alignText = 'left'
0.0930 	EXP 	text_norm: autoDraw = True
0.0930 	EXP 	text_norm: height = 0.1
0.0930 	EXP 	text_norm: height = 0.1
0.0930 	EXP 	text_norm: height = 0.1
0.0930 	EXP 	text_norm: text = "Basic Simon Task\n\nOnscren you will seee either a 'O' or an 'X' as a target. Your task is to identify the target.\n\nIf you see an 'O' press 'z' on the keyboard\nIf you see an 'X' press 'm' on the keyboard\n\nThe first 10 trials that follow this screen are practice trials.\n\nPress the spacebar to continue"
1.4840 	EXP 	Imported simon_prac_order.csv as conditions, 2 conditions, 2 params
1.4843 	EXP 	Created sequence: sequential, trialTypes=2, nReps=5, seed=None
1.4846 	EXP 	New trial (rep=0, index=0): OrderedDict([('condition', 'congruent'), ('stim', 'X')])
1.4962 	DATA 	Keypress: space
1.5086 	EXP 	text_norm: autoDraw = False
1.5086 	EXP 	left_stim: foreColor = <psychopy.colors.Color: none, alpha=0.0>
1.5086 	EXP 	left_stim: text = ''
1.5086 	EXP 	right_stim: foreColor = <psychopy.colors.Color: red, alpha=1.0>
1.5086 	EXP 	right_stim: height = 0.5
1.5086 	EXP 	right_stim: height = 0.5
1.5086 	EXP 	right_stim: height = 0.5
1.5086 	EXP 	right_stim: text = 'X'
1.5086 	EXP 	left_image: fillColor = <psychopy.colors.Color: none, alpha=0.0>
1.5086 	EXP 	left_image: borderColor = <psychopy.colors.Color: none, alpha=0.0>
1.5086 	EXP 	right_image: fillColor = <psychopy.colors.Color: red, alpha=1.0>
1.5086 	EXP 	right_image: borderColor = <psychopy.colors.Color: red, alpha=1.0>
1.5086 	EXP 	fixation_cross: autoDraw = True
1.5086 	EXP 	left_stim: autoDraw = True
1.5086 	EXP 	right_stim: autoDraw = True
1.5086 	EXP 	left_image: autoDraw = True
1.5086 	EXP 	right_image: autoDraw = True
1.5086 	EXP 	left_stim: height = 0.5
1.5086 	EXP 	left_stim: height = 0.5
1.5086 	EXP 	left_stim: height = 0.5
1.5086 	EXP 	left_stim: text = ''
2.9943 	EXP 	ITI: autoDraw = True
3.0113 	EXP 	fixation_cross: autoDraw = False
3.0113 	EXP 	left_stim: autoDraw = False
3.0113 	EXP 	right_stim: autoDraw = False
3.0113 	EXP 	left_image: autoDraw = False
3.0113 	EXP 	right_image: autoDraw = False
3.9792 	EXP 	New trial (rep=0, index=1): OrderedDict([('condition', 'congruent'), ('stim', 'O')])
4.0090 	EXP 	ITI: autoDraw = False
4.0090 	EXP 	fixation_cross: autoDraw = False
4.0090 	EXP 	left_stim: autoDraw = False
4.0090 	EXP 	right_stim: autoDraw = False
4.0090 	EXP 	ITI: autoDraw = False
4.0090 	EXP 	left_image: autoDraw = False
4.0090 	EXP 	right_image: autoDraw = False
4.0090 	EXP 	left_stim: foreColor = <psychopy.colors.Color: blue, alpha=1.0>
4.0090 	EXP 	left_stim: height = 0.5
4.0090 	EXP 	left_stim: height = 0.5
4.0090 	EXP 	left_stim: height = 0.5
4.0090 	EXP 	left_stim: text = 'O'
4.0090 	EXP 	right_stim: foreColor = <psychopy.colors.Color: none, alpha=0.0>
4.0090 	EXP 	right_stim: height = 0.5
4.0090 	EXP 	right_stim: height = 0.5
4.0090 	EXP 	right_stim: height = 0.5
4.0090 	EXP 	right_stim: text = ''
4.0090 	EXP 	left_image: fillColor = <psychopy.colors.Color: blue, alpha=1.0>
4.0090 	EXP 	left_image: borderColor = <psychopy.colors.Color: blue, alpha=1.0>
4.0090 	EXP 	right_image: fillColor = <psychopy.colors.Color: none, alpha=0.0>
4.0090 	EXP 	right_image: borderColor = <psychopy.colors.Color: none, alpha=0.0>
4.0090 	EXP 	fixation_cross: autoDraw = True
4.0090 	EXP 	left_stim: autoDraw = True
4.0090 	EXP 	right_stim: autoDraw = True
4.0090 	EXP 	left_image: autoDraw = True
4.0090 	EXP 	right_image: autoDraw = True
5.4936 	EXP 	ITI: autoDraw = True
5.5103 	EXP 	fixation_cross: autoDraw = False
5.5103 	EXP 	left_stim: autoDraw = False
5.5103 	EXP 	right_stim: autoDraw = False
5.5103 	EXP 	left_image: autoDraw = False
5.5103 	EXP 	right_image: autoDraw = False
6.4809 	EXP 	New trial (rep=1, index=0): OrderedDict([('condition', 'congruent'), ('stim', 'X')])
6.5094 	EXP 	ITI: autoDraw = False
6.5094 	EXP 	fixation_cross: autoDraw = False
6.5094 	EXP 	left_stim: autoDraw = False
6.5094 	EXP 	right_stim: autoDraw = False
6.5094 	EXP 	ITI: autoDraw = False
6.5094 	EXP 	left_image: autoDraw = False
6.5094 	EXP 	right_image: autoDraw = False
6.5094 	EXP 	left_stim: foreColor = <psychopy.colors.Color: none, alpha=0.0>
6.5094 	EXP 	left_stim: height = 0.5
6.5094 	EXP 	left_stim: height = 0.5
6.5094 	EXP 	left_stim: height = 0.5
6.5094 	EXP 	left_stim: text = ''
6.5094 	EXP 	right_stim: foreColor = <psychopy.colors.Color: red, alpha=1.0>
6.5094 	EXP 	right_stim: height = 0.5
6.5094 	EXP 	right_stim: height = 0.5
6.5094 	EXP 	right_stim: height = 0.5
6.5094 	EXP 	right_stim: text = 'X'
6.5094 	EXP 	left_image: fillColor = <psychopy.colors.Color: none, alpha=0.0>
6.5094 	EXP 	left_image: borderColor = <psychopy.colors.Color: none, alpha=0.0>
6.5094 	EXP 	right_image: fillColor = <psychopy.colors.Color: red, alpha=1.0>
6.5094 	EXP 	right_image: borderColor = <psychopy.colors.Color: red, alpha=1.0>
6.5094 	EXP 	fixation_cross: autoDraw = True
6.5094 	EXP 	left_stim: autoDraw = True
6.5094 	EXP 	right_stim: autoDraw = True
6.5094 	EXP 	left_image: autoDraw = True
6.5094 	EXP 	right_image: autoDraw = True
7.9931 	EXP 	ITI: autoDraw = True
8.0102 	EXP 	fixation_cross: autoDraw = False
8.0102 	EXP 	left_stim: autoDraw = False
8.0102 	EXP 	right_stim: autoDraw = False
8.0102 	EXP 	left_image: autoDraw = False
8.0102 	EXP 	right_image: autoDraw = False
8.9792 	EXP 	New trial (rep=1, index=1): OrderedDict([('condition', 'congruent'), ('stim', 'O')])
8.9936 	EXP 	ITI: autoDraw = False
8.9936 	EXP 	fixation_cross: autoDraw = False
8.9936 	EXP 	left_stim: autoDraw = False
8.9936 	EXP 	right_stim: autoDraw = False
8.9936 	EXP 	ITI: autoDraw = False
8.9936 	EXP 	left_image: autoDraw = False
8.9936 	EXP 	right_image: autoDraw = False
8.9936 	EXP 	left_stim: foreColor = <psychopy.colors.Color: blue, alpha=1.0>
8.9936 	EXP 	left_stim: height = 0.5
8.9936 	EXP 	left_stim: height = 0.5
8.9936 	EXP 	left_stim: height = 0.5
8.9936 	EXP 	left_stim: text = 'O'
8.9936 	EXP 	right_stim: foreColor = <psychopy.colors.Color: none, alpha=0.0>
8.9936 	EXP 	right_stim: height = 0.5
8.9936 	EXP 	right_stim: height = 0.5
8.9936 	EXP 	right_stim: height = 0.5
8.9936 	EXP 	right_stim: text = ''
8.9936 	EXP 	left_image: fillColor = <psychopy.colors.Color: blue, alpha=1.0>
8.9936 	EXP 	left_image: borderColor = <psychopy.colors.Color: blue, alpha=1.0>
8.9936 	EXP 	right_image: fillColor = <psychopy.colors.Color: none, alpha=0.0>
8.9936 	EXP 	right_image: borderColor = <psychopy.colors.Color: none, alpha=0.0>
8.9936 	EXP 	fixation_cross: autoDraw = True
8.9936 	EXP 	left_stim: autoDraw = True
8.9936 	EXP 	right_stim: autoDraw = True
8.9936 	EXP 	left_image: autoDraw = True
8.9936 	EXP 	right_image: autoDraw = True
10.4932 	EXP 	fixation_cross: autoDraw = False
10.4932 	EXP 	left_stim: autoDraw = False
10.4932 	EXP 	right_stim: autoDraw = False
10.4932 	EXP 	ITI: autoDraw = True
10.4932 	EXP 	left_image: autoDraw = False
10.4932 	EXP 	right_image: autoDraw = False
11.4783 	EXP 	New trial (rep=2, index=0): OrderedDict([('condition', 'congruent'), ('stim', 'X')])
11.4933 	EXP 	ITI: autoDraw = False
11.4933 	EXP 	fixation_cross: autoDraw = False
11.4933 	EXP 	left_stim: autoDraw = False
11.4933 	EXP 	right_stim: autoDraw = False
11.4933 	EXP 	ITI: autoDraw = False
11.4933 	EXP 	left_image: autoDraw = False
11.4933 	EXP 	right_image: autoDraw = False
11.4933 	EXP 	left_stim: foreColor = <psychopy.colors.Color: none, alpha=0.0>
11.4933 	EXP 	left_stim: height = 0.5
11.4933 	EXP 	left_stim: height = 0.5
11.4933 	EXP 	left_stim: height = 0.5
11.4933 	EXP 	left_stim: text = ''
11.4933 	EXP 	right_stim: foreColor = <psychopy.colors.Color: red, alpha=1.0>
11.4933 	EXP 	right_stim: height = 0.5
11.4933 	EXP 	right_stim: height = 0.5
11.4933 	EXP 	right_stim: height = 0.5
11.4933 	EXP 	right_stim: text = 'X'
11.4933 	EXP 	left_image: fillColor = <psychopy.colors.Color: none, alpha=0.0>
11.4933 	EXP 	left_image: borderColor = <psychopy.colors.Color: none, alpha=0.0>
11.4933 	EXP 	right_image: fillColor = <psychopy.colors.Color: red, alpha=1.0>
11.4933 	EXP 	right_image: borderColor = <psychopy.colors.Color: red, alpha=1.0>
11.4933 	EXP 	fixation_cross: autoDraw = True
11.4933 	EXP 	left_stim: autoDraw = True
11.4933 	EXP 	right_stim: autoDraw = True
11.4933 	EXP 	left_image: autoDraw = True
11.4933 	EXP 	right_image: autoDraw = True
12.9928 	EXP 	fixation_cross: autoDraw = False
12.9928 	EXP 	left_stim: autoDraw = False
12.9928 	EXP 	right_stim: autoDraw = False
12.9928 	EXP 	ITI: autoDraw = True
12.9928 	EXP 	left_image: autoDraw = False
12.9928 	EXP 	right_image: autoDraw = False
13.9788 	EXP 	New trial (rep=2, index=1): OrderedDict([('condition', 'congruent'), ('stim', 'O')])
13.9929 	EXP 	ITI: autoDraw = False
13.9929 	EXP 	fixation_cross: autoDraw = False
13.9929 	EXP 	left_stim: autoDraw = False
13.9929 	EXP 	right_stim: autoDraw = False
13.9929 	EXP 	ITI: autoDraw = False
13.9929 	EXP 	left_image: autoDraw = False
13.9929 	EXP 	right_image: autoDraw = False
13.9929 	EXP 	left_stim: foreColor = <psychopy.colors.Color: blue, alpha=1.0>
13.9929 	EXP 	left_stim: height = 0.5
13.9929 	EXP 	left_stim: height = 0.5
13.9929 	EXP 	left_stim: height = 0.5
13.9929 	EXP 	left_stim: text = 'O'
13.9929 	EXP 	right_stim: foreColor = <psychopy.colors.Color: none, alpha=0.0>
13.9929 	EXP 	right_stim: height = 0.5
13.9929 	EXP 	right_stim: height = 0.5
13.9929 	EXP 	right_stim: height = 0.5
13.9929 	EXP 	right_stim: text = ''
13.9929 	EXP 	left_image: fillColor = <psychopy.colors.Color: blue, alpha=1.0>
13.9929 	EXP 	left_image: borderColor = <psychopy.colors.Color: blue, alpha=1.0>
13.9929 	EXP 	right_image: fillColor = <psychopy.colors.Color: none, alpha=0.0>
13.9929 	EXP 	right_image: borderColor = <psychopy.colors.Color: none, alpha=0.0>
13.9929 	EXP 	fixation_cross: autoDraw = True
13.9929 	EXP 	left_stim: autoDraw = True
13.9929 	EXP 	right_stim: autoDraw = True
13.9929 	EXP 	left_image: autoDraw = True
13.9929 	EXP 	right_image: autoDraw = True
15.4932 	EXP 	fixation_cross: autoDraw = False
15.4932 	EXP 	left_stim: autoDraw = False
15.4932 	EXP 	right_stim: autoDraw = False
15.4932 	EXP 	ITI: autoDraw = True
15.4932 	EXP 	left_image: autoDraw = False
15.4932 	EXP 	right_image: autoDraw = False
16.4769 	EXP 	New trial (rep=3, index=0): OrderedDict([('condition', 'congruent'), ('stim', 'X')])
16.4927 	EXP 	ITI: autoDraw = False
16.4927 	EXP 	fixation_cross: autoDraw = False
16.4927 	EXP 	left_stim: autoDraw = False
16.4927 	EXP 	right_stim: autoDraw = False
16.4927 	EXP 	ITI: autoDraw = False
16.4927 	EXP 	left_image: autoDraw = False
16.4927 	EXP 	right_image: autoDraw = False
16.4927 	EXP 	left_stim: foreColor = <psychopy.colors.Color: none, alpha=0.0>
16.4927 	EXP 	left_stim: height = 0.5
16.4927 	EXP 	left_stim: height = 0.5
16.4927 	EXP 	left_stim: height = 0.5
16.4927 	EXP 	left_stim: text = ''
16.4927 	EXP 	right_stim: foreColor = <psychopy.colors.Color: red, alpha=1.0>
16.4927 	EXP 	right_stim: height = 0.5
16.4927 	EXP 	right_stim: height = 0.5
16.4927 	EXP 	right_stim: height = 0.5
16.4927 	EXP 	right_stim: text = 'X'
16.4927 	EXP 	left_image: fillColor = <psychopy.colors.Color: none, alpha=0.0>
16.4927 	EXP 	left_image: borderColor = <psychopy.colors.Color: none, alpha=0.0>
16.4927 	EXP 	right_image: fillColor = <psychopy.colors.Color: red, alpha=1.0>
16.4927 	EXP 	right_image: borderColor = <psychopy.colors.Color: red, alpha=1.0>
16.4927 	EXP 	fixation_cross: autoDraw = True
16.4927 	EXP 	left_stim: autoDraw = True
16.4927 	EXP 	right_stim: autoDraw = True
16.4927 	EXP 	left_image: autoDraw = True
16.4927 	EXP 	right_image: autoDraw = True
17.9766 	EXP 	ITI: autoDraw = True
17.9962 	EXP 	fixation_cross: autoDraw = False
17.9962 	EXP 	left_stim: autoDraw = False
17.9962 	EXP 	right_stim: autoDraw = False
17.9962 	EXP 	left_image: autoDraw = False
17.9962 	EXP 	right_image: autoDraw = False
18.9616 	EXP 	New trial (rep=3, index=1): OrderedDict([('condition', 'congruent'), ('stim', 'O')])
18.9765 	EXP 	ITI: autoDraw = False
18.9765 	EXP 	fixation_cross: autoDraw = False
18.9765 	EXP 	left_stim: autoDraw = False
18.9765 	EXP 	right_stim: autoDraw = False
18.9765 	EXP 	ITI: autoDraw = False
18.9765 	EXP 	left_image: autoDraw = False
18.9765 	EXP 	right_image: autoDraw = False
18.9765 	EXP 	left_stim: foreColor = <psychopy.colors.Color: blue, alpha=1.0>
18.9765 	EXP 	left_stim: height = 0.5
18.9765 	EXP 	left_stim: height = 0.5
18.9765 	EXP 	left_stim: height = 0.5
18.9765 	EXP 	left_stim: text = 'O'
18.9765 	EXP 	right_stim: foreColor = <psychopy.colors.Color: none, alpha=0.0>
18.9765 	EXP 	right_stim: height = 0.5
18.9765 	EXP 	right_stim: height = 0.5
18.9765 	EXP 	right_stim: height = 0.5
18.9765 	EXP 	right_stim: text = ''
18.9765 	EXP 	left_image: fillColor = <psychopy.colors.Color: blue, alpha=1.0>
18.9765 	EXP 	left_image: borderColor = <psychopy.colors.Color: blue, alpha=1.0>
18.9765 	EXP 	right_image: fillColor = <psychopy.colors.Color: none, alpha=0.0>
18.9765 	EXP 	right_image: borderColor = <psychopy.colors.Color: none, alpha=0.0>
18.9765 	EXP 	fixation_cross: autoDraw = True
18.9765 	EXP 	left_stim: autoDraw = True
18.9765 	EXP 	right_stim: autoDraw = True
18.9765 	EXP 	left_image: autoDraw = True
18.9765 	EXP 	right_image: autoDraw = True
20.4766 	EXP 	fixation_cross: autoDraw = False
20.4766 	EXP 	left_stim: autoDraw = False
20.4766 	EXP 	right_stim: autoDraw = False
20.4766 	EXP 	ITI: autoDraw = True
20.4766 	EXP 	left_image: autoDraw = False
20.4766 	EXP 	right_image: autoDraw = False
21.4605 	EXP 	New trial (rep=4, index=0): OrderedDict([('condition', 'congruent'), ('stim', 'X')])
21.4757 	EXP 	ITI: autoDraw = False
21.4757 	EXP 	fixation_cross: autoDraw = False
21.4757 	EXP 	left_stim: autoDraw = False
21.4757 	EXP 	right_stim: autoDraw = False
21.4757 	EXP 	ITI: autoDraw = False
21.4757 	EXP 	left_image: autoDraw = False
21.4757 	EXP 	right_image: autoDraw = False
21.4757 	EXP 	left_stim: foreColor = <psychopy.colors.Color: none, alpha=0.0>
21.4757 	EXP 	left_stim: height = 0.5
21.4757 	EXP 	left_stim: height = 0.5
21.4757 	EXP 	left_stim: height = 0.5
21.4757 	EXP 	left_stim: text = ''
21.4757 	EXP 	right_stim: foreColor = <psychopy.colors.Color: red, alpha=1.0>
21.4757 	EXP 	right_stim: height = 0.5
21.4757 	EXP 	right_stim: height = 0.5
21.4757 	EXP 	right_stim: height = 0.5
21.4757 	EXP 	right_stim: text = 'X'
21.4757 	EXP 	left_image: fillColor = <psychopy.colors.Color: none, alpha=0.0>
21.4757 	EXP 	left_image: borderColor = <psychopy.colors.Color: none, alpha=0.0>
21.4757 	EXP 	right_image: fillColor = <psychopy.colors.Color: red, alpha=1.0>
21.4757 	EXP 	right_image: borderColor = <psychopy.colors.Color: red, alpha=1.0>
21.4757 	EXP 	fixation_cross: autoDraw = True
21.4757 	EXP 	left_stim: autoDraw = True
21.4757 	EXP 	right_stim: autoDraw = True
21.4757 	EXP 	left_image: autoDraw = True
21.4757 	EXP 	right_image: autoDraw = True
22.9767 	EXP 	fixation_cross: autoDraw = False
22.9767 	EXP 	left_stim: autoDraw = False
22.9767 	EXP 	right_stim: autoDraw = False
22.9767 	EXP 	ITI: autoDraw = True
22.9767 	EXP 	left_image: autoDraw = False
22.9767 	EXP 	right_image: autoDraw = False
23.9607 	EXP 	New trial (rep=4, index=1): OrderedDict([('condition', 'congruent'), ('stim', 'O')])
23.9759 	EXP 	ITI: autoDraw = False
23.9759 	EXP 	fixation_cross: autoDraw = False
23.9759 	EXP 	left_stim: autoDraw = False
23.9759 	EXP 	right_stim: autoDraw = False
23.9759 	EXP 	ITI: autoDraw = False
23.9759 	EXP 	left_image: autoDraw = False
23.9759 	EXP 	right_image: autoDraw = False
23.9759 	EXP 	left_stim: foreColor = <psychopy.colors.Color: blue, alpha=1.0>
23.9759 	EXP 	left_stim: height = 0.5
23.9759 	EXP 	left_stim: height = 0.5
23.9759 	EXP 	left_stim: height = 0.5
23.9759 	EXP 	left_stim: text = 'O'
23.9759 	EXP 	right_stim: foreColor = <psychopy.colors.Color: none, alpha=0.0>
23.9759 	EXP 	right_stim: height = 0.5
23.9759 	EXP 	right_stim: height = 0.5
23.9759 	EXP 	right_stim: height = 0.5
23.9759 	EXP 	right_stim: text = ''
23.9759 	EXP 	left_image: fillColor = <psychopy.colors.Color: blue, alpha=1.0>
23.9759 	EXP 	left_image: borderColor = <psychopy.colors.Color: blue, alpha=1.0>
23.9759 	EXP 	right_image: fillColor = <psychopy.colors.Color: none, alpha=0.0>
23.9759 	EXP 	right_image: borderColor = <psychopy.colors.Color: none, alpha=0.0>
23.9759 	EXP 	fixation_cross: autoDraw = True
23.9759 	EXP 	left_stim: autoDraw = True
23.9759 	EXP 	right_stim: autoDraw = True
23.9759 	EXP 	left_image: autoDraw = True
23.9759 	EXP 	right_image: autoDraw = True
25.4768 	EXP 	fixation_cross: autoDraw = False
25.4768 	EXP 	left_stim: autoDraw = False
25.4768 	EXP 	right_stim: autoDraw = False
25.4768 	EXP 	ITI: autoDraw = True
25.4768 	EXP 	left_image: autoDraw = False
25.4768 	EXP 	right_image: autoDraw = False
26.4756 	EXP 	ITI: autoDraw = False
26.4756 	EXP 	fixation_cross: autoDraw = False
26.4756 	EXP 	left_stim: autoDraw = False
26.4756 	EXP 	right_stim: autoDraw = False
26.4756 	EXP 	ITI: autoDraw = False
26.4756 	EXP 	left_image: autoDraw = False
26.4756 	EXP 	right_image: autoDraw = False
26.4756 	EXP 	text_norm_2: autoDraw = True
27.7472 	EXP 	Imported simon_task_order.csv as conditions, 4 conditions, 2 params
27.7475 	EXP 	Created sequence: sequential, trialTypes=4, nReps=2, seed=None
27.7476 	EXP 	New trial (rep=0, index=0): OrderedDict([('condition', 'incongruent'), ('stim', 'X')])
27.7542 	DATA 	Keypress: space
27.7585 	EXP 	text_norm_2: autoDraw = False
27.7585 	EXP 	left_stim: foreColor = <psychopy.colors.Color: red, alpha=1.0>
27.7585 	EXP 	left_stim: height = 0.5
27.7585 	EXP 	left_stim: height = 0.5
27.7585 	EXP 	left_stim: height = 0.5
27.7585 	EXP 	left_stim: text = 'X'
27.7585 	EXP 	right_stim: foreColor = <psychopy.colors.Color: none, alpha=0.0>
27.7585 	EXP 	right_stim: text = ''
27.7585 	EXP 	left_image: fillColor = <psychopy.colors.Color: red, alpha=1.0>
27.7585 	EXP 	left_image: borderColor = <psychopy.colors.Color: red, alpha=1.0>
27.7585 	EXP 	right_image: fillColor = <psychopy.colors.Color: none, alpha=0.0>
27.7585 	EXP 	right_image: borderColor = <psychopy.colors.Color: none, alpha=0.0>
27.7585 	EXP 	fixation_cross: autoDraw = True
27.7585 	EXP 	left_stim: autoDraw = True
27.7585 	EXP 	right_stim: autoDraw = True
27.7585 	EXP 	left_image: autoDraw = True
27.7585 	EXP 	right_image: autoDraw = True
29.2598 	EXP 	fixation_cross: autoDraw = False
29.2598 	EXP 	left_stim: autoDraw = False
29.2598 	EXP 	right_stim: autoDraw = False
29.2598 	EXP 	ITI: autoDraw = True
29.2598 	EXP 	left_image: autoDraw = False
29.2598 	EXP 	right_image: autoDraw = False
30.2443 	EXP 	New trial (rep=0, index=1): OrderedDict([('condition', 'congruent'), ('stim', 'X')])
30.2590 	EXP 	ITI: autoDraw = False
30.2590 	EXP 	fixation_cross: autoDraw = False
30.2590 	EXP 	left_stim: autoDraw = False
30.2590 	EXP 	right_stim: autoDraw = False
30.2590 	EXP 	ITI: autoDraw = False
30.2590 	EXP 	left_image: autoDraw = False
30.2590 	EXP 	right_image: autoDraw = False
30.2590 	EXP 	left_stim: foreColor = <psychopy.colors.Color: none, alpha=0.0>
30.2590 	EXP 	left_stim: height = 0.5
30.2590 	EXP 	left_stim: height = 0.5
30.2590 	EXP 	left_stim: height = 0.5
30.2590 	EXP 	left_stim: text = ''
30.2590 	EXP 	right_stim: foreColor = <psychopy.colors.Color: red, alpha=1.0>
30.2590 	EXP 	right_stim: height = 0.5
30.2590 	EXP 	right_stim: height = 0.5
30.2590 	EXP 	right_stim: height = 0.5
30.2590 	EXP 	right_stim: text = 'X'
30.2590 	EXP 	left_image: fillColor = <psychopy.colors.Color: none, alpha=0.0>
30.2590 	EXP 	left_image: borderColor = <psychopy.colors.Color: none, alpha=0.0>
30.2590 	EXP 	right_image: fillColor = <psychopy.colors.Color: red, alpha=1.0>
30.2590 	EXP 	right_image: borderColor = <psychopy.colors.Color: red, alpha=1.0>
30.2590 	EXP 	fixation_cross: autoDraw = True
30.2590 	EXP 	left_stim: autoDraw = True
30.2590 	EXP 	right_stim: autoDraw = True
30.2590 	EXP 	left_image: autoDraw = True
30.2590 	EXP 	right_image: autoDraw = True
31.7596 	EXP 	fixation_cross: autoDraw = False
31.7596 	EXP 	left_stim: autoDraw = False
31.7596 	EXP 	right_stim: autoDraw = False
31.7596 	EXP 	ITI: autoDraw = True
31.7596 	EXP 	left_image: autoDraw = False
31.7596 	EXP 	right_image: autoDraw = False
32.7432 	EXP 	New trial (rep=0, index=2): OrderedDict([('condition', 'incongruent'), ('stim', 'O')])
32.7589 	EXP 	ITI: autoDraw = False
32.7589 	EXP 	fixation_cross: autoDraw = False
32.7589 	EXP 	left_stim: autoDraw = False
32.7589 	EXP 	right_stim: autoDraw = False
32.7589 	EXP 	ITI: autoDraw = False
32.7589 	EXP 	left_image: autoDraw = False
32.7589 	EXP 	right_image: autoDraw = False
32.7589 	EXP 	left_stim: foreColor = <psychopy.colors.Color: none, alpha=0.0>
32.7589 	EXP 	left_stim: text = ''
32.7589 	EXP 	right_stim: foreColor = <psychopy.colors.Color: blue, alpha=1.0>
32.7589 	EXP 	right_stim: height = 0.5
32.7589 	EXP 	right_stim: height = 0.5
32.7589 	EXP 	right_stim: height = 0.5
32.7589 	EXP 	right_stim: text = 'O'
32.7589 	EXP 	left_image: fillColor = <psychopy.colors.Color: none, alpha=0.0>
32.7589 	EXP 	left_image: borderColor = <psychopy.colors.Color: none, alpha=0.0>
32.7589 	EXP 	right_image: fillColor = <psychopy.colors.Color: blue, alpha=1.0>
32.7589 	EXP 	right_image: borderColor = <psychopy.colors.Color: blue, alpha=1.0>
32.7589 	EXP 	fixation_cross: autoDraw = True
32.7589 	EXP 	left_stim: autoDraw = True
32.7589 	EXP 	right_stim: autoDraw = True
32.7589 	EXP 	left_image: autoDraw = True
32.7589 	EXP 	right_image: autoDraw = True
34.2592 	EXP 	fixation_cross: autoDraw = False
34.2592 	EXP 	left_stim: autoDraw = False
34.2592 	EXP 	right_stim: autoDraw = False
34.2592 	EXP 	ITI: autoDraw = True
34.2592 	EXP 	left_image: autoDraw = False
34.2592 	EXP 	right_image: autoDraw = False
35.2444 	EXP 	New trial (rep=0, index=3): OrderedDict([('condition', 'congruent'), ('stim', 'O')])
35.2746 	EXP 	ITI: autoDraw = False
35.2746 	EXP 	fixation_cross: autoDraw = False
35.2746 	EXP 	left_stim: autoDraw = False
35.2746 	EXP 	right_stim: autoDraw = False
35.2746 	EXP 	ITI: autoDraw = False
35.2746 	EXP 	left_image: autoDraw = False
35.2746 	EXP 	right_image: autoDraw = False
35.2746 	EXP 	left_stim: foreColor = <psychopy.colors.Color: blue, alpha=1.0>
35.2746 	EXP 	left_stim: height = 0.5
35.2746 	EXP 	left_stim: height = 0.5
35.2746 	EXP 	left_stim: height = 0.5
35.2746 	EXP 	left_stim: text = 'O'
35.2746 	EXP 	right_stim: foreColor = <psychopy.colors.Color: none, alpha=0.0>
35.2746 	EXP 	right_stim: height = 0.5
35.2746 	EXP 	right_stim: height = 0.5
35.2746 	EXP 	right_stim: height = 0.5
35.2746 	EXP 	right_stim: text = ''
35.2746 	EXP 	left_image: fillColor = <psychopy.colors.Color: blue, alpha=1.0>
35.2746 	EXP 	left_image: borderColor = <psychopy.colors.Color: blue, alpha=1.0>
35.2746 	EXP 	right_image: fillColor = <psychopy.colors.Color: none, alpha=0.0>
35.2746 	EXP 	right_image: borderColor = <psychopy.colors.Color: none, alpha=0.0>
35.2746 	EXP 	fixation_cross: autoDraw = True
35.2746 	EXP 	left_stim: autoDraw = True
35.2746 	EXP 	right_stim: autoDraw = True
35.2746 	EXP 	left_image: autoDraw = True
35.2746 	EXP 	right_image: autoDraw = True
36.7584 	EXP 	ITI: autoDraw = True
36.7754 	EXP 	fixation_cross: autoDraw = False
36.7754 	EXP 	left_stim: autoDraw = False
36.7754 	EXP 	right_stim: autoDraw = False
36.7754 	EXP 	left_image: autoDraw = False
36.7754 	EXP 	right_image: autoDraw = False
37.7431 	EXP 	New trial (rep=1, index=0): OrderedDict([('condition', 'incongruent'), ('stim', 'X')])
37.7589 	EXP 	ITI: autoDraw = False
37.7589 	EXP 	fixation_cross: autoDraw = False
37.7589 	EXP 	left_stim: autoDraw = False
37.7589 	EXP 	right_stim: autoDraw = False
37.7589 	EXP 	ITI: autoDraw = False
37.7589 	EXP 	left_image: autoDraw = False
37.7589 	EXP 	right_image: autoDraw = False
37.7589 	EXP 	left_stim: foreColor = <psychopy.colors.Color: red, alpha=1.0>
37.7589 	EXP 	left_stim: height = 0.5
37.7589 	EXP 	left_stim: height = 0.5
37.7589 	EXP 	left_stim: height = 0.5
37.7589 	EXP 	left_stim: text = 'X'
37.7589 	EXP 	right_stim: foreColor = <psychopy.colors.Color: none, alpha=0.0>
37.7589 	EXP 	right_stim: text = ''
37.7589 	EXP 	left_image: fillColor = <psychopy.colors.Color: red, alpha=1.0>
37.7589 	EXP 	left_image: borderColor = <psychopy.colors.Color: red, alpha=1.0>
37.7589 	EXP 	right_image: fillColor = <psychopy.colors.Color: none, alpha=0.0>
37.7589 	EXP 	right_image: borderColor = <psychopy.colors.Color: none, alpha=0.0>
37.7589 	EXP 	fixation_cross: autoDraw = True
37.7589 	EXP 	left_stim: autoDraw = True
37.7589 	EXP 	right_stim: autoDraw = True
37.7589 	EXP 	left_image: autoDraw = True
37.7589 	EXP 	right_image: autoDraw = True
39.2585 	EXP 	fixation_cross: autoDraw = False
39.2585 	EXP 	left_stim: autoDraw = False
39.2585 	EXP 	right_stim: autoDraw = False
39.2585 	EXP 	ITI: autoDraw = True
39.2585 	EXP 	left_image: autoDraw = False
39.2585 	EXP 	right_image: autoDraw = False
40.2433 	EXP 	New trial (rep=1, index=1): OrderedDict([('condition', 'congruent'), ('stim', 'X')])
40.2587 	EXP 	ITI: autoDraw = False
40.2587 	EXP 	fixation_cross: autoDraw = False
40.2587 	EXP 	left_stim: autoDraw = False
40.2587 	EXP 	right_stim: autoDraw = False
40.2587 	EXP 	ITI: autoDraw = False
40.2587 	EXP 	left_image: autoDraw = False
40.2587 	EXP 	right_image: autoDraw = False
40.2587 	EXP 	left_stim: foreColor = <psychopy.colors.Color: none, alpha=0.0>
40.2587 	EXP 	left_stim: height = 0.5
40.2587 	EXP 	left_stim: height = 0.5
40.2587 	EXP 	left_stim: height = 0.5
40.2587 	EXP 	left_stim: text = ''
40.2587 	EXP 	right_stim: foreColor = <psychopy.colors.Color: red, alpha=1.0>
40.2587 	EXP 	right_stim: height = 0.5
40.2587 	EXP 	right_stim: height = 0.5
40.2587 	EXP 	right_stim: height = 0.5
40.2587 	EXP 	right_stim: text = 'X'
40.2587 	EXP 	left_image: fillColor = <psychopy.colors.Color: none, alpha=0.0>
40.2587 	EXP 	left_image: borderColor = <psychopy.colors.Color: none, alpha=0.0>
40.2587 	EXP 	right_image: fillColor = <psychopy.colors.Color: red, alpha=1.0>
40.2587 	EXP 	right_image: borderColor = <psychopy.colors.Color: red, alpha=1.0>
40.2587 	EXP 	fixation_cross: autoDraw = True
40.2587 	EXP 	left_stim: autoDraw = True
40.2587 	EXP 	right_stim: autoDraw = True
40.2587 	EXP 	left_image: autoDraw = True
40.2587 	EXP 	right_image: autoDraw = True
41.7593 	EXP 	fixation_cross: autoDraw = False
41.7593 	EXP 	left_stim: autoDraw = False
41.7593 	EXP 	right_stim: autoDraw = False
41.7593 	EXP 	ITI: autoDraw = True
41.7593 	EXP 	left_image: autoDraw = False
41.7593 	EXP 	right_image: autoDraw = False
42.7440 	EXP 	New trial (rep=1, index=2): OrderedDict([('condition', 'incongruent'), ('stim', 'O')])
42.7583 	EXP 	ITI: autoDraw = False
42.7583 	EXP 	fixation_cross: autoDraw = False
42.7583 	EXP 	left_stim: autoDraw = False
42.7583 	EXP 	right_stim: autoDraw = False
42.7583 	EXP 	ITI: autoDraw = False
42.7583 	EXP 	left_image: autoDraw = False
42.7583 	EXP 	right_image: autoDraw = False
42.7583 	EXP 	left_stim: foreColor = <psychopy.colors.Color: none, alpha=0.0>
42.7583 	EXP 	left_stim: text = ''
42.7583 	EXP 	right_stim: foreColor = <psychopy.colors.Color: blue, alpha=1.0>
42.7583 	EXP 	right_stim: height = 0.5
42.7583 	EXP 	right_stim: height = 0.5
42.7583 	EXP 	right_stim: height = 0.5
42.7583 	EXP 	right_stim: text = 'O'
42.7583 	EXP 	left_image: fillColor = <psychopy.colors.Color: none, alpha=0.0>
42.7583 	EXP 	left_image: borderColor = <psychopy.colors.Color: none, alpha=0.0>
42.7583 	EXP 	right_image: fillColor = <psychopy.colors.Color: blue, alpha=1.0>
42.7583 	EXP 	right_image: borderColor = <psychopy.colors.Color: blue, alpha=1.0>
42.7583 	EXP 	fixation_cross: autoDraw = True
42.7583 	EXP 	left_stim: autoDraw = True
42.7583 	EXP 	right_stim: autoDraw = True
42.7583 	EXP 	left_image: autoDraw = True
42.7583 	EXP 	right_image: autoDraw = True
44.2590 	EXP 	fixation_cross: autoDraw = False
44.2590 	EXP 	left_stim: autoDraw = False
44.2590 	EXP 	right_stim: autoDraw = False
44.2590 	EXP 	ITI: autoDraw = True
44.2590 	EXP 	left_image: autoDraw = False
44.2590 	EXP 	right_image: autoDraw = False
45.2433 	EXP 	New trial (rep=1, index=3): OrderedDict([('condition', 'congruent'), ('stim', 'O')])
45.2582 	EXP 	ITI: autoDraw = False
45.2582 	EXP 	fixation_cross: autoDraw = False
45.2582 	EXP 	left_stim: autoDraw = False
45.2582 	EXP 	right_stim: autoDraw = False
45.2582 	EXP 	ITI: autoDraw = False
45.2582 	EXP 	left_image: autoDraw = False
45.2582 	EXP 	right_image: autoDraw = False
45.2582 	EXP 	left_stim: foreColor = <psychopy.colors.Color: blue, alpha=1.0>
45.2582 	EXP 	left_stim: height = 0.5
45.2582 	EXP 	left_stim: height = 0.5
45.2582 	EXP 	left_stim: height = 0.5
45.2582 	EXP 	left_stim: text = 'O'
45.2582 	EXP 	right_stim: foreColor = <psychopy.colors.Color: none, alpha=0.0>
45.2582 	EXP 	right_stim: height = 0.5
45.2582 	EXP 	right_stim: height = 0.5
45.2582 	EXP 	right_stim: height = 0.5
45.2582 	EXP 	right_stim: text = ''
45.2582 	EXP 	left_image: fillColor = <psychopy.colors.Color: blue, alpha=1.0>
45.2582 	EXP 	left_image: borderColor = <psychopy.colors.Color: blue, alpha=1.0>
45.2582 	EXP 	right_image: fillColor = <psychopy.colors.Color: none, alpha=0.0>
45.2582 	EXP 	right_image: borderColor = <psychopy.colors.Color: none, alpha=0.0>
45.2582 	EXP 	fixation_cross: autoDraw = True
45.2582 	EXP 	left_stim: autoDraw = True
45.2582 	EXP 	right_stim: autoDraw = True
45.2582 	EXP 	left_image: autoDraw = True
45.2582 	EXP 	right_image: autoDraw = True
46.7580 	EXP 	fixation_cross: autoDraw = False
46.7580 	EXP 	left_stim: autoDraw = False
46.7580 	EXP 	right_stim: autoDraw = False
46.7580 	EXP 	ITI: autoDraw = True
46.7580 	EXP 	left_image: autoDraw = False
46.7580 	EXP 	right_image: autoDraw = False
47.7588 	EXP 	ITI: autoDraw = False
47.7588 	EXP 	fixation_cross: autoDraw = False
47.7588 	EXP 	left_stim: autoDraw = False
47.7588 	EXP 	right_stim: autoDraw = False
47.7588 	EXP 	ITI: autoDraw = False
47.7588 	EXP 	left_image: autoDraw = False
47.7588 	EXP 	right_image: autoDraw = False
47.7589 	EXP 	simon_task: status = STOPPED
47.8431 	EXP 	window1: mouseVisible = True
